[0.010s] Invoking command in '/home/a/uav/build/my_uav': /usr/bin/cmake --build /home/a/uav/build/my_uav -- -j2 -l2
[0.033s] -- Found ament_cmake: 1.1.6 (/opt/ros/galactic/share/ament_cmake/cmake)
[0.054s] -- Using PYTHON_EXECUTABLE: /usr/bin/python3
[0.178s] Traceback (most recent call last):
[0.178s]   File "/opt/ros/galactic/share/ament_cmake_core/cmake/package_templates/templates_2_cmake.py", line 21, in <module>
[0.178s]     from ament_package.templates import get_environment_hook_template_path
[0.178s] ModuleNotFoundError: No module named 'ament_package'
[0.195s] CMake Error at /opt/ros/galactic/share/ament_cmake_core/cmake/ament_cmake_package_templates-extras.cmake:41 (message):
[0.195s]   execute_process(/usr/bin/python3
[0.195s]   /opt/ros/galactic/share/ament_cmake_core/cmake/package_templates/templates_2_cmake.py
[0.195s]   /home/a/uav/build/my_uav/ament_cmake_package_templates/templates.cmake)
[0.195s]   returned error code 1
[0.195s] Call Stack (most recent call first):
[0.195s]   /opt/ros/galactic/share/ament_cmake_core/cmake/ament_cmake_coreConfig.cmake:41 (include)
[0.195s]   /opt/ros/galactic/share/ament_cmake/cmake/ament_cmake_export_dependencies-extras.cmake:15 (find_package)
[0.195s]   /opt/ros/galactic/share/ament_cmake/cmake/ament_cmakeConfig.cmake:41 (include)
[0.195s]   CMakeLists.txt:9 (find_package)
[0.195s] 
[0.195s] 
[0.195s] -- Configuring incomplete, errors occurred!
[0.196s] See also "/home/a/uav/build/my_uav/CMakeFiles/CMakeOutput.log".
[0.196s] See also "/home/a/uav/build/my_uav/CMakeFiles/CMakeError.log".
[0.197s] make: *** [Makefile:706：cmake_check_build_system] 错误 1
[0.199s] Invoked command in '/home/a/uav/build/my_uav' returned '2': /usr/bin/cmake --build /home/a/uav/build/my_uav -- -j2 -l2
