[  7%] Built target my_uav_node
[ 14%] Built target offboard_control_mode
[ 21%] Built target commander
[ 28%] Built target frame_transforms
[35m[1mScanning dependencies of target arm[0m
[ 35%] Built target offboard_control
[ 39%] [32mBuilding CXX object CMakeFiles/arm.dir/src/examples/offboard/arm.cpp.o[0m
[ 46%] Built target sensor_combined_listener
[ 53%] Built target vehicle_gps_position_listener
[ 60%] Built target debug_vect_advertiser
[35m[1mScanning dependencies of target trajectory_setpoint[0m
[ 64%] [32mBuilding CXX object CMakeFiles/trajectory_setpoint.dir/src/examples/offboard/trajectory_setpoint.cpp.o[0m
[ 67%] [32m[1mLinking CXX executable trajectory_setpoint[0m
[ 67%] Built target trajectory_setpoint
[35m[1mScanning dependencies of target vel_yaw[0m
[ 71%] [32mBuilding CXX object CMakeFiles/vel_yaw.dir/src/examples/offboard/vel_yaw.cpp.o[0m
[ 75%] [32m[1mLinking CXX executable vel_yaw[0m
[ 78%] [32m[1mLinking CXX executable arm[0m
[ 78%] Built target vel_yaw
[ 85%] Built target vehicle_attitude_listener
[35m[1mScanning dependencies of target rates_setpoint[0m
[ 89%] [32mBuilding CXX object CMakeFiles/rates_setpoint.dir/src/examples/offboard/rates_setpoint.cpp.o[0m
[ 89%] Built target arm
[35m[1mScanning dependencies of target offboard_position_control[0m
[ 92%] [32mBuilding CXX object CMakeFiles/offboard_position_control.dir/src/examples/offboard/offboard_position_control.cpp.o[0m
[01m[K/home/a/ros2_ws/src/px4_ros_com/src/examples/offboard/offboard_position_control.cpp:[m[K In member function ‘[01m[Kvoid OffboardControl::publish_vehicle_command(uint16_t, float, float)[m[K’:
[01m[K/home/a/ros2_ws/src/px4_ros_com/src/examples/offboard/offboard_position_control.cpp:237:38:[m[K [01;31m[Kerror: [m[K‘[01m[KVehicleStatus[m[K’ is not a member of ‘[01m[Kpx4_msgs::msg[m[K’
  237 |  rclcpp::Subscription<px4_msgs::msg::[01;31m[KVehicleStatus[m[K>::SharedPtr subscription_;
      |                                      [01;31m[K^~~~~~~~~~~~~[m[K
[01m[K/home/a/ros2_ws/src/px4_ros_com/src/examples/offboard/offboard_position_control.cpp:237:51:[m[K [01;31m[Kerror: [m[Ktemplate argument 1 is invalid
  237 |  rclcpp::Subscription<px4_msgs::msg::VehicleStatus[01;31m[K>[m[K::SharedPtr subscription_;
      |                                                   [01;31m[K^[m[K
[01m[K/home/a/ros2_ws/src/px4_ros_com/src/examples/offboard/offboard_position_control.cpp:237:51:[m[K [01;31m[Kerror: [m[Ktemplate argument 3 is invalid
[01m[K/home/a/ros2_ws/src/px4_ros_com/src/examples/offboard/offboard_position_control.cpp:237:64:[m[K [01;31m[Kerror: [m[Kexpected initializer before ‘[01m[Ksubscription_[m[K’
  237 |  rclcpp::Subscription<px4_msgs::msg::VehicleStatus>::SharedPtr [01;31m[Ksubscription_[m[K;
      |                                                                [01;31m[K^~~~~~~~~~~~~[m[K
[01m[K/home/a/ros2_ws/src/px4_ros_com/src/examples/offboard/offboard_position_control.cpp:241:2:[m[K [01;31m[Kerror: [m[K‘[01m[Ksubscription_[m[K’ was not declared in this scope; did you mean ‘[01m[Krcl_subscription_t[m[K’?
  241 |  [01;31m[Ksubscription_[m[K = this->create_subscription<px4_msgs::msg::VehicleStatus>(VehicleStatus_topic, qos,
      |  [01;31m[K^~~~~~~~~~~~~[m[K
      |  [32m[Krcl_subscription_t[m[K
[01m[K/home/a/ros2_ws/src/px4_ros_com/src/examples/offboard/offboard_position_control.cpp:241:59:[m[K [01;31m[Kerror: [m[K‘[01m[KVehicleStatus[m[K’ is not a member of ‘[01m[Kpx4_msgs::msg[m[K’
  241 |  subscription_ = this->create_subscription<px4_msgs::msg::[01;31m[KVehicleStatus[m[K>(VehicleStatus_topic, qos,
      |                                                           [01;31m[K^~~~~~~~~~~~~[m[K
[01m[K/home/a/ros2_ws/src/px4_ros_com/src/examples/offboard/offboard_position_control.cpp:242:36:[m[K [01;31m[Kerror: [m[K‘[01m[KVehicleStatus[m[K’ in namespace ‘[01m[Kpx4_msgs::msg[m[K’ does not name a type
  242 |  [this, &msg](const px4_msgs::msg::[01;31m[KVehicleStatus[m[K::UniquePtr msg2) {
      |                                    [01;31m[K^~~~~~~~~~~~~[m[K
[01m[K/home/a/ros2_ws/src/px4_ros_com/src/examples/offboard/offboard_position_control.cpp:[m[K In lambda function:
[01m[K/home/a/ros2_ws/src/px4_ros_com/src/examples/offboard/offboard_position_control.cpp:247:4:[m[K [01;31m[Kerror: [m[Kexpected ‘[01m[K{[m[K’ before ‘[01m[K;[m[K’ token
  247 |  })[01;31m[K;[m[K
      |    [01;31m[K^[m[K
[01m[K/home/a/ros2_ws/src/px4_ros_com/src/examples/offboard/offboard_position_control.cpp:[m[K In member function ‘[01m[Kvoid OffboardControl::publish_vehicle_command(uint16_t, float, float)[m[K’:
[01m[K/home/a/ros2_ws/src/px4_ros_com/src/examples/offboard/offboard_position_control.cpp:247:4:[m[K [01;31m[Kerror: [m[Kexpected ‘[01m[K)[m[K’ before ‘[01m[K;[m[K’ token
  247 |  })[01;31m[K;[m[K
      |    [01;31m[K^[m[K
      |    [32m[K)[m[K
[01m[K/home/a/ros2_ws/src/px4_ros_com/src/examples/offboard/offboard_position_control.cpp:241:73:[m[K [01;36m[Knote: [m[Kto match this ‘[01m[K([m[K’
  241 |  subscription_ = this->create_subscription<px4_msgs::msg::VehicleStatus>[01;36m[K([m[KVehicleStatus_topic, qos,
      |                                                                         [01;36m[K^[m[K
make[2]: *** [CMakeFiles/offboard_position_control.dir/build.make:63：CMakeFiles/offboard_position_control.dir/src/examples/offboard/offboard_position_control.cpp.o] 错误 1
make[1]: *** [CMakeFiles/Makefile2:509：CMakeFiles/offboard_position_control.dir/all] 错误 2
make[1]: *** 正在等待未完成的任务....
[ 96%] [32m[1mLinking CXX executable rates_setpoint[0m
[ 96%] Built target rates_setpoint
make: *** [Makefile:141：all] 错误 2
