[0.016s] Invoking command in '/home/a/ros2_ws/build/px4_ros_com': AMENT_PREFIX_PATH=/home/a/ros2_ws/install/px4_msgs:${AMENT_PREFIX_PATH} CMAKE_PREFIX_PATH=/home/a/ros2_ws/install/px4_msgs:/opt/ros/galactic LD_LIBRARY_PATH=/home/a/ros2_ws/install/px4_msgs/lib:${LD_LIBRARY_PATH} PYTHONPATH=/home/a/ros2_ws/install/px4_msgs/lib/python3.8/site-packages:${PYTHONPATH} /usr/bin/cmake --build /home/a/ros2_ws/build/px4_ros_com -- -j2 -l2
[0.044s] -- Found ament_cmake: 1.1.6 (/opt/ros/galactic/share/ament_cmake/cmake)
[0.062s] -- Using PYTHON_EXECUTABLE: /usr/bin/python3
[0.110s] -- Found builtin_interfaces: 1.0.3 (/opt/ros/galactic/share/builtin_interfaces/cmake)
[0.128s] -- Using all available rosidl_typesupport_c: rosidl_typesupport_fastrtps_c;rosidl_typesupport_introspection_c
[0.130s] -- Found rosidl_adapter: 2.2.3 (/opt/ros/galactic/share/rosidl_adapter/cmake)
[0.230s] -- Using all available rosidl_typesupport_cpp: rosidl_typesupport_fastrtps_cpp;rosidl_typesupport_introspection_cpp
[0.255s] -- Found eigen3_cmake_module: 0.1.1 (/opt/ros/galactic/share/eigen3_cmake_module/cmake)
[0.258s] -- Found Eigen3: TRUE (found version "3.3.7") 
[0.258s] -- Found geometry_msgs: 2.2.4 (/opt/ros/galactic/share/geometry_msgs/cmake)
[0.310s] -- Found px4_msgs: 2.0.1 (/home/a/ros2_ws/install/px4_msgs/share/px4_msgs/cmake)
[0.324s] -- Found rclcpp: 9.2.2 (/opt/ros/galactic/share/rclcpp/cmake)
[0.364s] -- Found rmw_implementation_cmake: 3.3.1 (/opt/ros/galactic/share/rmw_implementation_cmake/cmake)
[0.366s] -- Found rmw_cyclonedds_cpp: 0.22.6 (/opt/ros/galactic/share/rmw_cyclonedds_cpp/cmake)
[0.381s] -- Using RMW implementation 'rmw_cyclonedds_cpp' as default
[0.634s] -- Found sensor_msgs: 2.2.4 (/opt/ros/galactic/share/sensor_msgs/cmake)
[0.742s] -- Found rclpy: 1.9.3 (/opt/ros/galactic/share/rclpy/cmake)
[0.752s] -- Found ament_lint_auto: 0.10.7 (/opt/ros/galactic/share/ament_lint_auto/cmake)
[0.852s] -- Added test 'copyright' to check source files copyright and LICENSE
[0.856s] -- Added test 'cppcheck' to perform static code analysis on C / C++ code
[0.856s] -- Configured cppcheck include dirs: /home/a/ros2_ws/src/px4_ros_com/include;$<BUILD_INTERFACE:/home/a/ros2_ws/src/px4_ros_com/include/px4_ros_com>
[0.856s] -- Configured cppcheck exclude dirs and/or files: 
[0.859s] -- Added test 'cpplint' to check C / C++ code against the Google style
[0.859s] -- Configured cpplint exclude dirs and/or files: 
[0.860s] -- Added test 'flake8' to check Python code syntax and style conventions
[0.862s] -- Added test 'lint_cmake' to check CMake code style
[0.863s] -- Added test 'pep257' to check Python code against some of the style conventions in PEP 257
[0.866s] -- Added test 'uncrustify' to check C / C++ code style
[0.867s] -- Configured uncrustify additional arguments: 
[0.867s] -- Added test 'xmllint' to check XML markup files
[0.871s] -- Configuring done
[0.905s] -- Generating done
[0.920s] -- Build files have been written to: /home/a/ros2_ws/build/px4_ros_com
[0.954s] [35m[1mScanning dependencies of target offboard_control_srv[0m
[0.957s] [35m[1mScanning dependencies of target frame_transforms[0m
[0.983s] [  8%] [32mBuilding CXX object CMakeFiles/frame_transforms.dir/src/lib/frame_transforms.cpp.o[0m
[0.995s] [ 16%] [32mBuilding CXX object CMakeFiles/offboard_control_srv.dir/src/examples/offboard/offboard_control_srv.cpp.o[0m
[1.059s] [01m[K/home/a/ros2_ws/src/px4_ros_com/src/examples/offboard/offboard_control_srv.cpp:45:10:[m[K [01;31m[Kfatal error: [m[Kpx4_msgs/srv/vehicle_command.hpp: Ê≤°ÊúâÈÇ£‰∏™Êñá‰ª∂ÊàñÁõÆÂΩï
[1.059s]    45 | #include [01;31m[K<px4_msgs/srv/vehicle_command.hpp>[m[K
[1.060s]       |          [01;31m[K^~~~~~~~~~~~~~~~~~~~~~~~~~~~~~~~~~[m[K
[1.060s] compilation terminated.
[1.061s] make[2]: *** [CMakeFiles/offboard_control_srv.dir/build.make:63ÔºöCMakeFiles/offboard_control_srv.dir/src/examples/offboard/offboard_control_srv.cpp.o] ÈîôËØØ 1
[1.061s] make[1]: *** [CMakeFiles/Makefile2:91ÔºöCMakeFiles/offboard_control_srv.dir/all] ÈîôËØØ 2
[1.061s] make[1]: *** Ê≠£Âú®Á≠âÂæÖÊú™ÂÆåÊàêÁöÑ‰ªªÂä°....
[6.080s] [ 25%] [32m[1mLinking CXX shared library libframe_transforms.so[0m
[6.255s] [ 25%] Built target frame_transforms
[6.256s] make: *** [Makefile:141Ôºöall] ÈîôËØØ 2
[6.260s] Invoked command in '/home/a/ros2_ws/build/px4_ros_com' returned '2': AMENT_PREFIX_PATH=/home/a/ros2_ws/install/px4_msgs:${AMENT_PREFIX_PATH} CMAKE_PREFIX_PATH=/home/a/ros2_ws/install/px4_msgs:/opt/ros/galactic LD_LIBRARY_PATH=/home/a/ros2_ws/install/px4_msgs/lib:${LD_LIBRARY_PATH} PYTHONPATH=/home/a/ros2_ws/install/px4_msgs/lib/python3.8/site-packages:${PYTHONPATH} /usr/bin/cmake --build /home/a/ros2_ws/build/px4_ros_com -- -j2 -l2
