[01m[K/home/a/ros2_ws/src/px4_ros_com/src/examples/listeners/vehicle_gps_position_listener.cpp:[m[K In lambda function:
[01m[K/home/a/ros2_ws/src/px4_ros_com/src/examples/listeners/vehicle_gps_position_listener.cpp:60:33:[m[K [01;31m[Kerror: [m[K‘[01m[Kstruct px4_msgs::msg::SensorGps_<std::allocator<void> >[m[K’ has no member named ‘[01m[Klat[m[K’
   60 |    std::cout << "lat: " << msg->[01;31m[Klat[m[K  << std::endl;
      |                                 [01;31m[K^~~[m[K
[01m[K/home/a/ros2_ws/src/px4_ros_com/src/examples/listeners/vehicle_gps_position_listener.cpp:61:33:[m[K [01;31m[Kerror: [m[K‘[01m[Kstruct px4_msgs::msg::SensorGps_<std::allocator<void> >[m[K’ has no member named ‘[01m[Klon[m[K’
   61 |    std::cout << "lon: " << msg->[01;31m[Klon[m[K << std::endl;
      |                                 [01;31m[K^~~[m[K
[01m[K/home/a/ros2_ws/src/px4_ros_com/src/examples/listeners/vehicle_gps_position_listener.cpp:62:33:[m[K [01;31m[Kerror: [m[K‘[01m[Kstruct px4_msgs::msg::SensorGps_<std::allocator<void> >[m[K’ has no member named ‘[01m[Kalt[m[K’
   62 |    std::cout << "alt: " << msg->[01;31m[Kalt[m[K  << std::endl;
      |                                 [01;31m[K^~~[m[K
[01m[K/home/a/ros2_ws/src/px4_ros_com/src/examples/listeners/vehicle_gps_position_listener.cpp:63:43:[m[K [01;31m[Kerror: [m[K‘[01m[Kstruct px4_msgs::msg::SensorGps_<std::allocator<void> >[m[K’ has no member named ‘[01m[Kalt_ellipsoid[m[K’; did you mean ‘[01m[Kaltitude_ellipsoid_m[m[K’?
   63 |    std::cout << "alt_ellipsoid: " << msg->[01;31m[Kalt_ellipsoid[m[K << std::endl;
      |                                           [01;31m[K^~~~~~~~~~~~~[m[K
      |                                           [32m[Kaltitude_ellipsoid_m[m[K
make[2]: *** [CMakeFiles/vehicle_gps_position_listener.dir/build.make:63：CMakeFiles/vehicle_gps_position_listener.dir/src/examples/listeners/vehicle_gps_position_listener.cpp.o] 错误 1
make[1]: *** [CMakeFiles/Makefile2:140：CMakeFiles/vehicle_gps_position_listener.dir/all] 错误 2
make[1]: *** 正在等待未完成的任务....
make: *** [Makefile:141：all] 错误 2
