[0.014s] Invoking command in '/home/a/ros2_ws/build/px4_ros_com': AMENT_PREFIX_PATH=/home/a/ros2_ws/install/px4_msgs:${AMENT_PREFIX_PATH} CMAKE_PREFIX_PATH=/home/a/ros2_ws/install/px4_msgs:/opt/ros/galactic LD_LIBRARY_PATH=/home/a/ros2_ws/install/px4_msgs/lib:${LD_LIBRARY_PATH} PYTHONPATH=/home/a/ros2_ws/install/px4_msgs/lib/python3.8/site-packages:${PYTHONPATH} /usr/bin/cmake --build /home/a/ros2_ws/build/px4_ros_com -- -j2 -l2
[0.041s] -- Found ament_cmake: 1.1.6 (/opt/ros/galactic/share/ament_cmake/cmake)
[0.063s] -- Using PYTHON_EXECUTABLE: /usr/bin/python3
[0.120s] -- Found builtin_interfaces: 1.0.3 (/opt/ros/galactic/share/builtin_interfaces/cmake)
[0.137s] -- Using all available rosidl_typesupport_c: rosidl_typesupport_fastrtps_c;rosidl_typesupport_introspection_c
[0.140s] -- Found rosidl_adapter: 2.2.3 (/opt/ros/galactic/share/rosidl_adapter/cmake)
[0.245s] -- Using all available rosidl_typesupport_cpp: rosidl_typesupport_fastrtps_cpp;rosidl_typesupport_introspection_cpp
[0.267s] -- Found eigen3_cmake_module: 0.1.1 (/opt/ros/galactic/share/eigen3_cmake_module/cmake)
[0.268s] -- Found geometry_msgs: 2.2.4 (/opt/ros/galactic/share/geometry_msgs/cmake)
[0.314s] -- Found px4_msgs: 2.0.1 (/home/a/ros2_ws/install/px4_msgs/share/px4_msgs/cmake)
[0.328s] -- Found rclcpp: 9.2.2 (/opt/ros/galactic/share/rclcpp/cmake)
[0.364s] -- Found rmw_implementation_cmake: 3.3.1 (/opt/ros/galactic/share/rmw_implementation_cmake/cmake)
[0.365s] -- Found rmw_cyclonedds_cpp: 0.22.6 (/opt/ros/galactic/share/rmw_cyclonedds_cpp/cmake)
[0.381s] -- Using RMW implementation 'rmw_cyclonedds_cpp' as default
[0.494s] -- Found sensor_msgs: 2.2.4 (/opt/ros/galactic/share/sensor_msgs/cmake)
[0.560s] -- Found ament_lint_auto: 0.10.7 (/opt/ros/galactic/share/ament_lint_auto/cmake)
[0.616s] -- Added test 'copyright' to check source files copyright and LICENSE
[0.619s] -- Added test 'cppcheck' to perform static code analysis on C / C++ code
[0.620s] -- Configured cppcheck include dirs: /home/a/ros2_ws/src/px4_ros_com/include;$<BUILD_INTERFACE:/home/a/ros2_ws/src/px4_ros_com/include/px4_ros_com>
[0.620s] -- Configured cppcheck exclude dirs and/or files: 
[0.623s] -- Added test 'cpplint' to check C / C++ code against the Google style
[0.624s] -- Configured cpplint exclude dirs and/or files: 
[0.625s] -- Added test 'flake8' to check Python code syntax and style conventions
[0.626s] -- Added test 'lint_cmake' to check CMake code style
[0.627s] -- Added test 'pep257' to check Python code against some of the style conventions in PEP 257
[0.629s] -- Added test 'uncrustify' to check C / C++ code style
[0.629s] -- Configured uncrustify additional arguments: 
[0.630s] -- Added test 'xmllint' to check XML markup files
[0.633s] -- Configuring done
[0.652s] -- Generating done
[0.663s] -- Build files have been written to: /home/a/ros2_ws/build/px4_ros_com
[0.688s] [35m[1mScanning dependencies of target offboard_control[0m
[0.702s] [ 20%] Built target frame_transforms
[0.713s] [35m[1mScanning dependencies of target vehicle_gps_position_listener[0m
[0.717s] [ 30%] [32mBuilding CXX object CMakeFiles/offboard_control.dir/src/examples/offboard/offboard_control.cpp.o[0m
[0.745s] [ 40%] [32mBuilding CXX object CMakeFiles/vehicle_gps_position_listener.dir/src/examples/listeners/vehicle_gps_position_listener.cpp.o[0m
[2.584s] [01m[K/home/a/ros2_ws/src/px4_ros_com/src/examples/listeners/vehicle_gps_position_listener.cpp:[m[K In lambda function:
[2.584s] [01m[K/home/a/ros2_ws/src/px4_ros_com/src/examples/listeners/vehicle_gps_position_listener.cpp:60:33:[m[K [01;31m[Kerror: [m[K‘[01m[Kstruct px4_msgs::msg::SensorGps_<std::allocator<void> >[m[K’ has no member named ‘[01m[Klat[m[K’
[2.584s]    60 |    std::cout << "lat: " << msg->[01;31m[Klat[m[K  << std::endl;
[2.584s]       |                                 [01;31m[K^~~[m[K
[2.584s] [01m[K/home/a/ros2_ws/src/px4_ros_com/src/examples/listeners/vehicle_gps_position_listener.cpp:61:33:[m[K [01;31m[Kerror: [m[K‘[01m[Kstruct px4_msgs::msg::SensorGps_<std::allocator<void> >[m[K’ has no member named ‘[01m[Klon[m[K’
[2.584s]    61 |    std::cout << "lon: " << msg->[01;31m[Klon[m[K << std::endl;
[2.584s]       |                                 [01;31m[K^~~[m[K
[2.585s] [01m[K/home/a/ros2_ws/src/px4_ros_com/src/examples/listeners/vehicle_gps_position_listener.cpp:62:33:[m[K [01;31m[Kerror: [m[K‘[01m[Kstruct px4_msgs::msg::SensorGps_<std::allocator<void> >[m[K’ has no member named ‘[01m[Kalt[m[K’
[2.585s]    62 |    std::cout << "alt: " << msg->[01;31m[Kalt[m[K  << std::endl;
[2.585s]       |                                 [01;31m[K^~~[m[K
[2.585s] [01m[K/home/a/ros2_ws/src/px4_ros_com/src/examples/listeners/vehicle_gps_position_listener.cpp:63:43:[m[K [01;31m[Kerror: [m[K‘[01m[Kstruct px4_msgs::msg::SensorGps_<std::allocator<void> >[m[K’ has no member named ‘[01m[Kalt_ellipsoid[m[K’; did you mean ‘[01m[Kaltitude_ellipsoid_m[m[K’?
[2.585s]    63 |    std::cout << "alt_ellipsoid: " << msg->[01;31m[Kalt_ellipsoid[m[K << std::endl;
[2.585s]       |                                           [01;31m[K^~~~~~~~~~~~~[m[K
[2.585s]       |                                           [32m[Kaltitude_ellipsoid_m[m[K
[4.498s] make[2]: *** [CMakeFiles/vehicle_gps_position_listener.dir/build.make:63：CMakeFiles/vehicle_gps_position_listener.dir/src/examples/listeners/vehicle_gps_position_listener.cpp.o] 错误 1
[4.498s] make[1]: *** [CMakeFiles/Makefile2:140：CMakeFiles/vehicle_gps_position_listener.dir/all] 错误 2
[4.498s] make[1]: *** 正在等待未完成的任务....
[5.384s] [ 50%] [32m[1mLinking CXX executable offboard_control[0m
[5.563s] [ 50%] Built target offboard_control
[5.565s] make: *** [Makefile:141：all] 错误 2
[5.566s] Invoked command in '/home/a/ros2_ws/build/px4_ros_com' returned '2': AMENT_PREFIX_PATH=/home/a/ros2_ws/install/px4_msgs:${AMENT_PREFIX_PATH} CMAKE_PREFIX_PATH=/home/a/ros2_ws/install/px4_msgs:/opt/ros/galactic LD_LIBRARY_PATH=/home/a/ros2_ws/install/px4_msgs/lib:${LD_LIBRARY_PATH} PYTHONPATH=/home/a/ros2_ws/install/px4_msgs/lib/python3.8/site-packages:${PYTHONPATH} /usr/bin/cmake --build /home/a/ros2_ws/build/px4_ros_com -- -j2 -l2
