[0.015s] Invoking command in '/home/a/uav/build/my_uav': /usr/bin/cmake --build /home/a/uav/build/my_uav -- -j2 -l2
[0.070s] [  4%] [32mBuilding CXX object CMakeFiles/uav_control_node.dir/src/uav_control_node.cpp.o[0m
[0.080s] [ 13%] Built target image_sub
[0.117s] [ 22%] Built target internlm_m_node
[0.153s] [ 31%] Built target internvl
[0.193s] [ 40%] Built target internlm_m_listener
[0.211s] [35m[1mScanning dependencies of target internvl_p[0m
[0.255s] [ 45%] [32mBuilding CXX object CMakeFiles/internvl_p.dir/src/internvl_p.cpp.o[0m
[2.107s] [01m[K/home/a/uav/src/my_uav/src/uav_control_node.cpp:[m[K In member function â€˜[01m[Kstd::string UAVControlNode::parse_model_reply(const string&)[m[Kâ€™:
[2.107s] [01m[K/home/a/uav/src/my_uav/src/uav_control_node.cpp:61:4:[m[K [01;31m[Kerror: [m[Kâ€˜[01m[Knlohmann[m[Kâ€™ has not been declared
[2.107s]    61 |    [01;31m[Knlohmann[m[K::json parsed = nlohmann::json::parse(ai_reply);
[2.108s]       |    [01;31m[K^~~~~~~~[m[K
[2.109s] [01m[K/home/a/uav/src/my_uav/src/uav_control_node.cpp:63:8:[m[K [01;31m[Kerror: [m[Kâ€˜[01m[Kparsed[m[Kâ€™ was not declared in this scope
[2.110s]    63 |    if ([01;31m[Kparsed[m[K.contains("px4_command")) {
[2.110s]       |        [01;31m[K^~~~~~[m[K
[2.110s] [01m[K/home/a/uav/src/my_uav/src/uav_control_node.cpp:59:51:[m[K [01;35m[Kwarning: [m[Kunused parameter â€˜[01m[Kai_reply[m[Kâ€™ [[01;35m[K-Wunused-parameter[m[K]
[2.110s]    59 |  std::string parse_model_reply([01;35m[Kconst std::string& ai_reply[m[K) {
[2.110s]       |                                [01;35m[K~~~~~~~~~~~~~~~~~~~^~~~~~~~[m[K
[3.019s] make[2]: *** [CMakeFiles/uav_control_node.dir/build.make:63ï¼šCMakeFiles/uav_control_node.dir/src/uav_control_node.cpp.o] é”™è¯¯ 1
[3.019s] make[1]: *** [CMakeFiles/Makefile2:152ï¼šCMakeFiles/uav_control_node.dir/all] é”™è¯¯ 2
[3.019s] make[1]: *** æ­£åœ¨ç­‰å¾…æœªå®Œæˆçš„ä»»åŠ¡....
[15.635s] [ 50%] [32m[1mLinking CXX executable internvl_p[0m
[17.041s] [ 50%] Built target internvl_p
[17.042s] make: *** [Makefile:141ï¼šall] é”™è¯¯ 2
[17.044s] Invoked command in '/home/a/uav/build/my_uav' returned '2': /usr/bin/cmake --build /home/a/uav/build/my_uav -- -j2 -l2
