[01m[K/home/a/ros2_ws/src/px4_ros_com/src/examples/offboard/msgsub_test.cpp:24:24:[m[K [01;31m[Kerror: [m[Kâ€˜[01m[Ktutorial_interfaces[m[Kâ€™ was not declared in this scope; did you mean â€˜[01m[Krcl_interfaces[m[Kâ€™?
   24 |   rclcpp::Subscription<[01;31m[Ktutorial_interfaces[m[K::msg::Num>::SharedPtr subscription_;
      |                        [01;31m[K^~~~~~~~~~~~~~~~~~~[m[K
      |                        [32m[Krcl_interfaces[m[K
[01m[K/home/a/ros2_ws/src/px4_ros_com/src/examples/offboard/msgsub_test.cpp:24:53:[m[K [01;31m[Kerror: [m[Ktemplate argument 1 is invalid
   24 |   rclcpp::Subscription<tutorial_interfaces::msg::Num[01;31m[K>[m[K::SharedPtr subscription_;
      |                                                     [01;31m[K^[m[K
[01m[K/home/a/ros2_ws/src/px4_ros_com/src/examples/offboard/msgsub_test.cpp:24:53:[m[K [01;31m[Kerror: [m[Ktemplate argument 3 is invalid
[01m[K/home/a/ros2_ws/src/px4_ros_com/src/examples/offboard/msgsub_test.cpp:24:56:[m[K [01;31m[Kerror: [m[Kexpected â€˜[01m[K;[m[Kâ€™ at end of member declaration
   24 |   rclcpp::Subscription<tutorial_interfaces::msg::Num>::[01;31m[KSharedPtr[m[K subscription_;
      |                                                        [01;31m[K^~~~~~~~~[m[K
      |                                                                 [32m[K;[m[K
[01m[K/home/a/ros2_ws/src/px4_ros_com/src/examples/offboard/msgsub_test.cpp:24:66:[m[K [01;31m[Kerror: [m[Kâ€˜[01m[Ksubscription_[m[Kâ€™ does not name a type; did you mean â€˜[01m[Krcl_subscription_t[m[Kâ€™?
   24 | rclcpp::Subscription<tutorial_interfaces::msg::Num>::SharedPtr [01;31m[Ksubscription_[m[K;
      |                                                                [01;31m[K^~~~~~~~~~~~~[m[K
      |                                                                [32m[Krcl_subscription_t[m[K
[01m[K/home/a/ros2_ws/src/px4_ros_com/src/examples/offboard/msgsub_test.cpp:[m[K In constructor â€˜[01m[KMinimalSubscriber::MinimalSubscriber()[m[Kâ€™:
[01m[K/home/a/ros2_ws/src/px4_ros_com/src/examples/offboard/msgsub_test.cpp:15:5:[m[K [01;31m[Kerror: [m[Kâ€˜[01m[Ksubscription_[m[Kâ€™ was not declared in this scope; did you mean â€˜[01m[Krcl_subscription_t[m[Kâ€™?
   15 |     [01;31m[Ksubscription_[m[K = this->create_subscription<my_msg::msg::Position>(
      |     [01;31m[K^~~~~~~~~~~~~[m[K
      |     [32m[Krcl_subscription_t[m[K
make[2]: *** [CMakeFiles/msgsub_test.dir/build.make:63ï¼šCMakeFiles/msgsub_test.dir/src/examples/offboard/msgsub_test.cpp.o] é”™è¯¯ 1
make[1]: *** [CMakeFiles/Makefile2:600ï¼šCMakeFiles/msgsub_test.dir/all] é”™è¯¯ 2
make: *** [Makefile:141ï¼šall] é”™è¯¯ 2
