[0.019s] Invoking command in '/home/a/ros2_ws/build/px4_ros_com': CMAKE_PREFIX_PATH=/home/a/ros2_ws/install/px4_msgs:/home/a/ros2_ws/install/my_msg:/home/a/ros2_ws/install/px4_ros_com:/home/a/ros2_ws/install/my_uav:/opt/ros/galactic LD_LIBRARY_PATH=/home/a/ros2_ws/install/px4_msgs/lib:/home/a/ros2_ws/install/my_msg/lib:/home/a/ros2_ws/install/px4_ros_com/lib:/usr/lib/x86_64-linux-gnu/gazebo-11/plugins:/opt/ros/galactic/opt/yaml_cpp_vendor/lib:/opt/ros/galactic/opt/rviz_ogre_vendor/lib:/opt/ros/galactic/lib/x86_64-linux-gnu:/opt/ros/galactic/lib:/home/a/PX4-Autopilot/build/px4_sitl_default/build_gazebo-classic PYTHONPATH=/home/a/ros2_ws/install/px4_msgs/lib/python3.8/site-packages:/home/a/ros2_ws/install/my_msg/lib/python3.8/site-packages:/opt/ros/galactic/lib/python3.8/site-packages /usr/bin/cmake --build /home/a/ros2_ws/build/px4_ros_com -- -j2 -l2
[0.050s] -- Found ament_cmake: 1.1.6 (/opt/ros/galactic/share/ament_cmake/cmake)
[0.069s] -- Using PYTHON_EXECUTABLE: /usr/bin/python3
[0.118s] -- Override CMake install command with custom implementation using symlinks instead of copying resources
[0.125s] -- Found builtin_interfaces: 1.0.3 (/opt/ros/galactic/share/builtin_interfaces/cmake)
[0.143s] -- Using all available rosidl_typesupport_c: rosidl_typesupport_fastrtps_c;rosidl_typesupport_introspection_c
[0.146s] -- Found rosidl_adapter: 2.2.3 (/opt/ros/galactic/share/rosidl_adapter/cmake)
[0.250s] -- Using all available rosidl_typesupport_cpp: rosidl_typesupport_fastrtps_cpp;rosidl_typesupport_introspection_cpp
[0.272s] -- Found eigen3_cmake_module: 0.1.1 (/opt/ros/galactic/share/eigen3_cmake_module/cmake)
[0.274s] -- Found geometry_msgs: 2.2.4 (/opt/ros/galactic/share/geometry_msgs/cmake)
[0.318s] -- Found px4_msgs: 2.0.1 (/home/a/ros2_ws/install/px4_msgs/share/px4_msgs/cmake)
[0.332s] -- Found rclcpp: 9.2.2 (/opt/ros/galactic/share/rclcpp/cmake)
[0.368s] -- Found rmw_implementation_cmake: 3.3.1 (/opt/ros/galactic/share/rmw_implementation_cmake/cmake)
[0.370s] -- Found rmw_cyclonedds_cpp: 0.22.6 (/opt/ros/galactic/share/rmw_cyclonedds_cpp/cmake)
[0.386s] -- Using RMW implementation 'rmw_cyclonedds_cpp' as default
[0.497s] -- Found sensor_msgs: 2.2.4 (/opt/ros/galactic/share/sensor_msgs/cmake)
[0.571s] -- Found my_msg: 0.0.0 (/home/a/ros2_ws/install/my_msg/share/my_msg/cmake)
[0.595s] -- Found ament_lint_auto: 0.10.7 (/opt/ros/galactic/share/ament_lint_auto/cmake)
[0.658s] -- Added test 'copyright' to check source files copyright and LICENSE
[0.662s] -- Added test 'cppcheck' to perform static code analysis on C / C++ code
[0.663s] -- Configured cppcheck include dirs: /home/a/ros2_ws/src/px4_ros_com/include;$<BUILD_INTERFACE:/home/a/ros2_ws/src/px4_ros_com/include/px4_ros_com>
[0.663s] -- Configured cppcheck exclude dirs and/or files: 
[0.668s] -- Added test 'cpplint' to check C / C++ code against the Google style
[0.668s] -- Configured cpplint exclude dirs and/or files: 
[0.669s] -- Added test 'flake8' to check Python code syntax and style conventions
[0.670s] -- Added test 'lint_cmake' to check CMake code style
[0.671s] -- Added test 'pep257' to check Python code against some of the style conventions in PEP 257
[0.674s] -- Added test 'uncrustify' to check C / C++ code style
[0.675s] -- Configured uncrustify additional arguments: 
[0.675s] -- Added test 'xmllint' to check XML markup files
[0.679s] -- Configuring done
[0.749s] -- Generating done
[0.781s] -- Build files have been written to: /home/a/ros2_ws/build/px4_ros_com
[0.829s] [  5%] Built target my_uav_node
[0.836s] [ 10%] Built target offboard_control_mode
[0.867s] [ 15%] Built target commander
[0.876s] [ 21%] Built target arm
[0.899s] [ 26%] Built target offboard_position_control
[0.907s] [ 31%] Built target rates_setpoint
[0.929s] [ 36%] Built target vel_yaw
[0.938s] [ 42%] Built target trajectory_setpoint
[0.963s] [ 47%] Built target sensor_combined_listener
[0.972s] [ 52%] Built target vehicle_gps_position_listener
[0.996s] [ 57%] Built target debug_vect_advertiser
[1.003s] [ 63%] Built target point
[1.034s] [ 68%] Built target vehicle_attitude_listener
[1.047s] [ 73%] Built target vehicle_status
[1.071s] [ 78%] Built target offboard_control
[1.078s] [ 84%] Built target param_test
[1.083s] [35m[1mScanning dependencies of target msgsub_test[0m
[1.111s] [ 89%] Built target frame_transforms
[1.127s] [ 92%] [32mBuilding CXX object CMakeFiles/msgsub_test.dir/src/examples/offboard/msgsub_test.cpp.o[0m
[1.150s] [ 97%] Built target param_chang
[2.916s] [01m[K/home/a/ros2_ws/src/px4_ros_com/src/examples/offboard/msgsub_test.cpp:24:24:[m[K [01;31m[Kerror: [m[Kâ€˜[01m[Ktutorial_interfaces[m[Kâ€™ was not declared in this scope; did you mean â€˜[01m[Krcl_interfaces[m[Kâ€™?
[2.916s]    24 |   rclcpp::Subscription<[01;31m[Ktutorial_interfaces[m[K::msg::Num>::SharedPtr subscription_;
[2.916s]       |                        [01;31m[K^~~~~~~~~~~~~~~~~~~[m[K
[2.916s]       |                        [32m[Krcl_interfaces[m[K
[2.916s] [01m[K/home/a/ros2_ws/src/px4_ros_com/src/examples/offboard/msgsub_test.cpp:24:53:[m[K [01;31m[Kerror: [m[Ktemplate argument 1 is invalid
[2.916s]    24 |   rclcpp::Subscription<tutorial_interfaces::msg::Num[01;31m[K>[m[K::SharedPtr subscription_;
[2.916s]       |                                                     [01;31m[K^[m[K
[2.916s] [01m[K/home/a/ros2_ws/src/px4_ros_com/src/examples/offboard/msgsub_test.cpp:24:53:[m[K [01;31m[Kerror: [m[Ktemplate argument 3 is invalid
[2.917s] [01m[K/home/a/ros2_ws/src/px4_ros_com/src/examples/offboard/msgsub_test.cpp:24:56:[m[K [01;31m[Kerror: [m[Kexpected â€˜[01m[K;[m[Kâ€™ at end of member declaration
[2.917s]    24 |   rclcpp::Subscription<tutorial_interfaces::msg::Num>::[01;31m[KSharedPtr[m[K subscription_;
[2.917s]       |                                                        [01;31m[K^~~~~~~~~[m[K
[2.917s]       |                                                                 [32m[K;[m[K
[2.919s] [01m[K/home/a/ros2_ws/src/px4_ros_com/src/examples/offboard/msgsub_test.cpp:24:66:[m[K [01;31m[Kerror: [m[Kâ€˜[01m[Ksubscription_[m[Kâ€™ does not name a type; did you mean â€˜[01m[Krcl_subscription_t[m[Kâ€™?
[2.919s]    24 | rclcpp::Subscription<tutorial_interfaces::msg::Num>::SharedPtr [01;31m[Ksubscription_[m[K;
[2.919s]       |                                                                [01;31m[K^~~~~~~~~~~~~[m[K
[2.919s]       |                                                                [32m[Krcl_subscription_t[m[K
[2.923s] [01m[K/home/a/ros2_ws/src/px4_ros_com/src/examples/offboard/msgsub_test.cpp:[m[K In constructor â€˜[01m[KMinimalSubscriber::MinimalSubscriber()[m[Kâ€™:
[2.923s] [01m[K/home/a/ros2_ws/src/px4_ros_com/src/examples/offboard/msgsub_test.cpp:15:5:[m[K [01;31m[Kerror: [m[Kâ€˜[01m[Ksubscription_[m[Kâ€™ was not declared in this scope; did you mean â€˜[01m[Krcl_subscription_t[m[Kâ€™?
[2.923s]    15 |     [01;31m[Ksubscription_[m[K = this->create_subscription<my_msg::msg::Position>(
[2.923s]       |     [01;31m[K^~~~~~~~~~~~~[m[K
[2.923s]       |     [32m[Krcl_subscription_t[m[K
[4.722s] make[2]: *** [CMakeFiles/msgsub_test.dir/build.make:63ï¼šCMakeFiles/msgsub_test.dir/src/examples/offboard/msgsub_test.cpp.o] é”™è¯¯ 1
[4.722s] make[1]: *** [CMakeFiles/Makefile2:600ï¼šCMakeFiles/msgsub_test.dir/all] é”™è¯¯ 2
[4.722s] make: *** [Makefile:141ï¼šall] é”™è¯¯ 2
[4.729s] Invoked command in '/home/a/ros2_ws/build/px4_ros_com' returned '2': CMAKE_PREFIX_PATH=/home/a/ros2_ws/install/px4_msgs:/home/a/ros2_ws/install/my_msg:/home/a/ros2_ws/install/px4_ros_com:/home/a/ros2_ws/install/my_uav:/opt/ros/galactic LD_LIBRARY_PATH=/home/a/ros2_ws/install/px4_msgs/lib:/home/a/ros2_ws/install/my_msg/lib:/home/a/ros2_ws/install/px4_ros_com/lib:/usr/lib/x86_64-linux-gnu/gazebo-11/plugins:/opt/ros/galactic/opt/yaml_cpp_vendor/lib:/opt/ros/galactic/opt/rviz_ogre_vendor/lib:/opt/ros/galactic/lib/x86_64-linux-gnu:/opt/ros/galactic/lib:/home/a/PX4-Autopilot/build/px4_sitl_default/build_gazebo-classic PYTHONPATH=/home/a/ros2_ws/install/px4_msgs/lib/python3.8/site-packages:/home/a/ros2_ws/install/my_msg/lib/python3.8/site-packages:/opt/ros/galactic/lib/python3.8/site-packages /usr/bin/cmake --build /home/a/ros2_ws/build/px4_ros_com -- -j2 -l2
