[  9%] Built target frame_transforms
[ 18%] Built target offboard_control
[35m[1mScanning dependencies of target arm[0m
[ 27%] Built target sensor_combined_listener
[ 31%] [32mBuilding CXX object CMakeFiles/arm.dir/src/examples/offboard/arm.cpp.o[0m
[ 40%] Built target my_uav_node
[ 50%] Built target vehicle_gps_position_listener
[ 59%] Built target debug_vect_advertiser
[ 68%] Built target trajectory_setpoint
[ 77%] Built target vel_yaw
[ 86%] Built target vehicle_attitude_listener
[ 95%] Built target offboard_position_control
[01m[K/home/a/ros2_ws/src/px4_ros_com/src/examples/offboard/arm.cpp:34:11:[m[K [01;31m[Kerror: [m[Kreturn type specification for constructor invalid
   34 |  void arm([01;31m[K)[m[K;
      |           [01;31m[K^[m[K
[01m[K/home/a/ros2_ws/src/px4_ros_com/src/examples/offboard/arm.cpp:34:7:[m[K [01;31m[Kerror: [m[Kâ€˜[01m[Karm::arm()[m[Kâ€™ cannot be overloaded with â€˜[01m[Karm::arm()[m[Kâ€™
   34 |  void [01;31m[Karm[m[K();
      |       [01;31m[K^~~[m[K
[01m[K/home/a/ros2_ws/src/px4_ros_com/src/examples/offboard/arm.cpp:18:5:[m[K [01;36m[Knote: [m[Kprevious declaration â€˜[01m[Karm::arm()[m[Kâ€™
   18 |     [01;36m[Karm[m[K() : Node("arm")
      |     [01;36m[K^~~[m[K
[01m[K/home/a/ros2_ws/src/px4_ros_com/src/examples/offboard/arm.cpp:42:15:[m[K [01;31m[Kerror: [m[Kreturn type specification for constructor invalid
   42 | void arm::arm([01;31m[K)[m[K
      |               [01;31m[K^[m[K
[01m[K/home/a/ros2_ws/src/px4_ros_com/src/examples/offboard/arm.cpp:42:6:[m[K [01;31m[Kerror: [m[Kredefinition of â€˜[01m[Karm::arm()[m[Kâ€™
   42 | void [01;31m[Karm[m[K::arm()
      |      [01;31m[K^~~[m[K
[01m[K/home/a/ros2_ws/src/px4_ros_com/src/examples/offboard/arm.cpp:18:5:[m[K [01;36m[Knote: [m[Kâ€˜[01m[Karm::arm()[m[Kâ€™ previously defined here
   18 |     [01;36m[Karm[m[K() : Node("arm")
      |     [01;36m[K^~~[m[K
[01m[K/home/a/ros2_ws/src/px4_ros_com/src/examples/offboard/arm.cpp:57:6:[m[K [01;31m[Kerror: [m[Kdefault argument given for parameter 2 of â€˜[01m[Kvoid arm::publish_vehicle_command(uint16_t, float)[m[Kâ€™ [[01;31m[K-fpermissive[m[K]
   57 | void [01;31m[Karm[m[K::publish_vehicle_command(uint16_t command, float param1=0.0)
      |      [01;31m[K^~~[m[K
[01m[K/home/a/ros2_ws/src/px4_ros_com/src/examples/offboard/arm.cpp:35:7:[m[K [01;36m[Knote: [m[Kprevious specification in â€˜[01m[Kvoid arm::publish_vehicle_command(uint16_t, float)[m[Kâ€™ here
   35 |  void [01;36m[Kpublish_vehicle_command[m[K(uint16_t command, float param1 = 0.0);
      |       [01;36m[K^~~~~~~~~~~~~~~~~~~~~~~[m[K
make[2]: *** [CMakeFiles/arm.dir/build.make:63ï¼šCMakeFiles/arm.dir/src/examples/offboard/arm.cpp.o] é”™è¯¯ 1
make[1]: *** [CMakeFiles/Makefile2:206ï¼šCMakeFiles/arm.dir/all] é”™è¯¯ 2
make: *** [Makefile:141ï¼šall] é”™è¯¯ 2
