[0.015s] Invoking command in '/home/a/uav/build/my_uav': CMAKE_PREFIX_PATH=${CMAKE_PREFIX_PATH}:/opt/ros/galactic /usr/bin/cmake --build /home/a/uav/build/my_uav -- -j2 -l2
[0.041s] -- Found ament_cmake: 1.1.6 (/opt/ros/galactic/share/ament_cmake/cmake)
[0.062s] -- Using PYTHON_EXECUTABLE: /usr/bin/python3
[0.126s] -- Found ament_lint_auto: 0.10.7 (/opt/ros/galactic/share/ament_lint_auto/cmake)
[0.177s] -- Found rclcpp: 9.2.2 (/opt/ros/galactic/share/rclcpp/cmake)
[0.208s] -- Using all available rosidl_typesupport_c: rosidl_typesupport_fastrtps_c;rosidl_typesupport_introspection_c
[0.210s] -- Found rosidl_adapter: 2.2.3 (/opt/ros/galactic/share/rosidl_adapter/cmake)
[0.323s] -- Using all available rosidl_typesupport_cpp: rosidl_typesupport_fastrtps_cpp;rosidl_typesupport_introspection_cpp
[0.369s] -- Found rmw_implementation_cmake: 3.3.1 (/opt/ros/galactic/share/rmw_implementation_cmake/cmake)
[0.370s] -- Found rmw_cyclonedds_cpp: 0.22.6 (/opt/ros/galactic/share/rmw_cyclonedds_cpp/cmake)
[0.386s] -- Using RMW implementation 'rmw_cyclonedds_cpp' as default
[0.502s] -- Found sensor_msgs: 2.2.4 (/opt/ros/galactic/share/sensor_msgs/cmake)
[0.612s] -- Found px4_msgs: 2.0.1 (/home/a/ros2_ws/install/px4_msgs/share/px4_msgs/cmake)
[0.638s] -- Found cv_bridge: 3.1.3 (/opt/ros/galactic/share/cv_bridge/cmake)
[0.657s] -- Added test 'copyright' to check source files copyright and LICENSE
[0.661s] -- Added test 'cppcheck' to perform static code analysis on C / C++ code
[0.661s] -- Configured cppcheck include dirs: 
[0.663s] -- Configured cppcheck exclude dirs and/or files: 
[0.664s] -- Added test 'cpplint' to check C / C++ code against the Google style
[0.664s] -- Configured cpplint exclude dirs and/or files: 
[0.664s] -- Added test 'flake8' to check Python code syntax and style conventions
[0.664s] -- Added test 'lint_cmake' to check CMake code style
[0.664s] -- Added test 'pep257' to check Python code against some of the style conventions in PEP 257
[0.666s] -- Added test 'uncrustify' to check C / C++ code style
[0.666s] -- Configured uncrustify additional arguments: 
[0.667s] -- Added test 'xmllint' to check XML markup files
[0.669s] -- Configuring done
[0.741s] -- Generating done
[0.774s] -- Build files have been written to: /home/a/uav/build/my_uav
[0.820s] [ 14%] Built target uav_control_node
[0.827s] [ 28%] Built target internlm_m_node
[0.857s] [ 42%] Built target internvl
[0.870s] [35m[1mScanning dependencies of target internvl_listener[0m
[0.870s] [ 57%] Built target internlm_m_listener
[0.897s] [ 64%] [32mBuilding CXX object CMakeFiles/internvl_listener.dir/src/internvl_listener.cpp.o[0m
[0.903s] [ 78%] Built target camera_listener
[0.955s] [ 92%] Built target ray_listener
[4.348s] [01m[K/home/a/uav/src/my_uav/src/internvl_listener.cpp:116:41:[m[K [01;31m[Kerror: [m[K‚Äò[01m[KImu[m[K‚Äô is not a member of ‚Äò[01m[Ksensor_msgs::msg[m[K‚Äô
[4.348s]   116 |  rclcpp::Subscription<sensor_msgs::msg::[01;31m[KImu[m[K>::SharedPtr sensor_sub_;
[4.348s]       |                                         [01;31m[K^~~[m[K
[4.348s] [01m[K/home/a/uav/src/my_uav/src/internvl_listener.cpp:116:44:[m[K [01;31m[Kerror: [m[Ktemplate argument 1 is invalid
[4.348s]   116 |  rclcpp::Subscription<sensor_msgs::msg::Imu[01;31m[K>[m[K::SharedPtr sensor_sub_;
[4.348s]       |                                            [01;31m[K^[m[K
[4.348s] [01m[K/home/a/uav/src/my_uav/src/internvl_listener.cpp:116:44:[m[K [01;31m[Kerror: [m[Ktemplate argument 3 is invalid
[4.349s] [01m[K/home/a/uav/src/my_uav/src/internvl_listener.cpp:116:47:[m[K [01;31m[Kerror: [m[Kexpected ‚Äò[01m[K;[m[K‚Äô at end of member declaration
[4.349s]   116 |  rclcpp::Subscription<sensor_msgs::msg::Imu>::[01;31m[KSharedPtr[m[K sensor_sub_;
[4.349s]       |                                               [01;31m[K^~~~~~~~~[m[K
[4.349s]       |                                                        [32m[K;[m[K
[4.354s] [01m[K/home/a/uav/src/my_uav/src/internvl_listener.cpp:116:57:[m[K [01;31m[Kerror: [m[K‚Äò[01m[Ksensor_sub_[m[K‚Äô does not name a type
[4.354s]   116 |  rclcpp::Subscription<sensor_msgs::msg::Imu>::SharedPtr [01;31m[Ksensor_sub_[m[K;
[4.354s]       |                                                         [01;31m[K^~~~~~~~~~~[m[K
[4.426s] [01m[K/home/a/uav/src/my_uav/src/internvl_listener.cpp:[m[K In constructor ‚Äò[01m[KInternvlNode::InternvlNode()[m[K‚Äô:
[4.426s] [01m[K/home/a/uav/src/my_uav/src/internvl_listener.cpp:45:3:[m[K [01;31m[Kerror: [m[K‚Äò[01m[Ksensor_sub_[m[K‚Äô was not declared in this scope
[4.426s]    45 |   [01;31m[Ksensor_sub_[m[K = this->create_subscription<px4_msgs::msg::SensorCombined>("/fmu/out/sensor_combined", qos, std::bind(&InternvlNode::sensor_callback, this, std::placeholders::_1));
[4.426s]       |   [01;31m[K^~~~~~~~~~~[m[K
[4.773s] In file included from [01m[K/opt/ros/galactic/include/rclcpp/client.hpp:40[m[K,
[4.773s]                  from [01m[K/opt/ros/galactic/include/rclcpp/callback_group.hpp:23[m[K,
[4.773s]                  from [01m[K/opt/ros/galactic/include/rclcpp/any_executable.hpp:20[m[K,
[4.773s]                  from [01m[K/opt/ros/galactic/include/rclcpp/memory_strategy.hpp:25[m[K,
[4.773s]                  from [01m[K/opt/ros/galactic/include/rclcpp/memory_strategies.hpp:18[m[K,
[4.773s]                  from [01m[K/opt/ros/galactic/include/rclcpp/executor_options.hpp:20[m[K,
[4.773s]                  from [01m[K/opt/ros/galactic/include/rclcpp/executor.hpp:36[m[K,
[4.773s]                  from [01m[K/opt/ros/galactic/include/rclcpp/executors/multi_threaded_executor.hpp:26[m[K,
[4.773s]                  from [01m[K/opt/ros/galactic/include/rclcpp/executors.hpp:21[m[K,
[4.773s]                  from [01m[K/opt/ros/galactic/include/rclcpp/rclcpp.hpp:156[m[K,
[4.773s]                  from [01m[K/home/a/uav/src/my_uav/src/internvl_listener.cpp:20[m[K:
[4.773s] [01m[K/home/a/uav/src/my_uav/src/internvl_listener.cpp:[m[K In member function ‚Äò[01m[Kvoid InternvlNode::send_to_ai()[m[K‚Äô:
[4.773s] [01m[K/home/a/uav/src/my_uav/src/internvl_listener.cpp:110:37:[m[K [01;35m[Kwarning: [m[Kformat ‚Äò[01m[K%d[m[K‚Äô expects argument of type ‚Äò[01m[Kint[m[K‚Äô, but argument 5 has type ‚Äò[01m[Klong int[m[K‚Äô [[01;35m[K-Wformat=[m[K]
[4.773s]   110 |    RCLCPP_ERROR(this->get_logger(), [01;35m[K"ËØ∑Ê±ÇÂ§±Ë¥•ÔºåÁä∂ÊÄÅÁ†Å: %d, ÈîôËØØ‰ø°ÊÅØ: %s"[m[K, [32m[Kresponse.status_code[m[K, response.text.c_str());
[4.773s]       |                                     [01;35m[K^~~~~~~~~~~~~~~~~~~~~~~~~~~~~~~~~~~~~~~~~~~~~~~~[m[K  [32m[K~~~~~~~~~~~~~~~~~~~~[m[K
[4.773s]       |                                                                                                [32m[K|[m[K
[4.774s]       |                                                                                                [32m[Klong int[m[K
[4.774s] [01m[K/home/a/uav/src/my_uav/src/internvl_listener.cpp:110:65:[m[K [01;36m[Knote: [m[Kformat string is defined here
[4.774s]   110 |    RCLCPP_ERROR(this->get_logger(), "ËØ∑Ê±ÇÂ§±Ë¥•ÔºåÁä∂ÊÄÅÁ†Å: [01;36m[K%d[m[K, ÈîôËØØ‰ø°ÊÅØ: %s", response.status_code, response.text.c_str());
[4.774s]       |                                                                [01;36m[K~^[m[K
[4.774s]       |                                                                 [01;36m[K|[m[K
[4.774s]       |                                                                 [01;36m[Kint[m[K
[4.774s]       |                                                                [32m[K%ld[m[K
[4.790s] [01m[K/home/a/uav/src/my_uav/src/internvl_listener.cpp:[m[K In function ‚Äò[01m[Kint main(int, char**)[m[K‚Äô:
[4.790s] [01m[K/home/a/uav/src/my_uav/src/internvl_listener.cpp:219:32:[m[K [01;31m[Kerror: [m[K‚Äò[01m[Kinternvl[m[K‚Äô was not declared in this scope
[4.790s]   219 |  rclcpp::spin(std::make_shared<[01;31m[Kinternvl[m[K>());
[4.790s]       |                                [01;31m[K^~~~~~~~[m[K
[4.790s] [01m[K/home/a/uav/src/my_uav/src/internvl_listener.cpp:219:42:[m[K [01;31m[Kerror: [m[Kno matching function for call to ‚Äò[01m[Kmake_shared<<expression error> >()[m[K‚Äô
[4.791s]   219 |  rclcpp::spin(std::make_shared<internvl>([01;31m[K)[m[K);
[4.791s]       |                                          [01;31m[K^[m[K
[4.791s] In file included from [01m[K/usr/include/c++/9/memory:81[m[K,
[4.791s]                  from [01m[K/usr/include/c++/9/thread:39[m[K,
[4.791s]                  from [01m[K/usr/include/c++/9/future:39[m[K,
[4.791s]                  from [01m[K/usr/local/include/cpr/api.h:6[m[K,
[4.791s]                  from [01m[K/usr/local/include/cpr/cpr.h:4[m[K,
[4.791s]                  from [01m[K/home/a/uav/src/my_uav/src/internvl_listener.cpp:11[m[K:
[4.791s] [01m[K/usr/include/c++/9/bits/shared_ptr.h:714:5:[m[K [01;36m[Knote: [m[Kcandidate: ‚Äò[01m[Ktemplate<class _Tp, class ... _Args> std::shared_ptr<_Tp> std::make_shared(_Args&& ...)[m[K‚Äô
[4.791s]   714 |     [01;36m[Kmake_shared[m[K(_Args&&... __args)
[4.791s]       |     [01;36m[K^~~~~~~~~~~[m[K
[4.791s] [01m[K/usr/include/c++/9/bits/shared_ptr.h:714:5:[m[K [01;36m[Knote: [m[K  template argument deduction/substitution failed:
[4.791s] [01m[K/home/a/uav/src/my_uav/src/internvl_listener.cpp:219:42:[m[K [01;31m[Kerror: [m[Ktemplate argument 1 is invalid
[4.791s]   219 |  rclcpp::spin(std::make_shared<internvl>([01;31m[K)[m[K);
[4.791s]       |                                          [01;31m[K^[m[K
[9.172s] make[2]: *** [CMakeFiles/internvl_listener.dir/build.make:63ÔºöCMakeFiles/internvl_listener.dir/src/internvl_listener.cpp.o] ÈîôËØØ 1
[9.172s] make[1]: *** [CMakeFiles/Makefile2:252ÔºöCMakeFiles/internvl_listener.dir/all] ÈîôËØØ 2
[9.172s] make: *** [Makefile:141Ôºöall] ÈîôËØØ 2
[9.177s] Invoked command in '/home/a/uav/build/my_uav' returned '2': CMAKE_PREFIX_PATH=${CMAKE_PREFIX_PATH}:/opt/ros/galactic /usr/bin/cmake --build /home/a/uav/build/my_uav -- -j2 -l2
