[ 10%] Built target uav_control_node
[ 15%] [32mBuilding CXX object CMakeFiles/image_sub.dir/src/image_sub.cpp.o[0m
[ 25%] Built target internlm_m_node
[ 35%] Built target internvl
[ 45%] Built target internlm_m_listener
[ 55%] Built target internvl_listener
[ 60%] [32mBuilding CXX object CMakeFiles/gps_sub.dir/src/gps_sub.cpp.o[0m
[01m[K/home/a/uav/src/my_uav/src/gps_sub.cpp:102:38:[m[K [01;31m[Kerror: [m[K‘[01m[KSensorGps[m[K’ is not a member of ‘[01m[Kpx4_msgs::msg[m[K’
  102 |  rclcpp::Subscription<px4_msgs::msg::[01;31m[KSensorGps[m[K>::SharedPtr sensor_sub_;
      |                                      [01;31m[K^~~~~~~~~[m[K
[01m[K/home/a/uav/src/my_uav/src/gps_sub.cpp:102:47:[m[K [01;31m[Kerror: [m[Ktemplate argument 1 is invalid
  102 |  rclcpp::Subscription<px4_msgs::msg::SensorGps[01;31m[K>[m[K::SharedPtr sensor_sub_;
      |                                               [01;31m[K^[m[K
[01m[K/home/a/uav/src/my_uav/src/gps_sub.cpp:102:47:[m[K [01;31m[Kerror: [m[Ktemplate argument 3 is invalid
[01m[K/home/a/uav/src/my_uav/src/gps_sub.cpp:102:50:[m[K [01;31m[Kerror: [m[Kexpected ‘[01m[K;[m[K’ at end of member declaration
  102 |  rclcpp::Subscription<px4_msgs::msg::SensorGps>::[01;31m[KSharedPtr[m[K sensor_sub_;
      |                                                  [01;31m[K^~~~~~~~~[m[K
      |                                                           [32m[K;[m[K
[01m[K/home/a/uav/src/my_uav/src/gps_sub.cpp:102:60:[m[K [01;31m[Kerror: [m[K‘[01m[Ksensor_sub_[m[K’ does not name a type
  102 |  rclcpp::Subscription<px4_msgs::msg::SensorGps>::SharedPtr [01;31m[Ksensor_sub_[m[K;
      |                                                            [01;31m[K^~~~~~~~~~~[m[K
[01m[K/home/a/uav/src/my_uav/src/gps_sub.cpp:107:44:[m[K [01;31m[Kerror: [m[K‘[01m[KSensorGPS[m[K’ in namespace ‘[01m[Kpx4_msgs::msg[m[K’ does not name a type
  107 |  void sensor_callback(const px4_msgs::msg::[01;31m[KSensorGPS[m[K::SharedPtr msg)
      |                                            [01;31m[K^~~~~~~~~[m[K
[01m[K/home/a/uav/src/my_uav/src/gps_sub.cpp:107:65:[m[K [01;31m[Kerror: [m[Kexpected unqualified-id before ‘[01m[Kmsg[m[K’
  107 |  void sensor_callback(const px4_msgs::msg::SensorGPS::SharedPtr [01;31m[Kmsg[m[K)
      |                                                                 [01;31m[K^~~[m[K
[01m[K/home/a/uav/src/my_uav/src/gps_sub.cpp:107:64:[m[K [01;31m[Kerror: [m[Kexpected ‘[01m[K)[m[K’ before ‘[01m[Kmsg[m[K’
  107 |  void sensor_callback[34m[K([m[Kconst px4_msgs::msg::SensorGPS::SharedPtr[01;31m[K [m[K[32m[Kmsg[m[K)
      |                      [34m[K~[m[K                                         [01;31m[K^[m[K[32m[K~~~[m[K
      |                                                                [32m[K)[m[K
[01m[K/home/a/uav/src/my_uav/src/gps_sub.cpp:107:55:[m[K [01;31m[Kerror: [m[Kexpected ‘[01m[K;[m[K’ at end of member declaration
  107 |  void sensor_callback(const px4_msgs::msg::SensorGPS::[01;31m[KSharedPtr[m[K msg)
      |                                                       [01;31m[K^~~~~~~~~[m[K
      |                                                                [32m[K;[m[K
[01m[K/home/a/uav/src/my_uav/src/gps_sub.cpp:107:65:[m[K [01;31m[Kerror: [m[K‘[01m[Kmsg[m[K’ does not name a type
  107 |  void sensor_callback(const px4_msgs::msg::SensorGPS::SharedPtr [01;31m[Kmsg[m[K)
      |                                                                 [01;31m[K^~~[m[K
[01m[K/home/a/uav/src/my_uav/src/gps_sub.cpp:[m[K In constructor ‘[01m[Kgps_sub::gps_sub()[m[K’:
[01m[K/home/a/uav/src/my_uav/src/gps_sub.cpp:41:3:[m[K [01;31m[Kerror: [m[K‘[01m[Ksensor_sub_[m[K’ was not declared in this scope
   41 |   [01;31m[Ksensor_sub_[m[K = this->create_subscription<px4_msgs::msg::SensorGps>("/fmu/out/vehicle_gps_position", qos, std::bind(&InternvlNode::sensor_callback, this, std::placeholders::_1));
      |   [01;31m[K^~~~~~~~~~~[m[K
[01m[K/home/a/uav/src/my_uav/src/gps_sub.cpp:41:58:[m[K [01;31m[Kerror: [m[K‘[01m[KSensorGps[m[K’ is not a member of ‘[01m[Kpx4_msgs::msg[m[K’
   41 |   sensor_sub_ = this->create_subscription<px4_msgs::msg::[01;31m[KSensorGps[m[K>("/fmu/out/vehicle_gps_position", qos, std::bind(&InternvlNode::sensor_callback, this, std::placeholders::_1));
      |                                                          [01;31m[K^~~~~~~~~[m[K
[01m[K/home/a/uav/src/my_uav/src/gps_sub.cpp:41:118:[m[K [01;31m[Kerror: [m[K‘[01m[KInternvlNode[m[K’ has not been declared
   41 |   sensor_sub_ = this->create_subscription<px4_msgs::msg::SensorGps>("/fmu/out/vehicle_gps_position", qos, std::bind(&[01;31m[KInternvlNode[m[K::sensor_callback, this, std::placeholders::_1));
      |                                                                                                                      [01;31m[K^~~~~~~~~~~~[m[K
[01m[K/home/a/uav/src/my_uav/src/image_sub.cpp:[m[K In constructor ‘[01m[Kimage_sub::image_sub()[m[K’:
[01m[K/home/a/uav/src/my_uav/src/image_sub.cpp:40:118:[m[K [01;31m[Kerror: [m[K‘[01m[KInternvlNode[m[K’ has not been declared
   40 | sg::Image>("/ired/ired_cam/ired1/image_raw", qos, std::bind(&[01;31m[KInternvlNode[m[K::image_callback, this, std::placeholders::_1));
      |                                                              [01;31m[K^~~~~~~~~~~~[m[K

make[2]: *** [CMakeFiles/gps_sub.dir/build.make:63：CMakeFiles/gps_sub.dir/src/gps_sub.cpp.o] 错误 1
make[1]: *** [CMakeFiles/Makefile2:312：CMakeFiles/gps_sub.dir/all] 错误 2
make[1]: *** 正在等待未完成的任务....
make[2]: *** [CMakeFiles/image_sub.dir/build.make:63：CMakeFiles/image_sub.dir/src/image_sub.cpp.o] 错误 1
make[1]: *** [CMakeFiles/Makefile2:96：CMakeFiles/image_sub.dir/all] 错误 2
make: *** [Makefile:141：all] 错误 2
