[  4%] [32mBuilding CXX object CMakeFiles/uav_control_node.dir/src/uav_control_node.cpp.o[0m
[ 13%] Built target image_sub
[ 22%] Built target internlm_m_node
[ 31%] Built target internvl
[ 40%] Built target internlm_m_listener
[35m[1mScanning dependencies of target internvl_p[0m
[ 45%] [32mBuilding CXX object CMakeFiles/internvl_p.dir/src/internvl_p.cpp.o[0m
[01m[K/home/a/uav/src/my_uav/src/uav_control_node.cpp:[m[K In member function ‘[01m[Kvoid UAVControlNode::append_new_messages_to_file(const json&, const string&)[m[K’:
[01m[K/home/a/uav/src/my_uav/src/uav_control_node.cpp:131:22:[m[K [01;31m[Kerror: [m[Kvariable ‘[01m[Kstd::ofstream file[m[K’ has initializer but incomplete type
  131 |   std::ofstream file([01;31m[Kfilename[m[K, std::ios::app);  // 以追加模式打开
      |                      [01;31m[K^~~~~~~~[m[K
[01m[K/home/a/uav/src/my_uav/src/uav_control_node.cpp:[m[K In member function ‘[01m[Kvoid UAVControlNode::append_new_messages_to_file(const string&, const string&)[m[K’:
[01m[K/home/a/uav/src/my_uav/src/uav_control_node.cpp:141:22:[m[K [01;31m[Kerror: [m[Kvariable ‘[01m[Kstd::ofstream file[m[K’ has initializer but incomplete type
  141 |   std::ofstream file([01;31m[Kfilename[m[K, std::ios::app);  // 以追加模式打开
      |                      [01;31m[K^~~~~~~~[m[K
make[2]: *** [CMakeFiles/uav_control_node.dir/build.make:63：CMakeFiles/uav_control_node.dir/src/uav_control_node.cpp.o] 错误 1
make[1]: *** [CMakeFiles/Makefile2:152：CMakeFiles/uav_control_node.dir/all] 错误 2
make[1]: *** 正在等待未完成的任务....
[ 50%] [32m[1mLinking CXX executable internvl_p[0m
[ 50%] Built target internvl_p
make: *** [Makefile:141：all] 错误 2
