[0.014s] Invoking command in '/home/a/uav/build/my_uav': CMAKE_PREFIX_PATH=${CMAKE_PREFIX_PATH}:/opt/ros/galactic /usr/bin/cmake --build /home/a/uav/build/my_uav -- -j2 -l2
[0.072s] [ 10%] Built target uav_control_node
[0.079s] [ 15%] [32mBuilding CXX object CMakeFiles/image_sub.dir/src/image_sub.cpp.o[0m
[0.106s] [ 25%] Built target internlm_m_node
[0.142s] [ 35%] Built target internvl
[0.180s] [ 45%] Built target internlm_m_listener
[0.226s] [ 55%] Built target internvl_listener
[0.239s] [35m[1mScanning dependencies of target gps_sub[0m
[0.274s] [ 60%] [32mBuilding CXX object CMakeFiles/gps_sub.dir/src/gps_sub.cpp.o[0m
[2.956s] [01m[K/home/a/uav/src/my_uav/src/gps_sub.cpp:[m[K In constructor ‘[01m[Kgps_sub::gps_sub()[m[K’:
[2.956s] [01m[K/home/a/uav/src/my_uav/src/gps_sub.cpp:41:127:[m[K [01;31m[Kerror: [m[K‘[01m[KInternvlNode[m[K’ has not been declared
[2.956s]    41 |   sensor_sub_ = this->create_subscription<px4_msgs::msg::VehicleGpsPosition>("/fmu/out/vehicle_gps_position", qos, std::bind(&[01;31m[KInternvlNode[m[K::sensor_callback, this, std::placeholders::_1));
[2.956s]       |                                                                                                                               [01;31m[K^~~~~~~~~~~~[m[K
[3.754s] [01m[K/home/a/uav/src/my_uav/src/image_sub.cpp:[m[K In constructor ‘[01m[Kimage_sub::image_sub()[m[K’:
[3.754s] [01m[K/home/a/uav/src/my_uav/src/image_sub.cpp:40:118:[m[K [01;31m[Kerror: [m[K‘[01m[KInternvlNode[m[K’ has not been declared
[3.754s]    40 | sg::Image>("/ired/ired_cam/ired1/image_raw", qos, std::bind(&[01;31m[KInternvlNode[m[K::image_callback, this, std::placeholders::_1));
[3.754s]       |                                                              [01;31m[K^~~~~~~~~~~~[m[K
[3.755s] 
[4.539s] make[2]: *** [CMakeFiles/gps_sub.dir/build.make:63：CMakeFiles/gps_sub.dir/src/gps_sub.cpp.o] 错误 1
[4.539s] make[1]: *** [CMakeFiles/Makefile2:312：CMakeFiles/gps_sub.dir/all] 错误 2
[4.539s] make[1]: *** 正在等待未完成的任务....
[5.773s] make[2]: *** [CMakeFiles/image_sub.dir/build.make:63：CMakeFiles/image_sub.dir/src/image_sub.cpp.o] 错误 1
[5.773s] make[1]: *** [CMakeFiles/Makefile2:96：CMakeFiles/image_sub.dir/all] 错误 2
[5.773s] make: *** [Makefile:141：all] 错误 2
[5.776s] Invoked command in '/home/a/uav/build/my_uav' returned '2': CMAKE_PREFIX_PATH=${CMAKE_PREFIX_PATH}:/opt/ros/galactic /usr/bin/cmake --build /home/a/uav/build/my_uav -- -j2 -l2
