[01m[K/home/a/ros2_ws/src/px4_ros_com/src/examples/offboard/param_chang.cpp:[m[K In function â€˜[01m[Kint main(int, char**)[m[Kâ€™:
[01m[K/home/a/ros2_ws/src/px4_ros_com/src/examples/offboard/param_chang.cpp:55:33:[m[K [01;31m[Kerror: [m[Kâ€˜[01m[KSampleNodeWithParameters[m[Kâ€™ was not declared in this scope
   55 |   rclcpp::spin(std::make_shared<[01;31m[KSampleNodeWithParameters[m[K>());
      |                                 [01;31m[K^~~~~~~~~~~~~~~~~~~~~~~~[m[K
[01m[K/home/a/ros2_ws/src/px4_ros_com/src/examples/offboard/param_chang.cpp:55:59:[m[K [01;31m[Kerror: [m[Kno matching function for call to â€˜[01m[Kmake_shared<<expression error> >()[m[Kâ€™
   55 | d::make_shared<SampleNodeWithParameters>([01;31m[K)[m[K);
      |                                          [01;31m[K^[m[K

In file included from [01m[K/usr/include/c++/9/memory:81[m[K,
                 from [01m[K/home/a/ros2_ws/src/px4_ros_com/src/examples/offboard/param_chang.cpp:1[m[K:
[01m[K/usr/include/c++/9/bits/shared_ptr.h:714:5:[m[K [01;36m[Knote: [m[Kcandidate: â€˜[01m[Ktemplate<class _Tp, class ... _Args> std::shared_ptr<_Tp> std::make_shared(_Args&& ...)[m[Kâ€™
  714 |     [01;36m[Kmake_shared[m[K(_Args&&... __args)
      |     [01;36m[K^~~~~~~~~~~[m[K
[01m[K/usr/include/c++/9/bits/shared_ptr.h:714:5:[m[K [01;36m[Knote: [m[K  template argument deduction/substitution failed:
[01m[K/home/a/ros2_ws/src/px4_ros_com/src/examples/offboard/param_chang.cpp:55:59:[m[K [01;31m[Kerror: [m[Ktemplate argument 1 is invalid
   55 | d::make_shared<SampleNodeWithParameters>([01;31m[K)[m[K);
      |                                          [01;31m[K^[m[K

make[2]: *** [CMakeFiles/param_chang.dir/build.make:63ï¼šCMakeFiles/param_chang.dir/src/examples/offboard/param_chang.cpp.o] é”™è¯¯ 1
make[1]: *** [CMakeFiles/Makefile2:625ï¼šCMakeFiles/param_chang.dir/all] é”™è¯¯ 2
make: *** [Makefile:141ï¼šall] é”™è¯¯ 2
