[0.020s] Invoking command in '/home/a/ros2_ws/build/px4_ros_com': CMAKE_PREFIX_PATH=/home/a/ros2_ws/install/px4_msgs:/home/a/ros2_ws/install/px4_ros_com:/home/a/ros2_ws/install/my_uav:/opt/ros/galactic LD_LIBRARY_PATH=/home/a/ros2_ws/install/px4_msgs/lib:/home/a/ros2_ws/install/px4_ros_com/lib:/usr/lib/x86_64-linux-gnu/gazebo-11/plugins:/opt/ros/galactic/opt/yaml_cpp_vendor/lib:/opt/ros/galactic/opt/rviz_ogre_vendor/lib:/opt/ros/galactic/lib/x86_64-linux-gnu:/opt/ros/galactic/lib:/home/a/PX4-Autopilot/build/px4_sitl_default/build_gazebo-classic /usr/bin/cmake --build /home/a/ros2_ws/build/px4_ros_com -- -j2 -l2
[0.095s] -- Found ament_cmake: 1.1.6 (/opt/ros/galactic/share/ament_cmake/cmake)
[0.124s] -- Using PYTHON_EXECUTABLE: /usr/bin/python3
[0.187s] -- Override CMake install command with custom implementation using symlinks instead of copying resources
[0.209s] -- Found builtin_interfaces: 1.0.3 (/opt/ros/galactic/share/builtin_interfaces/cmake)
[0.237s] -- Using all available rosidl_typesupport_c: rosidl_typesupport_fastrtps_c;rosidl_typesupport_introspection_c
[0.242s] -- Found rosidl_adapter: 2.2.3 (/opt/ros/galactic/share/rosidl_adapter/cmake)
[0.378s] -- Using all available rosidl_typesupport_cpp: rosidl_typesupport_fastrtps_cpp;rosidl_typesupport_introspection_cpp
[0.408s] -- Found eigen3_cmake_module: 0.1.1 (/opt/ros/galactic/share/eigen3_cmake_module/cmake)
[0.411s] -- Found geometry_msgs: 2.2.4 (/opt/ros/galactic/share/geometry_msgs/cmake)
[0.468s] -- Found px4_msgs: 2.0.1 (/home/a/ros2_ws/install/px4_msgs/share/px4_msgs/cmake)
[0.491s] -- Found rclcpp: 9.2.2 (/opt/ros/galactic/share/rclcpp/cmake)
[0.547s] -- Found rmw_implementation_cmake: 3.3.1 (/opt/ros/galactic/share/rmw_implementation_cmake/cmake)
[0.551s] -- Found rmw_cyclonedds_cpp: 0.22.6 (/opt/ros/galactic/share/rmw_cyclonedds_cpp/cmake)
[0.573s] -- Using RMW implementation 'rmw_cyclonedds_cpp' as default
[0.723s] -- Found sensor_msgs: 2.2.4 (/opt/ros/galactic/share/sensor_msgs/cmake)
[0.836s] -- Found ament_lint_auto: 0.10.7 (/opt/ros/galactic/share/ament_lint_auto/cmake)
[0.910s] -- Added test 'copyright' to check source files copyright and LICENSE
[0.920s] -- Added test 'cppcheck' to perform static code analysis on C / C++ code
[0.921s] -- Configured cppcheck include dirs: /home/a/ros2_ws/src/px4_ros_com/include;$<BUILD_INTERFACE:/home/a/ros2_ws/src/px4_ros_com/include/px4_ros_com>
[0.921s] -- Configured cppcheck exclude dirs and/or files: 
[0.925s] -- Added test 'cpplint' to check C / C++ code against the Google style
[0.925s] -- Configured cpplint exclude dirs and/or files: 
[0.926s] -- Added test 'flake8' to check Python code syntax and style conventions
[0.927s] -- Added test 'lint_cmake' to check CMake code style
[0.928s] -- Added test 'pep257' to check Python code against some of the style conventions in PEP 257
[0.932s] -- Added test 'uncrustify' to check C / C++ code style
[0.933s] -- Configured uncrustify additional arguments: 
[0.934s] -- Added test 'xmllint' to check XML markup files
[0.940s] -- Configuring done
[1.033s] -- Generating done
[1.064s] -- Build files have been written to: /home/a/ros2_ws/build/px4_ros_com
[1.130s] [  5%] Built target my_uav_node
[1.140s] [ 11%] Built target offboard_control_mode
[1.167s] [ 16%] Built target commander
[1.176s] [ 22%] Built target arm
[1.212s] [ 27%] Built target offboard_position_control
[1.214s] [ 33%] Built target rates_setpoint
[1.250s] [ 38%] Built target vel_yaw
[1.259s] [ 44%] Built target sensor_combined_listener
[1.289s] [ 50%] Built target vehicle_gps_position_listener
[1.299s] [ 55%] Built target debug_vect_advertiser
[1.331s] [ 61%] Built target point
[1.332s] [ 66%] Built target trajectory_setpoint
[1.370s] [ 72%] Built target vehicle_status
[1.378s] [ 77%] Built target vehicle_attitude_listener
[1.404s] [ 83%] Built target offboard_control
[1.415s] [ 88%] Built target param_test
[1.434s] [35m[1mScanning dependencies of target param_chang[0m
[1.449s] [ 94%] Built target frame_transforms
[1.556s] [ 97%] [32mBuilding CXX object CMakeFiles/param_chang.dir/src/examples/offboard/param_chang.cpp.o[0m
[3.669s] [01m[K/home/a/ros2_ws/src/px4_ros_com/src/examples/offboard/param_chang.cpp:[m[K In function â€˜[01m[Kint main(int, char**)[m[Kâ€™:
[3.669s] [01m[K/home/a/ros2_ws/src/px4_ros_com/src/examples/offboard/param_chang.cpp:55:33:[m[K [01;31m[Kerror: [m[Kâ€˜[01m[KSampleNodeWithParameters[m[Kâ€™ was not declared in this scope
[3.669s]    55 |   rclcpp::spin(std::make_shared<[01;31m[KSampleNodeWithParameters[m[K>());
[3.669s]       |                                 [01;31m[K^~~~~~~~~~~~~~~~~~~~~~~~[m[K
[3.669s] [01m[K/home/a/ros2_ws/src/px4_ros_com/src/examples/offboard/param_chang.cpp:55:59:[m[K [01;31m[Kerror: [m[Kno matching function for call to â€˜[01m[Kmake_shared<<expression error> >()[m[Kâ€™
[3.669s]    55 | d::make_shared<SampleNodeWithParameters>([01;31m[K)[m[K);
[3.669s]       |                                          [01;31m[K^[m[K
[3.669s] 
[3.669s] In file included from [01m[K/usr/include/c++/9/memory:81[m[K,
[3.669s]                  from [01m[K/home/a/ros2_ws/src/px4_ros_com/src/examples/offboard/param_chang.cpp:1[m[K:
[3.669s] [01m[K/usr/include/c++/9/bits/shared_ptr.h:714:5:[m[K [01;36m[Knote: [m[Kcandidate: â€˜[01m[Ktemplate<class _Tp, class ... _Args> std::shared_ptr<_Tp> std::make_shared(_Args&& ...)[m[Kâ€™
[3.669s]   714 |     [01;36m[Kmake_shared[m[K(_Args&&... __args)
[3.669s]       |     [01;36m[K^~~~~~~~~~~[m[K
[3.669s] [01m[K/usr/include/c++/9/bits/shared_ptr.h:714:5:[m[K [01;36m[Knote: [m[K  template argument deduction/substitution failed:
[3.670s] [01m[K/home/a/ros2_ws/src/px4_ros_com/src/examples/offboard/param_chang.cpp:55:59:[m[K [01;31m[Kerror: [m[Ktemplate argument 1 is invalid
[3.670s]    55 | d::make_shared<SampleNodeWithParameters>([01;31m[K)[m[K);
[3.670s]       |                                          [01;31m[K^[m[K
[3.670s] 
[5.008s] make[2]: *** [CMakeFiles/param_chang.dir/build.make:63ï¼šCMakeFiles/param_chang.dir/src/examples/offboard/param_chang.cpp.o] é”™è¯¯ 1
[5.008s] make[1]: *** [CMakeFiles/Makefile2:625ï¼šCMakeFiles/param_chang.dir/all] é”™è¯¯ 2
[5.008s] make: *** [Makefile:141ï¼šall] é”™è¯¯ 2
[5.011s] Invoked command in '/home/a/ros2_ws/build/px4_ros_com' returned '2': CMAKE_PREFIX_PATH=/home/a/ros2_ws/install/px4_msgs:/home/a/ros2_ws/install/px4_ros_com:/home/a/ros2_ws/install/my_uav:/opt/ros/galactic LD_LIBRARY_PATH=/home/a/ros2_ws/install/px4_msgs/lib:/home/a/ros2_ws/install/px4_ros_com/lib:/usr/lib/x86_64-linux-gnu/gazebo-11/plugins:/opt/ros/galactic/opt/yaml_cpp_vendor/lib:/opt/ros/galactic/opt/rviz_ogre_vendor/lib:/opt/ros/galactic/lib/x86_64-linux-gnu:/opt/ros/galactic/lib:/home/a/PX4-Autopilot/build/px4_sitl_default/build_gazebo-classic /usr/bin/cmake --build /home/a/ros2_ws/build/px4_ros_com -- -j2 -l2
