[01m[K/home/a/ros2_ws/src/px4_ros_com/src/examples/offboard/point.cpp:[m[K In lambda function:
[01m[K/home/a/ros2_ws/src/px4_ros_com/src/examples/offboard/point.cpp:37:59:[m[K [01;31m[Kerror: [m[Kcannot convert ‘[01m[Kconst rclcpp::ParameterValue[m[K’ to ‘[01m[Kfloat[m[K’ in initialization
   37 |    float x1 = [01;31m[Kthis->get_parameter("x").get_parameter_value()[m[K;
      |               [01;31m[K~~~~~~~~~~~~~~~~~~~~~~~~~~~~~~~~~~~~~~~~~~~~^~[m[K
      |                                                           [01;31m[K|[m[K
      |                                                           [01;31m[Kconst rclcpp::ParameterValue[m[K
In file included from [01m[K/opt/ros/galactic/include/rclcpp/client.hpp:40[m[K,
                 from [01m[K/opt/ros/galactic/include/rclcpp/callback_group.hpp:23[m[K,
                 from [01m[K/opt/ros/galactic/include/rclcpp/any_executable.hpp:20[m[K,
                 from [01m[K/opt/ros/galactic/include/rclcpp/memory_strategy.hpp:25[m[K,
                 from [01m[K/opt/ros/galactic/include/rclcpp/memory_strategies.hpp:18[m[K,
                 from [01m[K/opt/ros/galactic/include/rclcpp/executor_options.hpp:20[m[K,
                 from [01m[K/opt/ros/galactic/include/rclcpp/executor.hpp:36[m[K,
                 from [01m[K/opt/ros/galactic/include/rclcpp/executors/multi_threaded_executor.hpp:26[m[K,
                 from [01m[K/opt/ros/galactic/include/rclcpp/executors.hpp:21[m[K,
                 from [01m[K/opt/ros/galactic/include/rclcpp/rclcpp.hpp:156[m[K,
                 from [01m[K/home/a/ros2_ws/src/px4_ros_com/src/examples/offboard/point.cpp:3[m[K:
[01m[K/home/a/ros2_ws/src/px4_ros_com/src/examples/offboard/point.cpp:38:52:[m[K [01;31m[Kerror: [m[Krequest for member ‘[01m[Kc_str[m[K’ in ‘[01m[Kx1[m[K’, which is of non-class type ‘[01m[Kfloat[m[K’
   38 |    RCLCPP_INFO(this->get_logger(), "Hello %s!", x1.[01;31m[Kc_str[m[K());
      |                                                    [01;31m[K^~~~~[m[K
make[2]: *** [CMakeFiles/point.dir/build.make:63：CMakeFiles/point.dir/src/examples/offboard/point.cpp.o] 错误 1
make[1]: *** [CMakeFiles/Makefile2:434：CMakeFiles/point.dir/all] 错误 2
make[1]: *** 正在等待未完成的任务....
make: *** [Makefile:141：all] 错误 2
