[35m[1mScanning dependencies of target offboard_control_mode[0m
[  6%] Built target my_uav_node
[ 10%] [32mBuilding CXX object CMakeFiles/offboard_control_mode.dir/src/examples/offboard/offboard_control_mode.cpp.o[0m
[ 16%] Built target commander
[ 23%] Built target arm
[ 30%] Built target frame_transforms
[35m[1mScanning dependencies of target offboard_control[0m
[ 33%] [32mBuilding CXX object CMakeFiles/offboard_control.dir/src/examples/offboard/offboard_control.cpp.o[0m
[01m[K/home/a/ros2_ws/src/px4_ros_com/src/examples/offboard/offboard_control_mode.cpp:[m[K In function â€˜[01m[Kint main(int, char**)[m[Kâ€™:
[01m[K/home/a/ros2_ws/src/px4_ros_com/src/examples/offboard/offboard_control_mode.cpp:212:31:[m[K [01;31m[Kerror: [m[Kâ€˜[01m[Karm[m[Kâ€™ was not declared in this scope
  212 |  auto node = std::make_shared<[01;31m[Karm[m[K>(); //åˆ›å»ºå®ä¾‹ï¼Œè‡ªåŠ¨æ‰§è¡Œæ„é€ å‡½æ•°
      |                               [01;31m[K^~~[m[K
[01m[K/home/a/ros2_ws/src/px4_ros_com/src/examples/offboard/offboard_control_mode.cpp:212:36:[m[K [01;31m[Kerror: [m[Kno matching function for call to â€˜[01m[Kmake_shared<<expression error> >()[m[Kâ€™
  212 |  auto node = std::make_shared<arm>([01;31m[K)[m[K; //åˆ›å»ºå®ä¾‹ï¼Œè‡ªåŠ¨æ‰§è¡Œæ„é€ å‡½æ•°
      |                                    [01;31m[K^[m[K
In file included from [01m[K/usr/include/c++/9/memory:81[m[K,
                 from [01m[K/opt/ros/galactic/include/rosidl_runtime_cpp/bounded_vector.hpp:19[m[K,
                 from [01m[K/home/a/ros2_ws/install/px4_msgs/include/px4_msgs/msg/detail/offboard_control_mode__struct.hpp:8[m[K,
                 from [01m[K/home/a/ros2_ws/install/px4_msgs/include/px4_msgs/msg/offboard_control_mode.hpp:7[m[K,
                 from [01m[K/home/a/ros2_ws/src/px4_ros_com/src/examples/offboard/offboard_control_mode.cpp:13[m[K:
[01m[K/usr/include/c++/9/bits/shared_ptr.h:714:5:[m[K [01;36m[Knote: [m[Kcandidate: â€˜[01m[Ktemplate<class _Tp, class ... _Args> std::shared_ptr<_Tp> std::make_shared(_Args&& ...)[m[Kâ€™
  714 |     [01;36m[Kmake_shared[m[K(_Args&&... __args)
      |     [01;36m[K^~~~~~~~~~~[m[K
[01m[K/usr/include/c++/9/bits/shared_ptr.h:714:5:[m[K [01;36m[Knote: [m[K  template argument deduction/substitution failed:
[01m[K/home/a/ros2_ws/src/px4_ros_com/src/examples/offboard/offboard_control_mode.cpp:212:36:[m[K [01;31m[Kerror: [m[Ktemplate argument 1 is invalid
  212 |  auto node = std::make_shared<arm>([01;31m[K)[m[K; //åˆ›å»ºå®ä¾‹ï¼Œè‡ªåŠ¨æ‰§è¡Œæ„é€ å‡½æ•°
      |                                    [01;31m[K^[m[K
make[2]: *** [CMakeFiles/offboard_control_mode.dir/build.make:63ï¼šCMakeFiles/offboard_control_mode.dir/src/examples/offboard/offboard_control_mode.cpp.o] é”™è¯¯ 1
make[1]: *** [CMakeFiles/Makefile2:133ï¼šCMakeFiles/offboard_control_mode.dir/all] é”™è¯¯ 2
make[1]: *** æ­£åœ¨ç­‰å¾…æœªå®Œæˆçš„ä»»åŠ¡....
[ 36%] [32m[1mLinking CXX executable offboard_control[0m
[ 36%] Built target offboard_control
make: *** [Makefile:141ï¼šall] é”™è¯¯ 2
