[0.017s] Invoking command in '/home/a/ros2_ws/build/px4_ros_com': CMAKE_PREFIX_PATH=/home/a/ros2_ws/install/px4_msgs:/home/a/ros2_ws/install/px4_ros_com:/home/a/ros2_ws/install/my_uav:/opt/ros/galactic LD_LIBRARY_PATH=/home/a/ros2_ws/install/px4_msgs/lib:/home/a/ros2_ws/install/px4_ros_com/lib:/usr/lib/x86_64-linux-gnu/gazebo-11/plugins:/opt/ros/galactic/opt/yaml_cpp_vendor/lib:/opt/ros/galactic/opt/rviz_ogre_vendor/lib:/opt/ros/galactic/lib/x86_64-linux-gnu:/opt/ros/galactic/lib:/home/a/PX4-Autopilot/build/px4_sitl_default/build_gazebo-classic /usr/bin/cmake --build /home/a/ros2_ws/build/px4_ros_com -- -j2 -l2
[0.061s] [35m[1mScanning dependencies of target offboard_control_mode[0m
[0.075s] [  6%] Built target my_uav_node
[0.090s] [ 10%] [32mBuilding CXX object CMakeFiles/offboard_control_mode.dir/src/examples/offboard/offboard_control_mode.cpp.o[0m
[0.107s] [ 16%] Built target commander
[0.143s] [ 23%] Built target arm
[0.171s] [ 30%] Built target frame_transforms
[0.183s] [35m[1mScanning dependencies of target offboard_control[0m
[0.217s] [ 33%] [32mBuilding CXX object CMakeFiles/offboard_control.dir/src/examples/offboard/offboard_control.cpp.o[0m
[2.491s] [01m[K/home/a/ros2_ws/src/px4_ros_com/src/examples/offboard/offboard_control_mode.cpp:[m[K In function â€˜[01m[Kint main(int, char**)[m[Kâ€™:
[2.491s] [01m[K/home/a/ros2_ws/src/px4_ros_com/src/examples/offboard/offboard_control_mode.cpp:212:31:[m[K [01;31m[Kerror: [m[Kâ€˜[01m[Karm[m[Kâ€™ was not declared in this scope
[2.491s]   212 |  auto node = std::make_shared<[01;31m[Karm[m[K>(); //åˆ›å»ºå®ä¾‹ï¼Œè‡ªåŠ¨æ‰§è¡Œæ„é€ å‡½æ•°
[2.491s]       |                               [01;31m[K^~~[m[K
[2.491s] [01m[K/home/a/ros2_ws/src/px4_ros_com/src/examples/offboard/offboard_control_mode.cpp:212:36:[m[K [01;31m[Kerror: [m[Kno matching function for call to â€˜[01m[Kmake_shared<<expression error> >()[m[Kâ€™
[2.491s]   212 |  auto node = std::make_shared<arm>([01;31m[K)[m[K; //åˆ›å»ºå®ä¾‹ï¼Œè‡ªåŠ¨æ‰§è¡Œæ„é€ å‡½æ•°
[2.491s]       |                                    [01;31m[K^[m[K
[2.492s] In file included from [01m[K/usr/include/c++/9/memory:81[m[K,
[2.492s]                  from [01m[K/opt/ros/galactic/include/rosidl_runtime_cpp/bounded_vector.hpp:19[m[K,
[2.492s]                  from [01m[K/home/a/ros2_ws/install/px4_msgs/include/px4_msgs/msg/detail/offboard_control_mode__struct.hpp:8[m[K,
[2.492s]                  from [01m[K/home/a/ros2_ws/install/px4_msgs/include/px4_msgs/msg/offboard_control_mode.hpp:7[m[K,
[2.492s]                  from [01m[K/home/a/ros2_ws/src/px4_ros_com/src/examples/offboard/offboard_control_mode.cpp:13[m[K:
[2.492s] [01m[K/usr/include/c++/9/bits/shared_ptr.h:714:5:[m[K [01;36m[Knote: [m[Kcandidate: â€˜[01m[Ktemplate<class _Tp, class ... _Args> std::shared_ptr<_Tp> std::make_shared(_Args&& ...)[m[Kâ€™
[2.492s]   714 |     [01;36m[Kmake_shared[m[K(_Args&&... __args)
[2.492s]       |     [01;36m[K^~~~~~~~~~~[m[K
[2.492s] [01m[K/usr/include/c++/9/bits/shared_ptr.h:714:5:[m[K [01;36m[Knote: [m[K  template argument deduction/substitution failed:
[2.492s] [01m[K/home/a/ros2_ws/src/px4_ros_com/src/examples/offboard/offboard_control_mode.cpp:212:36:[m[K [01;31m[Kerror: [m[Ktemplate argument 1 is invalid
[2.492s]   212 |  auto node = std::make_shared<arm>([01;31m[K)[m[K; //åˆ›å»ºå®ä¾‹ï¼Œè‡ªåŠ¨æ‰§è¡Œæ„é€ å‡½æ•°
[2.492s]       |                                    [01;31m[K^[m[K
[5.061s] make[2]: *** [CMakeFiles/offboard_control_mode.dir/build.make:63ï¼šCMakeFiles/offboard_control_mode.dir/src/examples/offboard/offboard_control_mode.cpp.o] é”™è¯¯ 1
[5.062s] make[1]: *** [CMakeFiles/Makefile2:133ï¼šCMakeFiles/offboard_control_mode.dir/all] é”™è¯¯ 2
[5.062s] make[1]: *** æ­£åœ¨ç­‰å¾…æœªå®Œæˆçš„ä»»åŠ¡....
[16.974s] [ 36%] [32m[1mLinking CXX executable offboard_control[0m
[17.210s] [ 36%] Built target offboard_control
[17.212s] make: *** [Makefile:141ï¼šall] é”™è¯¯ 2
[17.216s] Invoked command in '/home/a/ros2_ws/build/px4_ros_com' returned '2': CMAKE_PREFIX_PATH=/home/a/ros2_ws/install/px4_msgs:/home/a/ros2_ws/install/px4_ros_com:/home/a/ros2_ws/install/my_uav:/opt/ros/galactic LD_LIBRARY_PATH=/home/a/ros2_ws/install/px4_msgs/lib:/home/a/ros2_ws/install/px4_ros_com/lib:/usr/lib/x86_64-linux-gnu/gazebo-11/plugins:/opt/ros/galactic/opt/yaml_cpp_vendor/lib:/opt/ros/galactic/opt/rviz_ogre_vendor/lib:/opt/ros/galactic/lib/x86_64-linux-gnu:/opt/ros/galactic/lib:/home/a/PX4-Autopilot/build/px4_sitl_default/build_gazebo-classic /usr/bin/cmake --build /home/a/ros2_ws/build/px4_ros_com -- -j2 -l2
