[ 14%] Built target frame_transforms
[ 28%] Built target offboard_control
[35m[1mScanning dependencies of target sensor_combined_listener[0m
[ 42%] Built target my_uav_node
[ 50%] [32mBuilding CXX object CMakeFiles/sensor_combined_listener.dir/src/examples/listeners/sensor_combined_listener.cpp.o[0m
[ 64%] Built target vehicle_gps_position_listener
[ 78%] Built target debug_vect_advertiser
[35m[1mScanning dependencies of target vehicle_attitude_listener[0m
[ 85%] [32mBuilding CXX object CMakeFiles/vehicle_attitude_listener.dir/src/examples/listeners/vehicle_attitude_listener.cpp.o[0m
[01m[K/home/a/ros2_ws/src/px4_ros_com/src/examples/listeners/sensor_combined_listener.cpp:[m[K In constructor ‘[01m[KSensorCombinedListener::SensorCombinedListener()[m[K’:
[01m[K/home/a/ros2_ws/src/px4_ros_com/src/examples/listeners/sensor_combined_listener.cpp:21:75:[m[K [01;31m[Kerror: [m[Kexpected ‘[01m[K;[m[K’ before ‘[01m[Kif[m[K’
   21 |   log_file_.open("sensor_combined_log.txt", std::ios::out | std::ios::app)
      |                                                                           [01;31m[K^[m[K
      |                                                                           [32m[K;[m[K
   22 |   [32m[Kif[m[K (!log_file_) {
      |   [32m[K~~[m[K                                                                       
make[2]: *** [CMakeFiles/sensor_combined_listener.dir/build.make:63：CMakeFiles/sensor_combined_listener.dir/src/examples/listeners/sensor_combined_listener.cpp.o] 错误 1
make[1]: *** [CMakeFiles/Makefile2:144：CMakeFiles/sensor_combined_listener.dir/all] 错误 2
make[1]: *** 正在等待未完成的任务....
[ 92%] [32m[1mLinking CXX executable vehicle_attitude_listener[0m
[ 92%] Built target vehicle_attitude_listener
make: *** [Makefile:141：all] 错误 2
