[01m[K/home/a/ros2_ws/src/px4_ros_com/src/examples/offboard/arm.cpp:32:20:[m[K [01;31m[Kerror: [m[Kreturn type specification for constructor invalid
   32 |  void arm(float arm[01;31m[K)[m[K;
      |                    [01;31m[K^[m[K
[01m[K/home/a/ros2_ws/src/px4_ros_com/src/examples/offboard/arm.cpp:36:11:[m[K [01;31m[Kerror: [m[Kfield ‘[01m[Kfloat arm::arm[m[K’ with same name as class [[01;31m[K-fpermissive[m[K]
   36 |     float [01;31m[Karm[m[K;
      |           [01;31m[K^~~[m[K
[01m[K/home/a/ros2_ws/src/px4_ros_com/src/examples/offboard/arm.cpp:40:6:[m[K [01;31m[Kerror: [m[K‘[01m[KOffboardControl[m[K’ has not been declared
   40 | void [01;31m[KOffboardControl[m[K::arm(float arm)
      |      [01;31m[K^~~~~~~~~~~~~~~[m[K
[01m[K/home/a/ros2_ws/src/px4_ros_com/src/examples/offboard/arm.cpp:[m[K In function ‘[01m[Kvoid arm(float)[m[K’:
[01m[K/home/a/ros2_ws/src/px4_ros_com/src/examples/offboard/arm.cpp:45:3:[m[K [01;31m[Kerror: [m[K‘[01m[Kpublish_vehicle_command[m[K’ was not declared in this scope
   45 |   [01;31m[Kpublish_vehicle_command[m[K(VehicleCommand::VEHICLE_CMD_COMPONENT_ARM_DISARM, 1.0);
      |   [01;31m[K^~~~~~~~~~~~~~~~~~~~~~~[m[K
In file included from [01m[K/opt/ros/galactic/include/rclcpp/service.hpp:34[m[K,
                 from [01m[K/opt/ros/galactic/include/rclcpp/callback_group.hpp:25[m[K,
                 from [01m[K/opt/ros/galactic/include/rclcpp/any_executable.hpp:20[m[K,
                 from [01m[K/opt/ros/galactic/include/rclcpp/memory_strategy.hpp:25[m[K,
                 from [01m[K/opt/ros/galactic/include/rclcpp/memory_strategies.hpp:18[m[K,
                 from [01m[K/opt/ros/galactic/include/rclcpp/executor_options.hpp:20[m[K,
                 from [01m[K/opt/ros/galactic/include/rclcpp/executor.hpp:36[m[K,
                 from [01m[K/opt/ros/galactic/include/rclcpp/executors/multi_threaded_executor.hpp:26[m[K,
                 from [01m[K/opt/ros/galactic/include/rclcpp/executors.hpp:21[m[K,
                 from [01m[K/opt/ros/galactic/include/rclcpp/rclcpp.hpp:156[m[K,
                 from [01m[K/home/a/ros2_ws/src/px4_ros_com/src/examples/offboard/arm.cpp:7[m[K:
[01m[K/home/a/ros2_ws/src/px4_ros_com/src/examples/offboard/arm.cpp:46:15:[m[K [01;31m[Kerror: [m[Kinvalid use of ‘[01m[Kthis[m[K’ in non-member function
   46 |   RCLCPP_INFO([01;31m[Kthis[m[K->get_logger(), "Arm command send");
      |               [01;31m[K^~~~[m[K
[01m[K/home/a/ros2_ws/src/px4_ros_com/src/examples/offboard/arm.cpp:46:15:[m[K [01;31m[Kerror: [m[Kinvalid use of ‘[01m[Kthis[m[K’ in non-member function
[01m[K/home/a/ros2_ws/src/px4_ros_com/src/examples/offboard/arm.cpp:46:3:[m[K [01;31m[Kerror: [m[Ktemplate argument 1 is invalid
   46 |   [01;31m[KRCLCPP_INFO[m[K(this->get_logger(), "Arm command send");
      |   [01;31m[K^~~~~~~~~~~[m[K
[01m[K/home/a/ros2_ws/src/px4_ros_com/src/examples/offboard/arm.cpp:46:3:[m[K [01;31m[Kerror: [m[Ktemplate argument 1 is invalid
   46 |   [01;31m[KRCLCPP_INFO[m[K(this->get_logger(), "Arm command send");
      |   [01;31m[K^~~~~~~~~~~[m[K
[01m[K/home/a/ros2_ws/src/px4_ros_com/src/examples/offboard/arm.cpp:46:3:[m[K [01;31m[Kerror: [m[Ktemplate argument 1 is invalid
   46 |   [01;31m[KRCLCPP_INFO[m[K(this->get_logger(), "Arm command send");
      |   [01;31m[K^~~~~~~~~~~[m[K
In file included from [01m[K/opt/ros/galactic/include/rclcpp/client.hpp:40[m[K,
                 from [01m[K/opt/ros/galactic/include/rclcpp/callback_group.hpp:23[m[K,
                 from [01m[K/opt/ros/galactic/include/rclcpp/any_executable.hpp:20[m[K,
                 from [01m[K/opt/ros/galactic/include/rclcpp/memory_strategy.hpp:25[m[K,
                 from [01m[K/opt/ros/galactic/include/rclcpp/memory_strategies.hpp:18[m[K,
                 from [01m[K/opt/ros/galactic/include/rclcpp/executor_options.hpp:20[m[K,
                 from [01m[K/opt/ros/galactic/include/rclcpp/executor.hpp:36[m[K,
                 from [01m[K/opt/ros/galactic/include/rclcpp/executors/multi_threaded_executor.hpp:26[m[K,
                 from [01m[K/opt/ros/galactic/include/rclcpp/executors.hpp:21[m[K,
                 from [01m[K/opt/ros/galactic/include/rclcpp/rclcpp.hpp:156[m[K,
                 from [01m[K/home/a/ros2_ws/src/px4_ros_com/src/examples/offboard/arm.cpp:7[m[K:
[01m[K/home/a/ros2_ws/src/px4_ros_com/src/examples/offboard/arm.cpp:46:15:[m[K [01;31m[Kerror: [m[Kinvalid use of ‘[01m[Kthis[m[K’ in non-member function
   46 |   RCLCPP_INFO([01;31m[Kthis[m[K->get_logger(), "Arm command send");
      |               [01;31m[K^~~~[m[K
[01m[K/home/a/ros2_ws/src/px4_ros_com/src/examples/offboard/arm.cpp:46:15:[m[K [01;31m[Kerror: [m[Kinvalid use of ‘[01m[Kthis[m[K’ in non-member function
   46 |   RCLCPP_INFO([01;31m[Kthis[m[K->get_logger(), "Arm command send");
      |               [01;31m[K^~~~[m[K
[01m[K/home/a/ros2_ws/src/px4_ros_com/src/examples/offboard/arm.cpp:48:3:[m[K [01;31m[Kerror: [m[K‘[01m[Kpublish_vehicle_command[m[K’ was not declared in this scope
   48 |   [01;31m[Kpublish_vehicle_command[m[K(VehicleCommand::VEHICLE_CMD_COMPONENT_ARM_DISARM, 0.0);
      |   [01;31m[K^~~~~~~~~~~~~~~~~~~~~~~[m[K
In file included from [01m[K/opt/ros/galactic/include/rclcpp/service.hpp:34[m[K,
                 from [01m[K/opt/ros/galactic/include/rclcpp/callback_group.hpp:25[m[K,
                 from [01m[K/opt/ros/galactic/include/rclcpp/any_executable.hpp:20[m[K,
                 from [01m[K/opt/ros/galactic/include/rclcpp/memory_strategy.hpp:25[m[K,
                 from [01m[K/opt/ros/galactic/include/rclcpp/memory_strategies.hpp:18[m[K,
                 from [01m[K/opt/ros/galactic/include/rclcpp/executor_options.hpp:20[m[K,
                 from [01m[K/opt/ros/galactic/include/rclcpp/executor.hpp:36[m[K,
                 from [01m[K/opt/ros/galactic/include/rclcpp/executors/multi_threaded_executor.hpp:26[m[K,
                 from [01m[K/opt/ros/galactic/include/rclcpp/executors.hpp:21[m[K,
                 from [01m[K/opt/ros/galactic/include/rclcpp/rclcpp.hpp:156[m[K,
                 from [01m[K/home/a/ros2_ws/src/px4_ros_com/src/examples/offboard/arm.cpp:7[m[K:
[01m[K/home/a/ros2_ws/src/px4_ros_com/src/examples/offboard/arm.cpp:49:15:[m[K [01;31m[Kerror: [m[Kinvalid use of ‘[01m[Kthis[m[K’ in non-member function
   49 |   RCLCPP_INFO([01;31m[Kthis[m[K->get_logger(), "Disarm command send");
      |               [01;31m[K^~~~[m[K
[01m[K/home/a/ros2_ws/src/px4_ros_com/src/examples/offboard/arm.cpp:49:15:[m[K [01;31m[Kerror: [m[Kinvalid use of ‘[01m[Kthis[m[K’ in non-member function
[01m[K/home/a/ros2_ws/src/px4_ros_com/src/examples/offboard/arm.cpp:49:3:[m[K [01;31m[Kerror: [m[Ktemplate argument 1 is invalid
   49 |   [01;31m[KRCLCPP_INFO[m[K(this->get_logger(), "Disarm command send");
      |   [01;31m[K^~~~~~~~~~~[m[K
[01m[K/home/a/ros2_ws/src/px4_ros_com/src/examples/offboard/arm.cpp:49:3:[m[K [01;31m[Kerror: [m[Ktemplate argument 1 is invalid
   49 |   [01;31m[KRCLCPP_INFO[m[K(this->get_logger(), "Disarm command send");
      |   [01;31m[K^~~~~~~~~~~[m[K
[01m[K/home/a/ros2_ws/src/px4_ros_com/src/examples/offboard/arm.cpp:49:3:[m[K [01;31m[Kerror: [m[Ktemplate argument 1 is invalid
   49 |   [01;31m[KRCLCPP_INFO[m[K(this->get_logger(), "Disarm command send");
      |   [01;31m[K^~~~~~~~~~~[m[K
In file included from [01m[K/opt/ros/galactic/include/rclcpp/client.hpp:40[m[K,
                 from [01m[K/opt/ros/galactic/include/rclcpp/callback_group.hpp:23[m[K,
                 from [01m[K/opt/ros/galactic/include/rclcpp/any_executable.hpp:20[m[K,
                 from [01m[K/opt/ros/galactic/include/rclcpp/memory_strategy.hpp:25[m[K,
                 from [01m[K/opt/ros/galactic/include/rclcpp/memory_strategies.hpp:18[m[K,
                 from [01m[K/opt/ros/galactic/include/rclcpp/executor_options.hpp:20[m[K,
                 from [01m[K/opt/ros/galactic/include/rclcpp/executor.hpp:36[m[K,
                 from [01m[K/opt/ros/galactic/include/rclcpp/executors/multi_threaded_executor.hpp:26[m[K,
                 from [01m[K/opt/ros/galactic/include/rclcpp/executors.hpp:21[m[K,
                 from [01m[K/opt/ros/galactic/include/rclcpp/rclcpp.hpp:156[m[K,
                 from [01m[K/home/a/ros2_ws/src/px4_ros_com/src/examples/offboard/arm.cpp:7[m[K:
[01m[K/home/a/ros2_ws/src/px4_ros_com/src/examples/offboard/arm.cpp:49:15:[m[K [01;31m[Kerror: [m[Kinvalid use of ‘[01m[Kthis[m[K’ in non-member function
   49 |   RCLCPP_INFO([01;31m[Kthis[m[K->get_logger(), "Disarm command send");
      |               [01;31m[K^~~~[m[K
[01m[K/home/a/ros2_ws/src/px4_ros_com/src/examples/offboard/arm.cpp:49:15:[m[K [01;31m[Kerror: [m[Kinvalid use of ‘[01m[Kthis[m[K’ in non-member function
   49 |   RCLCPP_INFO([01;31m[Kthis[m[K->get_logger(), "Disarm command send");
      |               [01;31m[K^~~~[m[K
[01m[K/home/a/ros2_ws/src/px4_ros_com/src/examples/offboard/arm.cpp:[m[K At global scope:
[01m[K/home/a/ros2_ws/src/px4_ros_com/src/examples/offboard/arm.cpp:55:6:[m[K [01;31m[Kerror: [m[K‘[01m[KOffboardControl[m[K’ has not been declared
   55 | void [01;31m[KOffboardControl[m[K::publish_vehicle_command(uint16_t command, float param1=0.0)
      |      [01;31m[K^~~~~~~~~~~~~~~[m[K
[01m[K/home/a/ros2_ws/src/px4_ros_com/src/examples/offboard/arm.cpp:[m[K In function ‘[01m[Kvoid publish_vehicle_command(uint16_t, float)[m[K’:
[01m[K/home/a/ros2_ws/src/px4_ros_com/src/examples/offboard/arm.cpp:74:18:[m[K [01;31m[Kerror: [m[Kinvalid use of ‘[01m[Kthis[m[K’ in non-member function
   74 |  msg.timestamp = [01;31m[Kthis[m[K->get_clock()->now().nanoseconds() / 1000;
      |                  [01;31m[K^~~~[m[K
[01m[K/home/a/ros2_ws/src/px4_ros_com/src/examples/offboard/arm.cpp:75:2:[m[K [01;31m[Kerror: [m[K‘[01m[Kvehicle_command_publisher_[m[K’ was not declared in this scope
   75 |  [01;31m[Kvehicle_command_publisher_[m[K->publish(msg);
      |  [01;31m[K^~~~~~~~~~~~~~~~~~~~~~~~~~[m[K
[01m[K/home/a/ros2_ws/src/px4_ros_com/src/examples/offboard/arm.cpp:[m[K In function ‘[01m[Kint main(int, char**)[m[K’:
[01m[K/home/a/ros2_ws/src/px4_ros_com/src/examples/offboard/arm.cpp:81:39:[m[K [01;31m[Kerror: [m[Kno matching function for call to ‘[01m[Kmake_shared<arm>()[m[K’
   81 |     auto node = std::make_shared<arm>([01;31m[K)[m[K;
      |                                       [01;31m[K^[m[K
In file included from [01m[K/usr/include/c++/9/memory:81[m[K,
                 from [01m[K/opt/ros/galactic/include/rclcpp/rclcpp.hpp:154[m[K,
                 from [01m[K/home/a/ros2_ws/src/px4_ros_com/src/examples/offboard/arm.cpp:7[m[K:
[01m[K/usr/include/c++/9/bits/shared_ptr.h:714:5:[m[K [01;36m[Knote: [m[Kcandidate: ‘[01m[Ktemplate<class _Tp, class ... _Args> std::shared_ptr<_Tp> std::make_shared(_Args&& ...)[m[K’
  714 |     [01;36m[Kmake_shared[m[K(_Args&&... __args)
      |     [01;36m[K^~~~~~~~~~~[m[K
[01m[K/usr/include/c++/9/bits/shared_ptr.h:714:5:[m[K [01;36m[Knote: [m[K  template argument deduction/substitution failed:
make[2]: *** [CMakeFiles/arm.dir/build.make:63：CMakeFiles/arm.dir/src/examples/offboard/arm.cpp.o] 错误 1
make[1]: *** [CMakeFiles/Makefile2:206：CMakeFiles/arm.dir/all] 错误 2
make[1]: *** 正在等待未完成的任务....
make: *** [Makefile:141：all] 错误 2
