-- Found ament_cmake: 1.1.6 (/opt/ros/galactic/share/ament_cmake/cmake)
-- Using PYTHON_EXECUTABLE: /usr/bin/python3
-- Override CMake install command with custom implementation using symlinks instead of copying resources
-- Found builtin_interfaces: 1.0.3 (/opt/ros/galactic/share/builtin_interfaces/cmake)
-- Using all available rosidl_typesupport_c: rosidl_typesupport_fastrtps_c;rosidl_typesupport_introspection_c
-- Found rosidl_adapter: 2.2.3 (/opt/ros/galactic/share/rosidl_adapter/cmake)
-- Using all available rosidl_typesupport_cpp: rosidl_typesupport_fastrtps_cpp;rosidl_typesupport_introspection_cpp
-- Found eigen3_cmake_module: 0.1.1 (/opt/ros/galactic/share/eigen3_cmake_module/cmake)
-- Found geometry_msgs: 2.2.4 (/opt/ros/galactic/share/geometry_msgs/cmake)
-- Found px4_msgs: 2.0.1 (/home/a/ros2_ws/install/px4_msgs/share/px4_msgs/cmake)
-- Found rclcpp: 9.2.2 (/opt/ros/galactic/share/rclcpp/cmake)
-- Found rmw_implementation_cmake: 3.3.1 (/opt/ros/galactic/share/rmw_implementation_cmake/cmake)
-- Found rmw_cyclonedds_cpp: 0.22.6 (/opt/ros/galactic/share/rmw_cyclonedds_cpp/cmake)
-- Using RMW implementation 'rmw_cyclonedds_cpp' as default
-- Found sensor_msgs: 2.2.4 (/opt/ros/galactic/share/sensor_msgs/cmake)
-- Found ament_lint_auto: 0.10.7 (/opt/ros/galactic/share/ament_lint_auto/cmake)
-- Added test 'copyright' to check source files copyright and LICENSE
-- Added test 'cppcheck' to perform static code analysis on C / C++ code
-- Configured cppcheck include dirs: /home/a/ros2_ws/src/px4_ros_com/include;$<BUILD_INTERFACE:/home/a/ros2_ws/src/px4_ros_com/include/px4_ros_com>
-- Configured cppcheck exclude dirs and/or files: 
-- Added test 'cpplint' to check C / C++ code against the Google style
-- Configured cpplint exclude dirs and/or files: 
-- Added test 'flake8' to check Python code syntax and style conventions
-- Added test 'lint_cmake' to check CMake code style
-- Added test 'pep257' to check Python code against some of the style conventions in PEP 257
-- Added test 'uncrustify' to check C / C++ code style
-- Configured uncrustify additional arguments: 
-- Added test 'xmllint' to check XML markup files
-- Configuring done
-- Generating done
-- Build files have been written to: /home/a/ros2_ws/build/px4_ros_com
[  9%] Built target frame_transforms
[ 18%] Built target offboard_control
[35m[1mScanning dependencies of target arm[0m
[ 27%] Built target sensor_combined_listener
[ 31%] [32mBuilding CXX object CMakeFiles/arm.dir/src/examples/offboard/arm.cpp.o[0m
[ 40%] Built target my_uav_node
[ 50%] Built target vehicle_gps_position_listener
[ 59%] Built target debug_vect_advertiser
[ 68%] Built target trajectory_setpoint
[35m[1mScanning dependencies of target vel_yaw[0m
[ 72%] [32mBuilding CXX object CMakeFiles/vel_yaw.dir/src/examples/offboard/vel_yaw.cpp.o[0m
[01m[K/home/a/ros2_ws/src/px4_ros_com/src/examples/offboard/arm.cpp:32:20:[m[K [01;31m[Kerror: [m[Kreturn type specification for constructor invalid
   32 |  void arm(float arm[01;31m[K)[m[K;
      |                    [01;31m[K^[m[K
[01m[K/home/a/ros2_ws/src/px4_ros_com/src/examples/offboard/arm.cpp:36:11:[m[K [01;31m[Kerror: [m[Kfield ‚Äò[01m[Kfloat arm::arm[m[K‚Äô with same name as class [[01;31m[K-fpermissive[m[K]
   36 |     float [01;31m[Karm[m[K;
      |           [01;31m[K^~~[m[K
[01m[K/home/a/ros2_ws/src/px4_ros_com/src/examples/offboard/arm.cpp:40:6:[m[K [01;31m[Kerror: [m[K‚Äò[01m[KOffboardControl[m[K‚Äô has not been declared
   40 | void [01;31m[KOffboardControl[m[K::arm(float arm)
      |      [01;31m[K^~~~~~~~~~~~~~~[m[K
[01m[K/home/a/ros2_ws/src/px4_ros_com/src/examples/offboard/arm.cpp:[m[K In function ‚Äò[01m[Kvoid arm(float)[m[K‚Äô:
[01m[K/home/a/ros2_ws/src/px4_ros_com/src/examples/offboard/arm.cpp:45:3:[m[K [01;31m[Kerror: [m[K‚Äò[01m[Kpublish_vehicle_command[m[K‚Äô was not declared in this scope
   45 |   [01;31m[Kpublish_vehicle_command[m[K(VehicleCommand::VEHICLE_CMD_COMPONENT_ARM_DISARM, 1.0);
      |   [01;31m[K^~~~~~~~~~~~~~~~~~~~~~~[m[K
In file included from [01m[K/opt/ros/galactic/include/rclcpp/service.hpp:34[m[K,
                 from [01m[K/opt/ros/galactic/include/rclcpp/callback_group.hpp:25[m[K,
                 from [01m[K/opt/ros/galactic/include/rclcpp/any_executable.hpp:20[m[K,
                 from [01m[K/opt/ros/galactic/include/rclcpp/memory_strategy.hpp:25[m[K,
                 from [01m[K/opt/ros/galactic/include/rclcpp/memory_strategies.hpp:18[m[K,
                 from [01m[K/opt/ros/galactic/include/rclcpp/executor_options.hpp:20[m[K,
                 from [01m[K/opt/ros/galactic/include/rclcpp/executor.hpp:36[m[K,
                 from [01m[K/opt/ros/galactic/include/rclcpp/executors/multi_threaded_executor.hpp:26[m[K,
                 from [01m[K/opt/ros/galactic/include/rclcpp/executors.hpp:21[m[K,
                 from [01m[K/opt/ros/galactic/include/rclcpp/rclcpp.hpp:156[m[K,
                 from [01m[K/home/a/ros2_ws/src/px4_ros_com/src/examples/offboard/arm.cpp:7[m[K:
[01m[K/home/a/ros2_ws/src/px4_ros_com/src/examples/offboard/arm.cpp:46:15:[m[K [01;31m[Kerror: [m[Kinvalid use of ‚Äò[01m[Kthis[m[K‚Äô in non-member function
   46 |   RCLCPP_INFO([01;31m[Kthis[m[K->get_logger(), "Arm command send");
      |               [01;31m[K^~~~[m[K
[01m[K/home/a/ros2_ws/src/px4_ros_com/src/examples/offboard/arm.cpp:46:15:[m[K [01;31m[Kerror: [m[Kinvalid use of ‚Äò[01m[Kthis[m[K‚Äô in non-member function
[01m[K/home/a/ros2_ws/src/px4_ros_com/src/examples/offboard/arm.cpp:46:3:[m[K [01;31m[Kerror: [m[Ktemplate argument 1 is invalid
   46 |   [01;31m[KRCLCPP_INFO[m[K(this->get_logger(), "Arm command send");
      |   [01;31m[K^~~~~~~~~~~[m[K
[01m[K/home/a/ros2_ws/src/px4_ros_com/src/examples/offboard/arm.cpp:46:3:[m[K [01;31m[Kerror: [m[Ktemplate argument 1 is invalid
   46 |   [01;31m[KRCLCPP_INFO[m[K(this->get_logger(), "Arm command send");
      |   [01;31m[K^~~~~~~~~~~[m[K
[01m[K/home/a/ros2_ws/src/px4_ros_com/src/examples/offboard/arm.cpp:46:3:[m[K [01;31m[Kerror: [m[Ktemplate argument 1 is invalid
   46 |   [01;31m[KRCLCPP_INFO[m[K(this->get_logger(), "Arm command send");
      |   [01;31m[K^~~~~~~~~~~[m[K
In file included from [01m[K/opt/ros/galactic/include/rclcpp/client.hpp:40[m[K,
                 from [01m[K/opt/ros/galactic/include/rclcpp/callback_group.hpp:23[m[K,
                 from [01m[K/opt/ros/galactic/include/rclcpp/any_executable.hpp:20[m[K,
                 from [01m[K/opt/ros/galactic/include/rclcpp/memory_strategy.hpp:25[m[K,
                 from [01m[K/opt/ros/galactic/include/rclcpp/memory_strategies.hpp:18[m[K,
                 from [01m[K/opt/ros/galactic/include/rclcpp/executor_options.hpp:20[m[K,
                 from [01m[K/opt/ros/galactic/include/rclcpp/executor.hpp:36[m[K,
                 from [01m[K/opt/ros/galactic/include/rclcpp/executors/multi_threaded_executor.hpp:26[m[K,
                 from [01m[K/opt/ros/galactic/include/rclcpp/executors.hpp:21[m[K,
                 from [01m[K/opt/ros/galactic/include/rclcpp/rclcpp.hpp:156[m[K,
                 from [01m[K/home/a/ros2_ws/src/px4_ros_com/src/examples/offboard/arm.cpp:7[m[K:
[01m[K/home/a/ros2_ws/src/px4_ros_com/src/examples/offboard/arm.cpp:46:15:[m[K [01;31m[Kerror: [m[Kinvalid use of ‚Äò[01m[Kthis[m[K‚Äô in non-member function
   46 |   RCLCPP_INFO([01;31m[Kthis[m[K->get_logger(), "Arm command send");
      |               [01;31m[K^~~~[m[K
[01m[K/home/a/ros2_ws/src/px4_ros_com/src/examples/offboard/arm.cpp:46:15:[m[K [01;31m[Kerror: [m[Kinvalid use of ‚Äò[01m[Kthis[m[K‚Äô in non-member function
   46 |   RCLCPP_INFO([01;31m[Kthis[m[K->get_logger(), "Arm command send");
      |               [01;31m[K^~~~[m[K
[01m[K/home/a/ros2_ws/src/px4_ros_com/src/examples/offboard/arm.cpp:48:3:[m[K [01;31m[Kerror: [m[K‚Äò[01m[Kpublish_vehicle_command[m[K‚Äô was not declared in this scope
   48 |   [01;31m[Kpublish_vehicle_command[m[K(VehicleCommand::VEHICLE_CMD_COMPONENT_ARM_DISARM, 0.0);
      |   [01;31m[K^~~~~~~~~~~~~~~~~~~~~~~[m[K
In file included from [01m[K/opt/ros/galactic/include/rclcpp/service.hpp:34[m[K,
                 from [01m[K/opt/ros/galactic/include/rclcpp/callback_group.hpp:25[m[K,
                 from [01m[K/opt/ros/galactic/include/rclcpp/any_executable.hpp:20[m[K,
                 from [01m[K/opt/ros/galactic/include/rclcpp/memory_strategy.hpp:25[m[K,
                 from [01m[K/opt/ros/galactic/include/rclcpp/memory_strategies.hpp:18[m[K,
                 from [01m[K/opt/ros/galactic/include/rclcpp/executor_options.hpp:20[m[K,
                 from [01m[K/opt/ros/galactic/include/rclcpp/executor.hpp:36[m[K,
                 from [01m[K/opt/ros/galactic/include/rclcpp/executors/multi_threaded_executor.hpp:26[m[K,
                 from [01m[K/opt/ros/galactic/include/rclcpp/executors.hpp:21[m[K,
                 from [01m[K/opt/ros/galactic/include/rclcpp/rclcpp.hpp:156[m[K,
                 from [01m[K/home/a/ros2_ws/src/px4_ros_com/src/examples/offboard/arm.cpp:7[m[K:
[01m[K/home/a/ros2_ws/src/px4_ros_com/src/examples/offboard/arm.cpp:49:15:[m[K [01;31m[Kerror: [m[Kinvalid use of ‚Äò[01m[Kthis[m[K‚Äô in non-member function
   49 |   RCLCPP_INFO([01;31m[Kthis[m[K->get_logger(), "Disarm command send");
      |               [01;31m[K^~~~[m[K
[01m[K/home/a/ros2_ws/src/px4_ros_com/src/examples/offboard/arm.cpp:49:15:[m[K [01;31m[Kerror: [m[Kinvalid use of ‚Äò[01m[Kthis[m[K‚Äô in non-member function
[01m[K/home/a/ros2_ws/src/px4_ros_com/src/examples/offboard/arm.cpp:49:3:[m[K [01;31m[Kerror: [m[Ktemplate argument 1 is invalid
   49 |   [01;31m[KRCLCPP_INFO[m[K(this->get_logger(), "Disarm command send");
      |   [01;31m[K^~~~~~~~~~~[m[K
[01m[K/home/a/ros2_ws/src/px4_ros_com/src/examples/offboard/arm.cpp:49:3:[m[K [01;31m[Kerror: [m[Ktemplate argument 1 is invalid
   49 |   [01;31m[KRCLCPP_INFO[m[K(this->get_logger(), "Disarm command send");
      |   [01;31m[K^~~~~~~~~~~[m[K
[01m[K/home/a/ros2_ws/src/px4_ros_com/src/examples/offboard/arm.cpp:49:3:[m[K [01;31m[Kerror: [m[Ktemplate argument 1 is invalid
   49 |   [01;31m[KRCLCPP_INFO[m[K(this->get_logger(), "Disarm command send");
      |   [01;31m[K^~~~~~~~~~~[m[K
In file included from [01m[K/opt/ros/galactic/include/rclcpp/client.hpp:40[m[K,
                 from [01m[K/opt/ros/galactic/include/rclcpp/callback_group.hpp:23[m[K,
                 from [01m[K/opt/ros/galactic/include/rclcpp/any_executable.hpp:20[m[K,
                 from [01m[K/opt/ros/galactic/include/rclcpp/memory_strategy.hpp:25[m[K,
                 from [01m[K/opt/ros/galactic/include/rclcpp/memory_strategies.hpp:18[m[K,
                 from [01m[K/opt/ros/galactic/include/rclcpp/executor_options.hpp:20[m[K,
                 from [01m[K/opt/ros/galactic/include/rclcpp/executor.hpp:36[m[K,
                 from [01m[K/opt/ros/galactic/include/rclcpp/executors/multi_threaded_executor.hpp:26[m[K,
                 from [01m[K/opt/ros/galactic/include/rclcpp/executors.hpp:21[m[K,
                 from [01m[K/opt/ros/galactic/include/rclcpp/rclcpp.hpp:156[m[K,
                 from [01m[K/home/a/ros2_ws/src/px4_ros_com/src/examples/offboard/arm.cpp:7[m[K:
[01m[K/home/a/ros2_ws/src/px4_ros_com/src/examples/offboard/arm.cpp:49:15:[m[K [01;31m[Kerror: [m[Kinvalid use of ‚Äò[01m[Kthis[m[K‚Äô in non-member function
   49 |   RCLCPP_INFO([01;31m[Kthis[m[K->get_logger(), "Disarm command send");
      |               [01;31m[K^~~~[m[K
[01m[K/home/a/ros2_ws/src/px4_ros_com/src/examples/offboard/arm.cpp:49:15:[m[K [01;31m[Kerror: [m[Kinvalid use of ‚Äò[01m[Kthis[m[K‚Äô in non-member function
   49 |   RCLCPP_INFO([01;31m[Kthis[m[K->get_logger(), "Disarm command send");
      |               [01;31m[K^~~~[m[K
[01m[K/home/a/ros2_ws/src/px4_ros_com/src/examples/offboard/arm.cpp:[m[K At global scope:
[01m[K/home/a/ros2_ws/src/px4_ros_com/src/examples/offboard/arm.cpp:55:6:[m[K [01;31m[Kerror: [m[K‚Äò[01m[KOffboardControl[m[K‚Äô has not been declared
   55 | void [01;31m[KOffboardControl[m[K::publish_vehicle_command(uint16_t command, float param1=0.0)
      |      [01;31m[K^~~~~~~~~~~~~~~[m[K
[01m[K/home/a/ros2_ws/src/px4_ros_com/src/examples/offboard/arm.cpp:[m[K In function ‚Äò[01m[Kvoid publish_vehicle_command(uint16_t, float)[m[K‚Äô:
[01m[K/home/a/ros2_ws/src/px4_ros_com/src/examples/offboard/arm.cpp:74:18:[m[K [01;31m[Kerror: [m[Kinvalid use of ‚Äò[01m[Kthis[m[K‚Äô in non-member function
   74 |  msg.timestamp = [01;31m[Kthis[m[K->get_clock()->now().nanoseconds() / 1000;
      |                  [01;31m[K^~~~[m[K
[01m[K/home/a/ros2_ws/src/px4_ros_com/src/examples/offboard/arm.cpp:75:2:[m[K [01;31m[Kerror: [m[K‚Äò[01m[Kvehicle_command_publisher_[m[K‚Äô was not declared in this scope
   75 |  [01;31m[Kvehicle_command_publisher_[m[K->publish(msg);
      |  [01;31m[K^~~~~~~~~~~~~~~~~~~~~~~~~~[m[K
[01m[K/home/a/ros2_ws/src/px4_ros_com/src/examples/offboard/arm.cpp:[m[K In function ‚Äò[01m[Kint main(int, char**)[m[K‚Äô:
[01m[K/home/a/ros2_ws/src/px4_ros_com/src/examples/offboard/arm.cpp:81:39:[m[K [01;31m[Kerror: [m[Kno matching function for call to ‚Äò[01m[Kmake_shared<arm>()[m[K‚Äô
   81 |     auto node = std::make_shared<arm>([01;31m[K)[m[K;
      |                                       [01;31m[K^[m[K
In file included from [01m[K/usr/include/c++/9/memory:81[m[K,
                 from [01m[K/opt/ros/galactic/include/rclcpp/rclcpp.hpp:154[m[K,
                 from [01m[K/home/a/ros2_ws/src/px4_ros_com/src/examples/offboard/arm.cpp:7[m[K:
[01m[K/usr/include/c++/9/bits/shared_ptr.h:714:5:[m[K [01;36m[Knote: [m[Kcandidate: ‚Äò[01m[Ktemplate<class _Tp, class ... _Args> std::shared_ptr<_Tp> std::make_shared(_Args&& ...)[m[K‚Äô
  714 |     [01;36m[Kmake_shared[m[K(_Args&&... __args)
      |     [01;36m[K^~~~~~~~~~~[m[K
[01m[K/usr/include/c++/9/bits/shared_ptr.h:714:5:[m[K [01;36m[Knote: [m[K  template argument deduction/substitution failed:
make[2]: *** [CMakeFiles/arm.dir/build.make:63ÔºöCMakeFiles/arm.dir/src/examples/offboard/arm.cpp.o] ÈîôËØØ 1
make[1]: *** [CMakeFiles/Makefile2:206ÔºöCMakeFiles/arm.dir/all] ÈîôËØØ 2
make[1]: *** Ê≠£Âú®Á≠âÂæÖÊú™ÂÆåÊàêÁöÑ‰ªªÂä°....
[ 77%] [32m[1mLinking CXX executable vel_yaw[0m
[ 77%] Built target vel_yaw
make: *** [Makefile:141Ôºöall] ÈîôËØØ 2
