[0.024s] Invoking command in '/home/a/ros2_ws/build/px4_ros_com': CMAKE_PREFIX_PATH=/home/a/ros2_ws/install/px4_msgs:/home/a/ros2_ws/install/px4_ros_com:/home/a/ros2_ws/install/my_uav:/opt/ros/galactic LD_LIBRARY_PATH=/home/a/ros2_ws/install/px4_msgs/lib:/home/a/ros2_ws/install/px4_ros_com/lib:/usr/lib/x86_64-linux-gnu/gazebo-11/plugins:/opt/ros/galactic/opt/yaml_cpp_vendor/lib:/opt/ros/galactic/opt/rviz_ogre_vendor/lib:/opt/ros/galactic/lib/x86_64-linux-gnu:/opt/ros/galactic/lib:/home/a/PX4-Autopilot/build/px4_sitl_default/build_gazebo-classic /usr/bin/cmake --build /home/a/ros2_ws/build/px4_ros_com -- -j2 -l2
[0.069s] -- Found ament_cmake: 1.1.6 (/opt/ros/galactic/share/ament_cmake/cmake)
[0.088s] -- Using PYTHON_EXECUTABLE: /usr/bin/python3
[0.144s] -- Override CMake install command with custom implementation using symlinks instead of copying resources
[0.155s] -- Found builtin_interfaces: 1.0.3 (/opt/ros/galactic/share/builtin_interfaces/cmake)
[0.172s] -- Using all available rosidl_typesupport_c: rosidl_typesupport_fastrtps_c;rosidl_typesupport_introspection_c
[0.174s] -- Found rosidl_adapter: 2.2.3 (/opt/ros/galactic/share/rosidl_adapter/cmake)
[0.298s] -- Using all available rosidl_typesupport_cpp: rosidl_typesupport_fastrtps_cpp;rosidl_typesupport_introspection_cpp
[0.320s] -- Found eigen3_cmake_module: 0.1.1 (/opt/ros/galactic/share/eigen3_cmake_module/cmake)
[0.324s] -- Found geometry_msgs: 2.2.4 (/opt/ros/galactic/share/geometry_msgs/cmake)
[0.369s] -- Found px4_msgs: 2.0.1 (/home/a/ros2_ws/install/px4_msgs/share/px4_msgs/cmake)
[0.383s] -- Found rclcpp: 9.2.2 (/opt/ros/galactic/share/rclcpp/cmake)
[0.416s] -- Found rmw_implementation_cmake: 3.3.1 (/opt/ros/galactic/share/rmw_implementation_cmake/cmake)
[0.418s] -- Found rmw_cyclonedds_cpp: 0.22.6 (/opt/ros/galactic/share/rmw_cyclonedds_cpp/cmake)
[0.433s] -- Using RMW implementation 'rmw_cyclonedds_cpp' as default
[0.547s] -- Found sensor_msgs: 2.2.4 (/opt/ros/galactic/share/sensor_msgs/cmake)
[0.626s] -- Found ament_lint_auto: 0.10.7 (/opt/ros/galactic/share/ament_lint_auto/cmake)
[0.696s] -- Added test 'copyright' to check source files copyright and LICENSE
[0.707s] -- Added test 'cppcheck' to perform static code analysis on C / C++ code
[0.708s] -- Configured cppcheck include dirs: /home/a/ros2_ws/src/px4_ros_com/include;$<BUILD_INTERFACE:/home/a/ros2_ws/src/px4_ros_com/include/px4_ros_com>
[0.708s] -- Configured cppcheck exclude dirs and/or files: 
[0.711s] -- Added test 'cpplint' to check C / C++ code against the Google style
[0.711s] -- Configured cpplint exclude dirs and/or files: 
[0.712s] -- Added test 'flake8' to check Python code syntax and style conventions
[0.713s] -- Added test 'lint_cmake' to check CMake code style
[0.714s] -- Added test 'pep257' to check Python code against some of the style conventions in PEP 257
[0.717s] -- Added test 'uncrustify' to check C / C++ code style
[0.717s] -- Configured uncrustify additional arguments: 
[0.718s] -- Added test 'xmllint' to check XML markup files
[0.724s] -- Configuring done
[0.791s] -- Generating done
[0.808s] -- Build files have been written to: /home/a/ros2_ws/build/px4_ros_com
[0.858s] [  9%] Built target frame_transforms
[0.861s] [ 18%] Built target offboard_control
[0.871s] [35m[1mScanning dependencies of target arm[0m
[0.906s] [ 27%] Built target sensor_combined_listener
[0.918s] [ 31%] [32mBuilding CXX object CMakeFiles/arm.dir/src/examples/offboard/arm.cpp.o[0m
[0.940s] [ 40%] Built target my_uav_node
[0.979s] [ 50%] Built target vehicle_gps_position_listener
[1.017s] [ 59%] Built target debug_vect_advertiser
[1.054s] [ 68%] Built target trajectory_setpoint
[1.073s] [35m[1mScanning dependencies of target vel_yaw[0m
[1.110s] [ 72%] [32mBuilding CXX object CMakeFiles/vel_yaw.dir/src/examples/offboard/vel_yaw.cpp.o[0m
[3.297s] [01m[K/home/a/ros2_ws/src/px4_ros_com/src/examples/offboard/arm.cpp:32:20:[m[K [01;31m[Kerror: [m[Kreturn type specification for constructor invalid
[3.298s]    32 |  void arm(float arm[01;31m[K)[m[K;
[3.298s]       |                    [01;31m[K^[m[K
[3.303s] [01m[K/home/a/ros2_ws/src/px4_ros_com/src/examples/offboard/arm.cpp:36:11:[m[K [01;31m[Kerror: [m[Kfield ‚Äò[01m[Kfloat arm::arm[m[K‚Äô with same name as class [[01;31m[K-fpermissive[m[K]
[3.303s]    36 |     float [01;31m[Karm[m[K;
[3.303s]       |           [01;31m[K^~~[m[K
[3.308s] [01m[K/home/a/ros2_ws/src/px4_ros_com/src/examples/offboard/arm.cpp:40:6:[m[K [01;31m[Kerror: [m[K‚Äò[01m[KOffboardControl[m[K‚Äô has not been declared
[3.308s]    40 | void [01;31m[KOffboardControl[m[K::arm(float arm)
[3.308s]       |      [01;31m[K^~~~~~~~~~~~~~~[m[K
[3.313s] [01m[K/home/a/ros2_ws/src/px4_ros_com/src/examples/offboard/arm.cpp:[m[K In function ‚Äò[01m[Kvoid arm(float)[m[K‚Äô:
[3.313s] [01m[K/home/a/ros2_ws/src/px4_ros_com/src/examples/offboard/arm.cpp:45:3:[m[K [01;31m[Kerror: [m[K‚Äò[01m[Kpublish_vehicle_command[m[K‚Äô was not declared in this scope
[3.313s]    45 |   [01;31m[Kpublish_vehicle_command[m[K(VehicleCommand::VEHICLE_CMD_COMPONENT_ARM_DISARM, 1.0);
[3.313s]       |   [01;31m[K^~~~~~~~~~~~~~~~~~~~~~~[m[K
[3.313s] In file included from [01m[K/opt/ros/galactic/include/rclcpp/service.hpp:34[m[K,
[3.314s]                  from [01m[K/opt/ros/galactic/include/rclcpp/callback_group.hpp:25[m[K,
[3.314s]                  from [01m[K/opt/ros/galactic/include/rclcpp/any_executable.hpp:20[m[K,
[3.314s]                  from [01m[K/opt/ros/galactic/include/rclcpp/memory_strategy.hpp:25[m[K,
[3.314s]                  from [01m[K/opt/ros/galactic/include/rclcpp/memory_strategies.hpp:18[m[K,
[3.314s]                  from [01m[K/opt/ros/galactic/include/rclcpp/executor_options.hpp:20[m[K,
[3.314s]                  from [01m[K/opt/ros/galactic/include/rclcpp/executor.hpp:36[m[K,
[3.314s]                  from [01m[K/opt/ros/galactic/include/rclcpp/executors/multi_threaded_executor.hpp:26[m[K,
[3.314s]                  from [01m[K/opt/ros/galactic/include/rclcpp/executors.hpp:21[m[K,
[3.314s]                  from [01m[K/opt/ros/galactic/include/rclcpp/rclcpp.hpp:156[m[K,
[3.314s]                  from [01m[K/home/a/ros2_ws/src/px4_ros_com/src/examples/offboard/arm.cpp:7[m[K:
[3.314s] [01m[K/home/a/ros2_ws/src/px4_ros_com/src/examples/offboard/arm.cpp:46:15:[m[K [01;31m[Kerror: [m[Kinvalid use of ‚Äò[01m[Kthis[m[K‚Äô in non-member function
[3.314s]    46 |   RCLCPP_INFO([01;31m[Kthis[m[K->get_logger(), "Arm command send");
[3.314s]       |               [01;31m[K^~~~[m[K
[3.314s] [01m[K/home/a/ros2_ws/src/px4_ros_com/src/examples/offboard/arm.cpp:46:15:[m[K [01;31m[Kerror: [m[Kinvalid use of ‚Äò[01m[Kthis[m[K‚Äô in non-member function
[3.314s] [01m[K/home/a/ros2_ws/src/px4_ros_com/src/examples/offboard/arm.cpp:46:3:[m[K [01;31m[Kerror: [m[Ktemplate argument 1 is invalid
[3.314s]    46 |   [01;31m[KRCLCPP_INFO[m[K(this->get_logger(), "Arm command send");
[3.314s]       |   [01;31m[K^~~~~~~~~~~[m[K
[3.314s] [01m[K/home/a/ros2_ws/src/px4_ros_com/src/examples/offboard/arm.cpp:46:3:[m[K [01;31m[Kerror: [m[Ktemplate argument 1 is invalid
[3.314s]    46 |   [01;31m[KRCLCPP_INFO[m[K(this->get_logger(), "Arm command send");
[3.314s]       |   [01;31m[K^~~~~~~~~~~[m[K
[3.314s] [01m[K/home/a/ros2_ws/src/px4_ros_com/src/examples/offboard/arm.cpp:46:3:[m[K [01;31m[Kerror: [m[Ktemplate argument 1 is invalid
[3.315s]    46 |   [01;31m[KRCLCPP_INFO[m[K(this->get_logger(), "Arm command send");
[3.315s]       |   [01;31m[K^~~~~~~~~~~[m[K
[3.315s] In file included from [01m[K/opt/ros/galactic/include/rclcpp/client.hpp:40[m[K,
[3.315s]                  from [01m[K/opt/ros/galactic/include/rclcpp/callback_group.hpp:23[m[K,
[3.315s]                  from [01m[K/opt/ros/galactic/include/rclcpp/any_executable.hpp:20[m[K,
[3.315s]                  from [01m[K/opt/ros/galactic/include/rclcpp/memory_strategy.hpp:25[m[K,
[3.315s]                  from [01m[K/opt/ros/galactic/include/rclcpp/memory_strategies.hpp:18[m[K,
[3.315s]                  from [01m[K/opt/ros/galactic/include/rclcpp/executor_options.hpp:20[m[K,
[3.315s]                  from [01m[K/opt/ros/galactic/include/rclcpp/executor.hpp:36[m[K,
[3.315s]                  from [01m[K/opt/ros/galactic/include/rclcpp/executors/multi_threaded_executor.hpp:26[m[K,
[3.315s]                  from [01m[K/opt/ros/galactic/include/rclcpp/executors.hpp:21[m[K,
[3.315s]                  from [01m[K/opt/ros/galactic/include/rclcpp/rclcpp.hpp:156[m[K,
[3.315s]                  from [01m[K/home/a/ros2_ws/src/px4_ros_com/src/examples/offboard/arm.cpp:7[m[K:
[3.315s] [01m[K/home/a/ros2_ws/src/px4_ros_com/src/examples/offboard/arm.cpp:46:15:[m[K [01;31m[Kerror: [m[Kinvalid use of ‚Äò[01m[Kthis[m[K‚Äô in non-member function
[3.315s]    46 |   RCLCPP_INFO([01;31m[Kthis[m[K->get_logger(), "Arm command send");
[3.315s]       |               [01;31m[K^~~~[m[K
[3.315s] [01m[K/home/a/ros2_ws/src/px4_ros_com/src/examples/offboard/arm.cpp:46:15:[m[K [01;31m[Kerror: [m[Kinvalid use of ‚Äò[01m[Kthis[m[K‚Äô in non-member function
[3.315s]    46 |   RCLCPP_INFO([01;31m[Kthis[m[K->get_logger(), "Arm command send");
[3.315s]       |               [01;31m[K^~~~[m[K
[3.317s] [01m[K/home/a/ros2_ws/src/px4_ros_com/src/examples/offboard/arm.cpp:48:3:[m[K [01;31m[Kerror: [m[K‚Äò[01m[Kpublish_vehicle_command[m[K‚Äô was not declared in this scope
[3.317s]    48 |   [01;31m[Kpublish_vehicle_command[m[K(VehicleCommand::VEHICLE_CMD_COMPONENT_ARM_DISARM, 0.0);
[3.317s]       |   [01;31m[K^~~~~~~~~~~~~~~~~~~~~~~[m[K
[3.317s] In file included from [01m[K/opt/ros/galactic/include/rclcpp/service.hpp:34[m[K,
[3.318s]                  from [01m[K/opt/ros/galactic/include/rclcpp/callback_group.hpp:25[m[K,
[3.318s]                  from [01m[K/opt/ros/galactic/include/rclcpp/any_executable.hpp:20[m[K,
[3.318s]                  from [01m[K/opt/ros/galactic/include/rclcpp/memory_strategy.hpp:25[m[K,
[3.318s]                  from [01m[K/opt/ros/galactic/include/rclcpp/memory_strategies.hpp:18[m[K,
[3.318s]                  from [01m[K/opt/ros/galactic/include/rclcpp/executor_options.hpp:20[m[K,
[3.318s]                  from [01m[K/opt/ros/galactic/include/rclcpp/executor.hpp:36[m[K,
[3.318s]                  from [01m[K/opt/ros/galactic/include/rclcpp/executors/multi_threaded_executor.hpp:26[m[K,
[3.318s]                  from [01m[K/opt/ros/galactic/include/rclcpp/executors.hpp:21[m[K,
[3.318s]                  from [01m[K/opt/ros/galactic/include/rclcpp/rclcpp.hpp:156[m[K,
[3.318s]                  from [01m[K/home/a/ros2_ws/src/px4_ros_com/src/examples/offboard/arm.cpp:7[m[K:
[3.318s] [01m[K/home/a/ros2_ws/src/px4_ros_com/src/examples/offboard/arm.cpp:49:15:[m[K [01;31m[Kerror: [m[Kinvalid use of ‚Äò[01m[Kthis[m[K‚Äô in non-member function
[3.318s]    49 |   RCLCPP_INFO([01;31m[Kthis[m[K->get_logger(), "Disarm command send");
[3.318s]       |               [01;31m[K^~~~[m[K
[3.318s] [01m[K/home/a/ros2_ws/src/px4_ros_com/src/examples/offboard/arm.cpp:49:15:[m[K [01;31m[Kerror: [m[Kinvalid use of ‚Äò[01m[Kthis[m[K‚Äô in non-member function
[3.318s] [01m[K/home/a/ros2_ws/src/px4_ros_com/src/examples/offboard/arm.cpp:49:3:[m[K [01;31m[Kerror: [m[Ktemplate argument 1 is invalid
[3.318s]    49 |   [01;31m[KRCLCPP_INFO[m[K(this->get_logger(), "Disarm command send");
[3.318s]       |   [01;31m[K^~~~~~~~~~~[m[K
[3.318s] [01m[K/home/a/ros2_ws/src/px4_ros_com/src/examples/offboard/arm.cpp:49:3:[m[K [01;31m[Kerror: [m[Ktemplate argument 1 is invalid
[3.318s]    49 |   [01;31m[KRCLCPP_INFO[m[K(this->get_logger(), "Disarm command send");
[3.318s]       |   [01;31m[K^~~~~~~~~~~[m[K
[3.318s] [01m[K/home/a/ros2_ws/src/px4_ros_com/src/examples/offboard/arm.cpp:49:3:[m[K [01;31m[Kerror: [m[Ktemplate argument 1 is invalid
[3.318s]    49 |   [01;31m[KRCLCPP_INFO[m[K(this->get_logger(), "Disarm command send");
[3.318s]       |   [01;31m[K^~~~~~~~~~~[m[K
[3.319s] In file included from [01m[K/opt/ros/galactic/include/rclcpp/client.hpp:40[m[K,
[3.319s]                  from [01m[K/opt/ros/galactic/include/rclcpp/callback_group.hpp:23[m[K,
[3.319s]                  from [01m[K/opt/ros/galactic/include/rclcpp/any_executable.hpp:20[m[K,
[3.319s]                  from [01m[K/opt/ros/galactic/include/rclcpp/memory_strategy.hpp:25[m[K,
[3.319s]                  from [01m[K/opt/ros/galactic/include/rclcpp/memory_strategies.hpp:18[m[K,
[3.319s]                  from [01m[K/opt/ros/galactic/include/rclcpp/executor_options.hpp:20[m[K,
[3.319s]                  from [01m[K/opt/ros/galactic/include/rclcpp/executor.hpp:36[m[K,
[3.319s]                  from [01m[K/opt/ros/galactic/include/rclcpp/executors/multi_threaded_executor.hpp:26[m[K,
[3.319s]                  from [01m[K/opt/ros/galactic/include/rclcpp/executors.hpp:21[m[K,
[3.319s]                  from [01m[K/opt/ros/galactic/include/rclcpp/rclcpp.hpp:156[m[K,
[3.319s]                  from [01m[K/home/a/ros2_ws/src/px4_ros_com/src/examples/offboard/arm.cpp:7[m[K:
[3.319s] [01m[K/home/a/ros2_ws/src/px4_ros_com/src/examples/offboard/arm.cpp:49:15:[m[K [01;31m[Kerror: [m[Kinvalid use of ‚Äò[01m[Kthis[m[K‚Äô in non-member function
[3.319s]    49 |   RCLCPP_INFO([01;31m[Kthis[m[K->get_logger(), "Disarm command send");
[3.319s]       |               [01;31m[K^~~~[m[K
[3.319s] [01m[K/home/a/ros2_ws/src/px4_ros_com/src/examples/offboard/arm.cpp:49:15:[m[K [01;31m[Kerror: [m[Kinvalid use of ‚Äò[01m[Kthis[m[K‚Äô in non-member function
[3.319s]    49 |   RCLCPP_INFO([01;31m[Kthis[m[K->get_logger(), "Disarm command send");
[3.319s]       |               [01;31m[K^~~~[m[K
[3.319s] [01m[K/home/a/ros2_ws/src/px4_ros_com/src/examples/offboard/arm.cpp:[m[K At global scope:
[3.319s] [01m[K/home/a/ros2_ws/src/px4_ros_com/src/examples/offboard/arm.cpp:55:6:[m[K [01;31m[Kerror: [m[K‚Äò[01m[KOffboardControl[m[K‚Äô has not been declared
[3.319s]    55 | void [01;31m[KOffboardControl[m[K::publish_vehicle_command(uint16_t command, float param1=0.0)
[3.319s]       |      [01;31m[K^~~~~~~~~~~~~~~[m[K
[3.320s] [01m[K/home/a/ros2_ws/src/px4_ros_com/src/examples/offboard/arm.cpp:[m[K In function ‚Äò[01m[Kvoid publish_vehicle_command(uint16_t, float)[m[K‚Äô:
[3.320s] [01m[K/home/a/ros2_ws/src/px4_ros_com/src/examples/offboard/arm.cpp:74:18:[m[K [01;31m[Kerror: [m[Kinvalid use of ‚Äò[01m[Kthis[m[K‚Äô in non-member function
[3.320s]    74 |  msg.timestamp = [01;31m[Kthis[m[K->get_clock()->now().nanoseconds() / 1000;
[3.320s]       |                  [01;31m[K^~~~[m[K
[3.322s] [01m[K/home/a/ros2_ws/src/px4_ros_com/src/examples/offboard/arm.cpp:75:2:[m[K [01;31m[Kerror: [m[K‚Äò[01m[Kvehicle_command_publisher_[m[K‚Äô was not declared in this scope
[3.322s]    75 |  [01;31m[Kvehicle_command_publisher_[m[K->publish(msg);
[3.322s]       |  [01;31m[K^~~~~~~~~~~~~~~~~~~~~~~~~~[m[K
[3.322s] [01m[K/home/a/ros2_ws/src/px4_ros_com/src/examples/offboard/arm.cpp:[m[K In function ‚Äò[01m[Kint main(int, char**)[m[K‚Äô:
[3.322s] [01m[K/home/a/ros2_ws/src/px4_ros_com/src/examples/offboard/arm.cpp:81:39:[m[K [01;31m[Kerror: [m[Kno matching function for call to ‚Äò[01m[Kmake_shared<arm>()[m[K‚Äô
[3.322s]    81 |     auto node = std::make_shared<arm>([01;31m[K)[m[K;
[3.322s]       |                                       [01;31m[K^[m[K
[3.322s] In file included from [01m[K/usr/include/c++/9/memory:81[m[K,
[3.323s]                  from [01m[K/opt/ros/galactic/include/rclcpp/rclcpp.hpp:154[m[K,
[3.323s]                  from [01m[K/home/a/ros2_ws/src/px4_ros_com/src/examples/offboard/arm.cpp:7[m[K:
[3.323s] [01m[K/usr/include/c++/9/bits/shared_ptr.h:714:5:[m[K [01;36m[Knote: [m[Kcandidate: ‚Äò[01m[Ktemplate<class _Tp, class ... _Args> std::shared_ptr<_Tp> std::make_shared(_Args&& ...)[m[K‚Äô
[3.323s]   714 |     [01;36m[Kmake_shared[m[K(_Args&&... __args)
[3.323s]       |     [01;36m[K^~~~~~~~~~~[m[K
[3.323s] [01m[K/usr/include/c++/9/bits/shared_ptr.h:714:5:[m[K [01;36m[Knote: [m[K  template argument deduction/substitution failed:
[4.159s] make[2]: *** [CMakeFiles/arm.dir/build.make:63ÔºöCMakeFiles/arm.dir/src/examples/offboard/arm.cpp.o] ÈîôËØØ 1
[4.160s] make[1]: *** [CMakeFiles/Makefile2:206ÔºöCMakeFiles/arm.dir/all] ÈîôËØØ 2
[4.160s] make[1]: *** Ê≠£Âú®Á≠âÂæÖÊú™ÂÆåÊàêÁöÑ‰ªªÂä°....
[8.295s] [ 77%] [32m[1mLinking CXX executable vel_yaw[0m
[8.474s] [ 77%] Built target vel_yaw
[8.475s] make: *** [Makefile:141Ôºöall] ÈîôËØØ 2
[8.482s] Invoked command in '/home/a/ros2_ws/build/px4_ros_com' returned '2': CMAKE_PREFIX_PATH=/home/a/ros2_ws/install/px4_msgs:/home/a/ros2_ws/install/px4_ros_com:/home/a/ros2_ws/install/my_uav:/opt/ros/galactic LD_LIBRARY_PATH=/home/a/ros2_ws/install/px4_msgs/lib:/home/a/ros2_ws/install/px4_ros_com/lib:/usr/lib/x86_64-linux-gnu/gazebo-11/plugins:/opt/ros/galactic/opt/yaml_cpp_vendor/lib:/opt/ros/galactic/opt/rviz_ogre_vendor/lib:/opt/ros/galactic/lib/x86_64-linux-gnu:/opt/ros/galactic/lib:/home/a/PX4-Autopilot/build/px4_sitl_default/build_gazebo-classic /usr/bin/cmake --build /home/a/ros2_ws/build/px4_ros_com -- -j2 -l2
