[35m[1mScanning dependencies of target image_sub[0m
[ 10%] Built target uav_control_node
[ 15%] [32mBuilding CXX object CMakeFiles/image_sub.dir/src/image_sub.cpp.o[0m
[ 25%] Built target internlm_m_node
[ 35%] Built target internvl
[ 45%] Built target internlm_m_listener
[ 55%] Built target internvl_listener
[ 60%] [32mBuilding CXX object CMakeFiles/gps_sub.dir/src/gps_sub.cpp.o[0m
In file included from [01m[K/home/a/uav/src/my_uav/src/gps_sub.cpp:29[m[K:
[01m[K/opt/ros/galactic/include/cv_bridge/cv_bridge.h:43:10:[m[K [01;31m[Kfatal error: [m[Kopencv2/core/core.hpp: æ²¡æœ‰é‚£ä¸ªæ–‡ä»¶æˆ–ç›®å½•
   43 | #include [01;31m[K<opencv2/core/core.hpp>[m[K
      |          [01;31m[K^~~~~~~~~~~~~~~~~~~~~~~[m[K
compilation terminated.
make[2]: *** [CMakeFiles/gps_sub.dir/build.make:63ï¼šCMakeFiles/gps_sub.dir/src/gps_sub.cpp.o] é”™è¯¯ 1
make[1]: *** [CMakeFiles/Makefile2:312ï¼šCMakeFiles/gps_sub.dir/all] é”™è¯¯ 2
make[1]: *** æ­£åœ¨ç­‰å¾…æœªå®Œæˆçš„ä»»åŠ¡....
[01m[K/home/a/uav/src/my_uav/src/image_sub.cpp:[m[K In constructor â€˜[01m[Kimage_sub::image_sub()[m[Kâ€™:
[01m[K/home/a/uav/src/my_uav/src/image_sub.cpp:40:118:[m[K [01;31m[Kerror: [m[Kâ€˜[01m[KInternvlNode[m[Kâ€™ has not been declared
   40 | sg::Image>("/ired/ired_cam/ired1/image_raw", qos, std::bind(&[01;31m[KInternvlNode[m[K::image_callback, this, std::placeholders::_1));
      |                                                              [01;31m[K^~~~~~~~~~~~[m[K

make[2]: *** [CMakeFiles/image_sub.dir/build.make:63ï¼šCMakeFiles/image_sub.dir/src/image_sub.cpp.o] é”™è¯¯ 1
make[1]: *** [CMakeFiles/Makefile2:96ï¼šCMakeFiles/image_sub.dir/all] é”™è¯¯ 2
make: *** [Makefile:141ï¼šall] é”™è¯¯ 2
