[35m[1mScanning dependencies of target image_sub[0m
[ 10%] Built target uav_control_node
[ 15%] [32mBuilding CXX object CMakeFiles/image_sub.dir/src/image_sub.cpp.o[0m
[ 25%] Built target internlm_m_node
[ 35%] Built target internvl
[ 45%] Built target internlm_m_listener
[ 55%] Built target internvl_listener
[ 60%] [32mBuilding CXX object CMakeFiles/gps_sub.dir/src/gps_sub.cpp.o[0m
In file included from [01m[K/home/a/uav/src/my_uav/src/gps_sub.cpp:29[m[K:
[01m[K/opt/ros/galactic/include/cv_bridge/cv_bridge.h:43:10:[m[K [01;31m[Kfatal error: [m[Kopencv2/core/core.hpp: 没有那个文件或目录
   43 | #include [01;31m[K<opencv2/core/core.hpp>[m[K
      |          [01;31m[K^~~~~~~~~~~~~~~~~~~~~~~[m[K
compilation terminated.
make[2]: *** [CMakeFiles/gps_sub.dir/build.make:63：CMakeFiles/gps_sub.dir/src/gps_sub.cpp.o] 错误 1
make[1]: *** [CMakeFiles/Makefile2:312：CMakeFiles/gps_sub.dir/all] 错误 2
make[1]: *** 正在等待未完成的任务....
[01m[K/home/a/uav/src/my_uav/src/image_sub.cpp:[m[K In constructor ‘[01m[Kimage_sub::image_sub()[m[K’:
[01m[K/home/a/uav/src/my_uav/src/image_sub.cpp:40:118:[m[K [01;31m[Kerror: [m[K‘[01m[KInternvlNode[m[K’ has not been declared
   40 | sg::Image>("/ired/ired_cam/ired1/image_raw", qos, std::bind(&[01;31m[KInternvlNode[m[K::image_callback, this, std::placeholders::_1));
      |                                                              [01;31m[K^~~~~~~~~~~~[m[K

make[2]: *** [CMakeFiles/image_sub.dir/build.make:63：CMakeFiles/image_sub.dir/src/image_sub.cpp.o] 错误 1
make[1]: *** [CMakeFiles/Makefile2:96：CMakeFiles/image_sub.dir/all] 错误 2
make: *** [Makefile:141：all] 错误 2
