[0.023s] Invoking command in '/home/a/ros2_ws/build/px4_ros_com': CMAKE_PREFIX_PATH=/home/a/ros2_ws/install/px4_msgs:/home/a/ros2_ws/install/px4_ros_com:/home/a/ros2_ws/install/my_uav:/opt/ros/galactic LD_LIBRARY_PATH=/home/a/ros2_ws/install/px4_msgs/lib:/home/a/ros2_ws/install/px4_ros_com/lib:/usr/lib/x86_64-linux-gnu/gazebo-11/plugins:/opt/ros/galactic/opt/yaml_cpp_vendor/lib:/opt/ros/galactic/opt/rviz_ogre_vendor/lib:/opt/ros/galactic/lib/x86_64-linux-gnu:/opt/ros/galactic/lib:/home/a/PX4-Autopilot/build/px4_sitl_default/build_gazebo-classic /usr/bin/cmake --build /home/a/ros2_ws/build/px4_ros_com -- -j2 -l2
[0.053s] -- Found ament_cmake: 1.1.6 (/opt/ros/galactic/share/ament_cmake/cmake)
[0.075s] -- Using PYTHON_EXECUTABLE: /usr/bin/python3
[0.130s] -- Override CMake install command with custom implementation using symlinks instead of copying resources
[0.137s] -- Found builtin_interfaces: 1.0.3 (/opt/ros/galactic/share/builtin_interfaces/cmake)
[0.156s] -- Using all available rosidl_typesupport_c: rosidl_typesupport_fastrtps_c;rosidl_typesupport_introspection_c
[0.160s] -- Found rosidl_adapter: 2.2.3 (/opt/ros/galactic/share/rosidl_adapter/cmake)
[0.284s] -- Using all available rosidl_typesupport_cpp: rosidl_typesupport_fastrtps_cpp;rosidl_typesupport_introspection_cpp
[0.303s] -- Found eigen3_cmake_module: 0.1.1 (/opt/ros/galactic/share/eigen3_cmake_module/cmake)
[0.305s] -- Found geometry_msgs: 2.2.4 (/opt/ros/galactic/share/geometry_msgs/cmake)
[0.350s] -- Found px4_msgs: 2.0.1 (/home/a/ros2_ws/install/px4_msgs/share/px4_msgs/cmake)
[0.364s] -- Found rclcpp: 9.2.2 (/opt/ros/galactic/share/rclcpp/cmake)
[0.418s] -- Found rmw_implementation_cmake: 3.3.1 (/opt/ros/galactic/share/rmw_implementation_cmake/cmake)
[0.420s] -- Found rmw_cyclonedds_cpp: 0.22.6 (/opt/ros/galactic/share/rmw_cyclonedds_cpp/cmake)
[0.437s] -- Using RMW implementation 'rmw_cyclonedds_cpp' as default
[0.602s] -- Found sensor_msgs: 2.2.4 (/opt/ros/galactic/share/sensor_msgs/cmake)
[0.691s] -- Found ament_lint_auto: 0.10.7 (/opt/ros/galactic/share/ament_lint_auto/cmake)
[0.774s] -- Added test 'copyright' to check source files copyright and LICENSE
[0.779s] -- Added test 'cppcheck' to perform static code analysis on C / C++ code
[0.780s] -- Configured cppcheck include dirs: /home/a/ros2_ws/src/px4_ros_com/include;$<BUILD_INTERFACE:/home/a/ros2_ws/src/px4_ros_com/include/px4_ros_com>
[0.780s] -- Configured cppcheck exclude dirs and/or files: 
[0.783s] -- Added test 'cpplint' to check C / C++ code against the Google style
[0.783s] -- Configured cpplint exclude dirs and/or files: 
[0.784s] -- Added test 'flake8' to check Python code syntax and style conventions
[0.785s] -- Added test 'lint_cmake' to check CMake code style
[0.785s] -- Added test 'pep257' to check Python code against some of the style conventions in PEP 257
[0.790s] -- Added test 'uncrustify' to check C / C++ code style
[0.790s] -- Configured uncrustify additional arguments: 
[0.790s] -- Added test 'xmllint' to check XML markup files
[0.795s] -- Configuring done
[0.849s] -- Generating done
[0.875s] -- Build files have been written to: /home/a/ros2_ws/build/px4_ros_com
[0.922s] [ 12%] Built target frame_transforms
[0.922s] [ 16%] Built target my_uav_node
[0.961s] [ 25%] Built target offboard_control
[0.965s] [ 33%] Built target arm
[1.000s] [ 41%] Built target sensor_combined_listener
[1.002s] [ 50%] Built target vehicle_gps_position_listener
[1.038s] [ 58%] Built target debug_vect_advertiser
[1.042s] [ 66%] Built target trajectory_setpoint
[1.073s] [ 75%] Built target vel_yaw
[1.075s] [ 83%] Built target vehicle_attitude_listener
[1.084s] [35m[1mScanning dependencies of target offboard_control_mode[0m
[1.104s] [ 91%] Built target offboard_position_control
[1.125s] [ 95%] [32mBuilding CXX object CMakeFiles/offboard_control_mode.dir/src/examples/offboard/offboard_control_mode.cpp.o[0m
[2.906s] [01m[K/home/a/ros2_ws/src/px4_ros_com/src/examples/offboard/offboard_control_mode.cpp:87:20:[m[K [01;31m[Kerror: [m[Kâ€˜[01m[KVehicleCommand[m[Kâ€™ was not declared in this scope
[2.906s]    87 |  rclcpp::Publisher<[01;31m[KVehicleCommand[m[K>::SharedPtr vehicle_command_publisher_;
[2.906s]       |                    [01;31m[K^~~~~~~~~~~~~~[m[K
[2.906s] [01m[K/home/a/ros2_ws/src/px4_ros_com/src/examples/offboard/offboard_control_mode.cpp:87:34:[m[K [01;31m[Kerror: [m[Ktemplate argument 1 is invalid
[2.906s]    87 |  rclcpp::Publisher<VehicleCommand[01;31m[K>[m[K::SharedPtr vehicle_command_publisher_;
[2.906s]       |                                  [01;31m[K^[m[K
[2.907s] [01m[K/home/a/ros2_ws/src/px4_ros_com/src/examples/offboard/offboard_control_mode.cpp:87:37:[m[K [01;31m[Kerror: [m[Kexpected â€˜[01m[K;[m[Kâ€™ at end of member declaration
[2.907s]    87 |  rclcpp::Publisher<VehicleCommand>::[01;31m[KSharedPtr[m[K vehicle_command_publisher_;
[2.907s]       |                                     [01;31m[K^~~~~~~~~[m[K
[2.907s]       |                                              [32m[K;[m[K
[2.911s] [01m[K/home/a/ros2_ws/src/px4_ros_com/src/examples/offboard/offboard_control_mode.cpp:87:47:[m[K [01;31m[Kerror: [m[Kâ€˜[01m[Kvehicle_command_publisher_[m[Kâ€™ does not name a type
[2.911s]    87 |  rclcpp::Publisher<VehicleCommand>::SharedPtr [01;31m[Kvehicle_command_publisher_[m[K;
[2.912s]       |                                               [01;31m[K^~~~~~~~~~~~~~~~~~~~~~~~~~[m[K
[2.918s] [01m[K/home/a/ros2_ws/src/px4_ros_com/src/examples/offboard/offboard_control_mode.cpp:[m[K In constructor â€˜[01m[KOffboardmode::Offboardmode()[m[Kâ€™:
[2.918s] [01m[K/home/a/ros2_ws/src/px4_ros_com/src/examples/offboard/offboard_control_mode.cpp:25:3:[m[K [01;31m[Kerror: [m[Kâ€˜[01m[Kvehicle_command_publisher_[m[Kâ€™ was not declared in this scope
[2.918s]    25 |   [01;31m[Kvehicle_command_publisher_[m[K = this->create_publisher<VehicleCommand>("/fmu/in/vehicle_command", 10);
[2.918s]       |   [01;31m[K^~~~~~~~~~~~~~~~~~~~~~~~~~[m[K
[2.921s] [01m[K/home/a/ros2_ws/src/px4_ros_com/src/examples/offboard/offboard_control_mode.cpp:25:55:[m[K [01;31m[Kerror: [m[Kâ€˜[01m[KVehicleCommand[m[Kâ€™ was not declared in this scope
[2.921s]    25 |   vehicle_command_publisher_ = this->create_publisher<[01;31m[KVehicleCommand[m[K>("/fmu/in/vehicle_command", 10);
[2.921s]       |                                                       [01;31m[K^~~~~~~~~~~~~~[m[K
[2.921s] [01m[K/home/a/ros2_ws/src/px4_ros_com/src/examples/offboard/offboard_control_mode.cpp:25:100:[m[K [01;31m[Kerror: [m[Kno matching function for call to â€˜[01m[KOffboardmode::create_publisher<<expression error> >(const char [24], int)[m[Kâ€™
[2.921s]    25 | is->create_publisher<VehicleCommand>("/fmu/in/vehicle_command", 10[01;31m[K)[m[K;
[2.921s]       |                                                                   [01;31m[K^[m[K
[2.921s] 
[2.921s] In file included from [01m[K/opt/ros/galactic/include/rclcpp/executors/single_threaded_executor.hpp:28[m[K,
[2.922s]                  from [01m[K/opt/ros/galactic/include/rclcpp/executors.hpp:22[m[K,
[2.922s]                  from [01m[K/opt/ros/galactic/include/rclcpp/rclcpp.hpp:156[m[K,
[2.922s]                  from [01m[K/home/a/ros2_ws/src/px4_ros_com/src/examples/offboard/offboard_control_mode.cpp:14[m[K:
[2.922s] [01m[K/opt/ros/galactic/include/rclcpp/node.hpp:200:3:[m[K [01;36m[Knote: [m[Kcandidate: â€˜[01m[Ktemplate<class MessageT, class AllocatorT, class PublisherT> std::shared_ptr<PublisherT> rclcpp::Node::create_publisher(const string&, const rclcpp::QoS&, const rclcpp::PublisherOptionsWithAllocator<AllocatorT>&)[m[Kâ€™
[2.922s]   200 |   [01;36m[Kcreate_publisher[m[K(
[2.922s]       |   [01;36m[K^~~~~~~~~~~~~~~~[m[K
[2.922s] [01m[K/opt/ros/galactic/include/rclcpp/node.hpp:200:3:[m[K [01;36m[Knote: [m[K  template argument deduction/substitution failed:
[2.922s] [01m[K/home/a/ros2_ws/src/px4_ros_com/src/examples/offboard/offboard_control_mode.cpp:25:100:[m[K [01;31m[Kerror: [m[Ktemplate argument 1 is invalid
[2.922s]    25 | is->create_publisher<VehicleCommand>("/fmu/in/vehicle_command", 10[01;31m[K)[m[K;
[2.922s]       |                                                                   [01;31m[K^[m[K
[2.922s] 
[2.923s] [01m[K/home/a/ros2_ws/src/px4_ros_com/src/examples/offboard/offboard_control_mode.cpp:[m[K In lambda function:
[2.923s] [01m[K/home/a/ros2_ws/src/px4_ros_com/src/examples/offboard/offboard_control_mode.cpp:60:35:[m[K [01;31m[Kerror: [m[Kâ€˜[01m[KVehicleCommand[m[Kâ€™ is not a class, namespace, or enumeration
[2.923s]    60 |     this->publish_vehicle_command([01;31m[KVehicleCommand[m[K::VEHICLE_CMD_DO_SET_MODE, 1, 6);
[2.924s]       |                                   [01;31m[K^~~~~~~~~~~~~~[m[K
[2.924s] [01m[K/home/a/ros2_ws/src/px4_ros_com/src/examples/offboard/offboard_control_mode.cpp:[m[K In constructor â€˜[01m[KOffboardmode::Offboardmode()[m[Kâ€™:
[2.924s] [01m[K/home/a/ros2_ws/src/px4_ros_com/src/examples/offboard/offboard_control_mode.cpp:71:36:[m[K [01;31m[Kerror: [m[Kunable to find numeric literal operator â€˜[01m[Koperator""ms[m[Kâ€™
[2.924s]    71 |   timer_ = this->create_wall_timer([01;31m[K100ms[m[K, timer_callback);
[2.924s]       |                                    [01;31m[K^~~~~[m[K
[2.924s] [01m[K/home/a/ros2_ws/src/px4_ros_com/src/examples/offboard/offboard_control_mode.cpp:[m[K At global scope:
[2.924s] [01m[K/home/a/ros2_ws/src/px4_ros_com/src/examples/offboard/offboard_control_mode.cpp:99:6:[m[K [01;31m[Kerror: [m[Kâ€˜[01m[KOffboardControl[m[Kâ€™ has not been declared
[2.924s]    99 | void [01;31m[KOffboardControl[m[K::arm()
[2.924s]       |      [01;31m[K^~~~~~~~~~~~~~~[m[K
[2.924s] [01m[K/home/a/ros2_ws/src/px4_ros_com/src/examples/offboard/offboard_control_mode.cpp:[m[K In function â€˜[01m[Kvoid arm()[m[Kâ€™:
[2.924s] [01m[K/home/a/ros2_ws/src/px4_ros_com/src/examples/offboard/offboard_control_mode.cpp:101:26:[m[K [01;31m[Kerror: [m[Kâ€˜[01m[KVehicleCommand[m[Kâ€™ has not been declared
[2.924s]   101 |  publish_vehicle_command([01;31m[KVehicleCommand[m[K::VEHICLE_CMD_COMPONENT_ARM_DISARM, 1.0);
[2.924s]       |                          [01;31m[K^~~~~~~~~~~~~~[m[K
[2.928s] [01m[K/home/a/ros2_ws/src/px4_ros_com/src/examples/offboard/offboard_control_mode.cpp:101:2:[m[K [01;31m[Kerror: [m[Kâ€˜[01m[Kpublish_vehicle_command[m[Kâ€™ was not declared in this scope
[2.928s]   101 |  [01;31m[Kpublish_vehicle_command[m[K(VehicleCommand::VEHICLE_CMD_COMPONENT_ARM_DISARM, 1.0);
[2.928s]       |  [01;31m[K^~~~~~~~~~~~~~~~~~~~~~~[m[K
[2.928s] In file included from [01m[K/opt/ros/galactic/include/rclcpp/service.hpp:34[m[K,
[2.928s]                  from [01m[K/opt/ros/galactic/include/rclcpp/callback_group.hpp:25[m[K,
[2.928s]                  from [01m[K/opt/ros/galactic/include/rclcpp/any_executable.hpp:20[m[K,
[2.928s]                  from [01m[K/opt/ros/galactic/include/rclcpp/memory_strategy.hpp:25[m[K,
[2.928s]                  from [01m[K/opt/ros/galactic/include/rclcpp/memory_strategies.hpp:18[m[K,
[2.928s]                  from [01m[K/opt/ros/galactic/include/rclcpp/executor_options.hpp:20[m[K,
[2.929s]                  from [01m[K/opt/ros/galactic/include/rclcpp/executor.hpp:36[m[K,
[2.929s]                  from [01m[K/opt/ros/galactic/include/rclcpp/executors/multi_threaded_executor.hpp:26[m[K,
[2.929s]                  from [01m[K/opt/ros/galactic/include/rclcpp/executors.hpp:21[m[K,
[2.929s]                  from [01m[K/opt/ros/galactic/include/rclcpp/rclcpp.hpp:156[m[K,
[2.929s]                  from [01m[K/home/a/ros2_ws/src/px4_ros_com/src/examples/offboard/offboard_control_mode.cpp:14[m[K:
[2.929s] [01m[K/home/a/ros2_ws/src/px4_ros_com/src/examples/offboard/offboard_control_mode.cpp:103:14:[m[K [01;31m[Kerror: [m[Kinvalid use of â€˜[01m[Kthis[m[Kâ€™ in non-member function
[2.929s]   103 |  RCLCPP_INFO([01;31m[Kthis[m[K->get_logger(), "Arm command send");
[2.929s]       |              [01;31m[K^~~~[m[K
[2.929s] [01m[K/home/a/ros2_ws/src/px4_ros_com/src/examples/offboard/offboard_control_mode.cpp:103:14:[m[K [01;31m[Kerror: [m[Kinvalid use of â€˜[01m[Kthis[m[Kâ€™ in non-member function
[2.929s] [01m[K/home/a/ros2_ws/src/px4_ros_com/src/examples/offboard/offboard_control_mode.cpp:103:2:[m[K [01;31m[Kerror: [m[Ktemplate argument 1 is invalid
[2.929s]   103 |  [01;31m[KRCLCPP_INFO[m[K(this->get_logger(), "Arm command send");
[2.929s]       |  [01;31m[K^~~~~~~~~~~[m[K
[2.929s] [01m[K/home/a/ros2_ws/src/px4_ros_com/src/examples/offboard/offboard_control_mode.cpp:103:2:[m[K [01;31m[Kerror: [m[Ktemplate argument 1 is invalid
[2.929s]   103 |  [01;31m[KRCLCPP_INFO[m[K(this->get_logger(), "Arm command send");
[2.929s]       |  [01;31m[K^~~~~~~~~~~[m[K
[2.929s] [01m[K/home/a/ros2_ws/src/px4_ros_com/src/examples/offboard/offboard_control_mode.cpp:103:2:[m[K [01;31m[Kerror: [m[Ktemplate argument 1 is invalid
[2.929s]   103 |  [01;31m[KRCLCPP_INFO[m[K(this->get_logger(), "Arm command send");
[2.929s]       |  [01;31m[K^~~~~~~~~~~[m[K
[2.929s] In file included from [01m[K/opt/ros/galactic/include/rclcpp/client.hpp:40[m[K,
[2.929s]                  from [01m[K/opt/ros/galactic/include/rclcpp/callback_group.hpp:23[m[K,
[2.930s]                  from [01m[K/opt/ros/galactic/include/rclcpp/any_executable.hpp:20[m[K,
[2.930s]                  from [01m[K/opt/ros/galactic/include/rclcpp/memory_strategy.hpp:25[m[K,
[2.930s]                  from [01m[K/opt/ros/galactic/include/rclcpp/memory_strategies.hpp:18[m[K,
[2.930s]                  from [01m[K/opt/ros/galactic/include/rclcpp/executor_options.hpp:20[m[K,
[2.930s]                  from [01m[K/opt/ros/galactic/include/rclcpp/executor.hpp:36[m[K,
[2.930s]                  from [01m[K/opt/ros/galactic/include/rclcpp/executors/multi_threaded_executor.hpp:26[m[K,
[2.930s]                  from [01m[K/opt/ros/galactic/include/rclcpp/executors.hpp:21[m[K,
[2.930s]                  from [01m[K/opt/ros/galactic/include/rclcpp/rclcpp.hpp:156[m[K,
[2.930s]                  from [01m[K/home/a/ros2_ws/src/px4_ros_com/src/examples/offboard/offboard_control_mode.cpp:14[m[K:
[2.930s] [01m[K/home/a/ros2_ws/src/px4_ros_com/src/examples/offboard/offboard_control_mode.cpp:103:14:[m[K [01;31m[Kerror: [m[Kinvalid use of â€˜[01m[Kthis[m[Kâ€™ in non-member function
[2.930s]   103 |  RCLCPP_INFO([01;31m[Kthis[m[K->get_logger(), "Arm command send");
[2.930s]       |              [01;31m[K^~~~[m[K
[2.930s] [01m[K/home/a/ros2_ws/src/px4_ros_com/src/examples/offboard/offboard_control_mode.cpp:103:14:[m[K [01;31m[Kerror: [m[Kinvalid use of â€˜[01m[Kthis[m[Kâ€™ in non-member function
[2.930s]   103 |  RCLCPP_INFO([01;31m[Kthis[m[K->get_logger(), "Arm command send");
[2.930s]       |              [01;31m[K^~~~[m[K
[2.930s] [01m[K/home/a/ros2_ws/src/px4_ros_com/src/examples/offboard/offboard_control_mode.cpp:[m[K At global scope:
[2.930s] [01m[K/home/a/ros2_ws/src/px4_ros_com/src/examples/offboard/offboard_control_mode.cpp:109:6:[m[K [01;31m[Kerror: [m[Kâ€˜[01m[KOffboardControl[m[Kâ€™ has not been declared
[2.930s]   109 | void [01;31m[KOffboardControl[m[K::disarm()
[2.930s]       |      [01;31m[K^~~~~~~~~~~~~~~[m[K
[2.930s] [01m[K/home/a/ros2_ws/src/px4_ros_com/src/examples/offboard/offboard_control_mode.cpp:[m[K In function â€˜[01m[Kvoid disarm()[m[Kâ€™:
[2.930s] [01m[K/home/a/ros2_ws/src/px4_ros_com/src/examples/offboard/offboard_control_mode.cpp:111:26:[m[K [01;31m[Kerror: [m[Kâ€˜[01m[KVehicleCommand[m[Kâ€™ has not been declared
[2.930s]   111 |  publish_vehicle_command([01;31m[KVehicleCommand[m[K::VEHICLE_CMD_COMPONENT_ARM_DISARM, 0.0);
[2.930s]       |                          [01;31m[K^~~~~~~~~~~~~~[m[K
[2.932s] [01m[K/home/a/ros2_ws/src/px4_ros_com/src/examples/offboard/offboard_control_mode.cpp:111:2:[m[K [01;31m[Kerror: [m[Kâ€˜[01m[Kpublish_vehicle_command[m[Kâ€™ was not declared in this scope
[2.932s]   111 |  [01;31m[Kpublish_vehicle_command[m[K(VehicleCommand::VEHICLE_CMD_COMPONENT_ARM_DISARM, 0.0);
[2.932s]       |  [01;31m[K^~~~~~~~~~~~~~~~~~~~~~~[m[K
[2.932s] In file included from [01m[K/opt/ros/galactic/include/rclcpp/service.hpp:34[m[K,
[2.932s]                  from [01m[K/opt/ros/galactic/include/rclcpp/callback_group.hpp:25[m[K,
[2.933s]                  from [01m[K/opt/ros/galactic/include/rclcpp/any_executable.hpp:20[m[K,
[2.933s]                  from [01m[K/opt/ros/galactic/include/rclcpp/memory_strategy.hpp:25[m[K,
[2.933s]                  from [01m[K/opt/ros/galactic/include/rclcpp/memory_strategies.hpp:18[m[K,
[2.933s]                  from [01m[K/opt/ros/galactic/include/rclcpp/executor_options.hpp:20[m[K,
[2.933s]                  from [01m[K/opt/ros/galactic/include/rclcpp/executor.hpp:36[m[K,
[2.933s]                  from [01m[K/opt/ros/galactic/include/rclcpp/executors/multi_threaded_executor.hpp:26[m[K,
[2.933s]                  from [01m[K/opt/ros/galactic/include/rclcpp/executors.hpp:21[m[K,
[2.933s]                  from [01m[K/opt/ros/galactic/include/rclcpp/rclcpp.hpp:156[m[K,
[2.933s]                  from [01m[K/home/a/ros2_ws/src/px4_ros_com/src/examples/offboard/offboard_control_mode.cpp:14[m[K:
[2.933s] [01m[K/home/a/ros2_ws/src/px4_ros_com/src/examples/offboard/offboard_control_mode.cpp:113:14:[m[K [01;31m[Kerror: [m[Kinvalid use of â€˜[01m[Kthis[m[Kâ€™ in non-member function
[2.933s]   113 |  RCLCPP_INFO([01;31m[Kthis[m[K->get_logger(), "Disarm command send");
[2.933s]       |              [01;31m[K^~~~[m[K
[2.933s] [01m[K/home/a/ros2_ws/src/px4_ros_com/src/examples/offboard/offboard_control_mode.cpp:113:14:[m[K [01;31m[Kerror: [m[Kinvalid use of â€˜[01m[Kthis[m[Kâ€™ in non-member function
[2.933s] [01m[K/home/a/ros2_ws/src/px4_ros_com/src/examples/offboard/offboard_control_mode.cpp:113:2:[m[K [01;31m[Kerror: [m[Ktemplate argument 1 is invalid
[2.933s]   113 |  [01;31m[KRCLCPP_INFO[m[K(this->get_logger(), "Disarm command send");
[2.933s]       |  [01;31m[K^~~~~~~~~~~[m[K
[2.933s] [01m[K/home/a/ros2_ws/src/px4_ros_com/src/examples/offboard/offboard_control_mode.cpp:113:2:[m[K [01;31m[Kerror: [m[Ktemplate argument 1 is invalid
[2.933s]   113 |  [01;31m[KRCLCPP_INFO[m[K(this->get_logger(), "Disarm command send");
[2.933s]       |  [01;31m[K^~~~~~~~~~~[m[K
[2.933s] [01m[K/home/a/ros2_ws/src/px4_ros_com/src/examples/offboard/offboard_control_mode.cpp:113:2:[m[K [01;31m[Kerror: [m[Ktemplate argument 1 is invalid
[2.933s]   113 |  [01;31m[KRCLCPP_INFO[m[K(this->get_logger(), "Disarm command send");
[2.933s]       |  [01;31m[K^~~~~~~~~~~[m[K
[2.933s] In file included from [01m[K/opt/ros/galactic/include/rclcpp/client.hpp:40[m[K,
[2.933s]                  from [01m[K/opt/ros/galactic/include/rclcpp/callback_group.hpp:23[m[K,
[2.933s]                  from [01m[K/opt/ros/galactic/include/rclcpp/any_executable.hpp:20[m[K,
[2.934s]                  from [01m[K/opt/ros/galactic/include/rclcpp/memory_strategy.hpp:25[m[K,
[2.934s]                  from [01m[K/opt/ros/galactic/include/rclcpp/memory_strategies.hpp:18[m[K,
[2.934s]                  from [01m[K/opt/ros/galactic/include/rclcpp/executor_options.hpp:20[m[K,
[2.934s]                  from [01m[K/opt/ros/galactic/include/rclcpp/executor.hpp:36[m[K,
[2.934s]                  from [01m[K/opt/ros/galactic/include/rclcpp/executors/multi_threaded_executor.hpp:26[m[K,
[2.934s]                  from [01m[K/opt/ros/galactic/include/rclcpp/executors.hpp:21[m[K,
[2.934s]                  from [01m[K/opt/ros/galactic/include/rclcpp/rclcpp.hpp:156[m[K,
[2.934s]                  from [01m[K/home/a/ros2_ws/src/px4_ros_com/src/examples/offboard/offboard_control_mode.cpp:14[m[K:
[2.934s] [01m[K/home/a/ros2_ws/src/px4_ros_com/src/examples/offboard/offboard_control_mode.cpp:113:14:[m[K [01;31m[Kerror: [m[Kinvalid use of â€˜[01m[Kthis[m[Kâ€™ in non-member function
[2.934s]   113 |  RCLCPP_INFO([01;31m[Kthis[m[K->get_logger(), "Disarm command send");
[2.934s]       |              [01;31m[K^~~~[m[K
[2.934s] [01m[K/home/a/ros2_ws/src/px4_ros_com/src/examples/offboard/offboard_control_mode.cpp:113:14:[m[K [01;31m[Kerror: [m[Kinvalid use of â€˜[01m[Kthis[m[Kâ€™ in non-member function
[2.934s]   113 |  RCLCPP_INFO([01;31m[Kthis[m[K->get_logger(), "Disarm command send");
[2.934s]       |              [01;31m[K^~~~[m[K
[2.934s] [01m[K/home/a/ros2_ws/src/px4_ros_com/src/examples/offboard/offboard_control_mode.cpp:[m[K At global scope:
[2.934s] [01m[K/home/a/ros2_ws/src/px4_ros_com/src/examples/offboard/offboard_control_mode.cpp:119:6:[m[K [01;31m[Kerror: [m[Kâ€˜[01m[KOffboardControl[m[Kâ€™ has not been declared
[2.934s]   119 | void [01;31m[KOffboardControl[m[K::publish_offboard_control_mode(bool position, bool velocity, bool acceleration, bool attitude, bool body_rate, bool actuator)
[2.934s]       |      [01;31m[K^~~~~~~~~~~~~~~[m[K
[2.934s] [01m[K/home/a/ros2_ws/src/px4_ros_com/src/examples/offboard/offboard_control_mode.cpp:[m[K In function â€˜[01m[Kvoid publish_offboard_control_mode(bool, bool, bool, bool, bool, bool)[m[Kâ€™:
[2.934s] [01m[K/home/a/ros2_ws/src/px4_ros_com/src/examples/offboard/offboard_control_mode.cpp:127:18:[m[K [01;31m[Kerror: [m[Kinvalid use of â€˜[01m[Kthis[m[Kâ€™ in non-member function
[2.934s]   127 |  msg.timestamp = [01;31m[Kthis[m[K->get_clock()->now().nanoseconds() / 1000;
[2.934s]       |                  [01;31m[K^~~~[m[K
[2.938s] [01m[K/home/a/ros2_ws/src/px4_ros_com/src/examples/offboard/offboard_control_mode.cpp:128:2:[m[K [01;31m[Kerror: [m[Kâ€˜[01m[Koffboard_control_mode_publisher_[m[Kâ€™ was not declared in this scope
[2.938s]   128 |  [01;31m[Koffboard_control_mode_publisher_[m[K->publish(msg);
[2.938s]       |  [01;31m[K^~~~~~~~~~~~~~~~~~~~~~~~~~~~~~~~[m[K
[2.938s] [01m[K/home/a/ros2_ws/src/px4_ros_com/src/examples/offboard/offboard_control_mode.cpp:119:138:[m[K [01;35m[Kwarning: [m[Kunused parameter â€˜[01m[Kactuator[m[Kâ€™ [[01;35m[K-Wunused-parameter[m[K]
[2.938s]   119 | ion, bool velocity, bool acceleration, bool attitude, bool body_rate, [01;35m[Kbool actuator[m[K)
[2.938s]       |                                                                       [01;35m[K~~~~~^~~~~~~~[m[K
[2.938s] 
[2.939s] [01m[K/home/a/ros2_ws/src/px4_ros_com/src/examples/offboard/offboard_control_mode.cpp:[m[K At global scope:
[2.939s] [01m[K/home/a/ros2_ws/src/px4_ros_com/src/examples/offboard/offboard_control_mode.cpp:132:1:[m[K [01;31m[Kerror: [m[Kâ€˜[01m[KboardControl[m[Kâ€™ does not name a type
[2.939s]   132 | [01;31m[KboardControl[m[K::publish_vehicle_command(uint16_t command, float param1, float param2)
[2.939s]       | [01;31m[K^~~~~~~~~~~~[m[K
[2.942s] [01m[K/home/a/ros2_ws/src/px4_ros_com/src/examples/offboard/offboard_control_mode.cpp:[m[K In function â€˜[01m[Kint main(int, char**)[m[Kâ€™:
[2.942s] [01m[K/home/a/ros2_ws/src/px4_ros_com/src/examples/offboard/offboard_control_mode.cpp:152:32:[m[K [01;31m[Kerror: [m[Kâ€˜[01m[KOffboardControl[m[Kâ€™ was not declared in this scope
[2.942s]   152 |  rclcpp::spin(std::make_shared<[01;31m[KOffboardControl[m[K>());
[2.942s]       |                                [01;31m[K^~~~~~~~~~~~~~~[m[K
[2.942s] [01m[K/home/a/ros2_ws/src/px4_ros_com/src/examples/offboard/offboard_control_mode.cpp:152:49:[m[K [01;31m[Kerror: [m[Kno matching function for call to â€˜[01m[Kmake_shared<<expression error> >()[m[Kâ€™
[2.942s]   152 |  rclcpp::spin(std::make_shared<OffboardControl>([01;31m[K)[m[K);
[2.942s]       |                                                 [01;31m[K^[m[K
[2.942s] In file included from [01m[K/usr/include/c++/9/memory:81[m[K,
[2.942s]                  from [01m[K/opt/ros/galactic/include/rosidl_runtime_cpp/bounded_vector.hpp:19[m[K,
[2.942s]                  from [01m[K/home/a/ros2_ws/install/px4_msgs/include/px4_msgs/msg/detail/offboard_control_mode__struct.hpp:8[m[K,
[2.942s]                  from [01m[K/home/a/ros2_ws/install/px4_msgs/include/px4_msgs/msg/offboard_control_mode.hpp:7[m[K,
[2.942s]                  from [01m[K/home/a/ros2_ws/src/px4_ros_com/src/examples/offboard/offboard_control_mode.cpp:13[m[K:
[2.942s] [01m[K/usr/include/c++/9/bits/shared_ptr.h:714:5:[m[K [01;36m[Knote: [m[Kcandidate: â€˜[01m[Ktemplate<class _Tp, class ... _Args> std::shared_ptr<_Tp> std::make_shared(_Args&& ...)[m[Kâ€™
[2.942s]   714 |     [01;36m[Kmake_shared[m[K(_Args&&... __args)
[2.942s]       |     [01;36m[K^~~~~~~~~~~[m[K
[2.942s] [01m[K/usr/include/c++/9/bits/shared_ptr.h:714:5:[m[K [01;36m[Knote: [m[K  template argument deduction/substitution failed:
[2.942s] [01m[K/home/a/ros2_ws/src/px4_ros_com/src/examples/offboard/offboard_control_mode.cpp:152:49:[m[K [01;31m[Kerror: [m[Ktemplate argument 1 is invalid
[2.942s]   152 |  rclcpp::spin(std::make_shared<OffboardControl>([01;31m[K)[m[K);
[2.942s]       |                                                 [01;31m[K^[m[K
[3.600s] make[2]: *** [CMakeFiles/offboard_control_mode.dir/build.make:63ï¼šCMakeFiles/offboard_control_mode.dir/src/examples/offboard/offboard_control_mode.cpp.o] é”™è¯¯ 1
[3.600s] make[1]: *** [CMakeFiles/Makefile2:451ï¼šCMakeFiles/offboard_control_mode.dir/all] é”™è¯¯ 2
[3.600s] make: *** [Makefile:141ï¼šall] é”™è¯¯ 2
[3.603s] Invoked command in '/home/a/ros2_ws/build/px4_ros_com' returned '2': CMAKE_PREFIX_PATH=/home/a/ros2_ws/install/px4_msgs:/home/a/ros2_ws/install/px4_ros_com:/home/a/ros2_ws/install/my_uav:/opt/ros/galactic LD_LIBRARY_PATH=/home/a/ros2_ws/install/px4_msgs/lib:/home/a/ros2_ws/install/px4_ros_com/lib:/usr/lib/x86_64-linux-gnu/gazebo-11/plugins:/opt/ros/galactic/opt/yaml_cpp_vendor/lib:/opt/ros/galactic/opt/rviz_ogre_vendor/lib:/opt/ros/galactic/lib/x86_64-linux-gnu:/opt/ros/galactic/lib:/home/a/PX4-Autopilot/build/px4_sitl_default/build_gazebo-classic /usr/bin/cmake --build /home/a/ros2_ws/build/px4_ros_com -- -j2 -l2
