[01m[K/home/a/ros2_ws/src/px4_ros_com/src/examples/offboard/param_test.cpp:6:10:[m[K [01;31m[Kfatal error: [m[Kmy_msg/msg/position.hpp: æ²¡æœ‰é‚£ä¸ªæ–‡ä»¶æˆ–ç›®å½•
    6 | #include [01;31m[K"my_msg/msg/position.hpp"[m[K
      |          [01;31m[K^~~~~~~~~~~~~~~~~~~~~~~~~[m[K
compilation terminated.
make[2]: *** [CMakeFiles/param_test.dir/build.make:63ï¼šCMakeFiles/param_test.dir/src/examples/offboard/param_test.cpp.o] é”™è¯¯ 1
make[1]: *** [CMakeFiles/Makefile2:571ï¼šCMakeFiles/param_test.dir/all] é”™è¯¯ 2
make[1]: *** æ­£åœ¨ç­‰å¾…æœªå®Œæˆçš„ä»»åŠ¡....
make: *** [Makefile:141ï¼šall] é”™è¯¯ 2
