[  5%] Built target my_uav_node
[ 11%] Built target offboard_control_mode
[ 16%] Built target commander
[ 22%] Built target arm
[ 27%] Built target offboard_position_control
[ 33%] Built target rates_setpoint
[ 38%] Built target vel_yaw
[ 44%] Built target sensor_combined_listener
[ 50%] Built target vehicle_gps_position_listener
[ 55%] Built target debug_vect_advertiser
[ 61%] Built target point
[ 66%] Built target trajectory_setpoint
[ 72%] Built target vehicle_attitude_listener
[ 77%] Built target vehicle_status
[35m[1mScanning dependencies of target param_test[0m
[35m[1mScanning dependencies of target offboard_control[0m
[ 80%] [32mBuilding CXX object CMakeFiles/param_test.dir/src/examples/offboard/param_test.cpp.o[0m
[ 83%] [32mBuilding CXX object CMakeFiles/offboard_control.dir/src/examples/offboard/offboard_control.cpp.o[0m
[01m[K/home/a/ros2_ws/src/px4_ros_com/src/examples/offboard/param_test.cpp:6:10:[m[K [01;31m[Kfatal error: [m[Kmy_msg/msg/position.hpp: 没有那个文件或目录
    6 | #include [01;31m[K"my_msg/msg/position.hpp"[m[K
      |          [01;31m[K^~~~~~~~~~~~~~~~~~~~~~~~~[m[K
compilation terminated.
make[2]: *** [CMakeFiles/param_test.dir/build.make:63：CMakeFiles/param_test.dir/src/examples/offboard/param_test.cpp.o] 错误 1
make[1]: *** [CMakeFiles/Makefile2:571：CMakeFiles/param_test.dir/all] 错误 2
make[1]: *** 正在等待未完成的任务....
[ 86%] [32m[1mLinking CXX executable offboard_control[0m
[ 86%] Built target offboard_control
make: *** [Makefile:141：all] 错误 2
