[0.018s] Invoking command in '/home/a/ros2_ws/build/px4_ros_com': CMAKE_PREFIX_PATH=/home/a/ros2_ws/install/px4_msgs:/home/a/ros2_ws/install/my_msg:/home/a/ros2_ws/install/px4_ros_com:/home/a/ros2_ws/install/my_uav:/opt/ros/galactic LD_LIBRARY_PATH=/home/a/ros2_ws/install/px4_msgs/lib:/home/a/ros2_ws/install/my_msg/lib:/home/a/ros2_ws/install/px4_ros_com/lib:/usr/lib/x86_64-linux-gnu/gazebo-11/plugins:/opt/ros/galactic/opt/yaml_cpp_vendor/lib:/opt/ros/galactic/opt/rviz_ogre_vendor/lib:/opt/ros/galactic/lib/x86_64-linux-gnu:/opt/ros/galactic/lib:/home/a/PX4-Autopilot/build/px4_sitl_default/build_gazebo-classic PYTHONPATH=/home/a/ros2_ws/install/px4_msgs/lib/python3.8/site-packages:/home/a/ros2_ws/install/my_msg/lib/python3.8/site-packages:/opt/ros/galactic/lib/python3.8/site-packages /usr/bin/cmake --build /home/a/ros2_ws/build/px4_ros_com -- -j2 -l2
[0.083s] [  5%] Built target my_uav_node
[0.087s] [ 11%] Built target offboard_control_mode
[0.114s] [ 16%] Built target commander
[0.121s] [ 22%] Built target arm
[0.146s] [ 27%] Built target offboard_position_control
[0.155s] [ 33%] Built target rates_setpoint
[0.180s] [ 38%] Built target vel_yaw
[0.187s] [ 44%] Built target sensor_combined_listener
[0.218s] [ 50%] Built target vehicle_gps_position_listener
[0.224s] [ 55%] Built target debug_vect_advertiser
[0.253s] [ 61%] Built target point
[0.256s] [ 66%] Built target trajectory_setpoint
[0.286s] [ 72%] Built target vehicle_attitude_listener
[0.287s] [ 77%] Built target vehicle_status
[0.300s] [35m[1mScanning dependencies of target param_test[0m
[0.304s] [35m[1mScanning dependencies of target offboard_control[0m
[0.326s] [ 80%] [32mBuilding CXX object CMakeFiles/param_test.dir/src/examples/offboard/param_test.cpp.o[0m
[0.338s] [ 83%] [32mBuilding CXX object CMakeFiles/offboard_control.dir/src/examples/offboard/offboard_control.cpp.o[0m
[0.480s] [01m[K/home/a/ros2_ws/src/px4_ros_com/src/examples/offboard/param_test.cpp:6:10:[m[K [01;31m[Kfatal error: [m[Kmy_msg/msg/position.hpp: Ê≤°ÊúâÈÇ£‰∏™Êñá‰ª∂ÊàñÁõÆÂΩï
[0.480s]     6 | #include [01;31m[K"my_msg/msg/position.hpp"[m[K
[0.480s]       |          [01;31m[K^~~~~~~~~~~~~~~~~~~~~~~~~[m[K
[0.480s] compilation terminated.
[0.483s] make[2]: *** [CMakeFiles/param_test.dir/build.make:63ÔºöCMakeFiles/param_test.dir/src/examples/offboard/param_test.cpp.o] ÈîôËØØ 1
[0.483s] make[1]: *** [CMakeFiles/Makefile2:571ÔºöCMakeFiles/param_test.dir/all] ÈîôËØØ 2
[0.483s] make[1]: *** Ê≠£Âú®Á≠âÂæÖÊú™ÂÆåÊàêÁöÑ‰ªªÂä°....
[18.194s] [ 86%] [32m[1mLinking CXX executable offboard_control[0m
[18.464s] [ 86%] Built target offboard_control
[18.466s] make: *** [Makefile:141Ôºöall] ÈîôËØØ 2
[18.469s] Invoked command in '/home/a/ros2_ws/build/px4_ros_com' returned '2': CMAKE_PREFIX_PATH=/home/a/ros2_ws/install/px4_msgs:/home/a/ros2_ws/install/my_msg:/home/a/ros2_ws/install/px4_ros_com:/home/a/ros2_ws/install/my_uav:/opt/ros/galactic LD_LIBRARY_PATH=/home/a/ros2_ws/install/px4_msgs/lib:/home/a/ros2_ws/install/my_msg/lib:/home/a/ros2_ws/install/px4_ros_com/lib:/usr/lib/x86_64-linux-gnu/gazebo-11/plugins:/opt/ros/galactic/opt/yaml_cpp_vendor/lib:/opt/ros/galactic/opt/rviz_ogre_vendor/lib:/opt/ros/galactic/lib/x86_64-linux-gnu:/opt/ros/galactic/lib:/home/a/PX4-Autopilot/build/px4_sitl_default/build_gazebo-classic PYTHONPATH=/home/a/ros2_ws/install/px4_msgs/lib/python3.8/site-packages:/home/a/ros2_ws/install/my_msg/lib/python3.8/site-packages:/opt/ros/galactic/lib/python3.8/site-packages /usr/bin/cmake --build /home/a/ros2_ws/build/px4_ros_com -- -j2 -l2
