[  4%] [32mBuilding CXX object CMakeFiles/uav_control_node.dir/src/uav_control_node.cpp.o[0m
[ 13%] Built target image_sub
[ 22%] Built target internlm_m_node
[ 31%] Built target internvl
[ 40%] Built target internlm_m_listener
[ 50%] Built target internvl_p
[ 59%] Built target internvl_listener
[ 68%] Built target gps_sub
[ 77%] Built target ray_sub
[ 86%] Built target camera_listener
[ 95%] Built target ray_listener
[01m[K/home/a/uav/src/my_uav/src/uav_control_node.cpp:[m[K In constructor â€˜[01m[KUAVControlNode::UAVControlNode()[m[Kâ€™:
[01m[K/home/a/uav/src/my_uav/src/uav_control_node.cpp:16:3:[m[K [01;31m[Kerror: [m[Kâ€˜[01m[Kjson[m[Kâ€™ was not declared in this scope
   16 |   [01;31m[Kjson[m[K request_data = {
      |   [01;31m[K^~~~[m[K
[01m[K/home/a/uav/src/my_uav/src/uav_control_node.cpp:16:3:[m[K [01;36m[Knote: [m[Ksuggested alternatives:
In file included from [01m[K/usr/include/nlohmann/detail/meta/type_traits.hpp:12[m[K,
                 from [01m[K/usr/include/nlohmann/detail/conversions/from_json.hpp:19[m[K,
                 from [01m[K/usr/include/nlohmann/adl_serializer.hpp:5[m[K,
                 from [01m[K/usr/include/nlohmann/json.hpp:51[m[K,
                 from [01m[K/home/a/uav/src/my_uav/src/uav_control_node.cpp:9[m[K:
[01m[K/usr/include/nlohmann/json_fwd.hpp:61:7:[m[K [01;36m[Knote: [m[K  â€˜[01m[Knlohmann::json[m[Kâ€™
   61 | using [01;36m[Kjson[m[K = basic_json<>;
      |       [01;36m[K^~~~[m[K
In file included from [01m[K/usr/include/nlohmann/detail/input/binary_reader.hpp:17[m[K,
                 from [01m[K/usr/include/nlohmann/json.hpp:55[m[K,
                 from [01m[K/home/a/uav/src/my_uav/src/uav_control_node.cpp:9[m[K:
[01m[K/usr/include/nlohmann/detail/input/input_adapters.hpp:24:29:[m[K [01;36m[Knote: [m[K  â€˜[01m[Knlohmann::detail::input_format_t::json[m[Kâ€™
   24 | enum class input_format_t { [01;36m[Kjson[m[K, cbor, msgpack, ubjson, bson };
      |                             [01;36m[K^~~~[m[K
[01m[K/home/a/uav/src/my_uav/src/uav_control_node.cpp:52:50:[m[K [01;31m[Kerror: [m[Kâ€˜[01m[Krequest_data[m[Kâ€™ was not declared in this scope
   52 |   std::string command_string = parse_model_reply([01;31m[Krequest_data[m[K);
      |                                                  [01;31m[K^~~~~~~~~~~~[m[K
make[2]: *** [CMakeFiles/uav_control_node.dir/build.make:63ï¼šCMakeFiles/uav_control_node.dir/src/uav_control_node.cpp.o] é”™è¯¯ 1
make[1]: *** [CMakeFiles/Makefile2:152ï¼šCMakeFiles/uav_control_node.dir/all] é”™è¯¯ 2
make: *** [Makefile:141ï¼šall] é”™è¯¯ 2
