[  7%] Built target my_uav_node
[ 14%] Built target offboard_control_mode
[ 21%] Built target commander
[ 28%] Built target frame_transforms
[35m[1mScanning dependencies of target offboard_control[0m
[35m[1mScanning dependencies of target arm[0m
[ 32%] [32mBuilding CXX object CMakeFiles/arm.dir/src/examples/offboard/arm.cpp.o[0m
[ 35%] [32mBuilding CXX object CMakeFiles/offboard_control.dir/src/examples/offboard/offboard_control.cpp.o[0m
[01m[K/home/a/ros2_ws/src/px4_ros_com/src/examples/offboard/offboard_control.cpp:[m[K In constructor ‘[01m[KOffboardControl::OffboardControl()[m[K’:
[01m[K/home/a/ros2_ws/src/px4_ros_com/src/examples/offboard/offboard_control.cpp:83:10:[m[K [01;31m[Kerror: [m[K‘[01m[Kstop_timer_[m[K’ was not declared in this scope
   83 |          [01;31m[Kstop_timer_[m[K = this->create_wall_timer(5s, std::bind(&OffboardControl::stop_timer_callback, this));
      |          [01;31m[K^~~~~~~~~~~[m[K
make[2]: *** [CMakeFiles/offboard_control.dir/build.make:63：CMakeFiles/offboard_control.dir/src/examples/offboard/offboard_control.cpp.o] 错误 1
make[1]: *** [CMakeFiles/Makefile2:266：CMakeFiles/offboard_control.dir/all] 错误 2
make[1]: *** 正在等待未完成的任务....
[ 39%] [32m[1mLinking CXX executable arm[0m
[ 39%] Built target arm
make: *** [Makefile:141：all] 错误 2
