[0.030s] Invoking command in '/home/a/ros2_ws/build/px4_ros_com': CMAKE_PREFIX_PATH=/home/a/ros2_ws/install/px4_msgs:/home/a/ros2_ws/install/px4_ros_com:/home/a/ros2_ws/install/my_uav:/opt/ros/galactic LD_LIBRARY_PATH=/home/a/ros2_ws/install/px4_msgs/lib:/home/a/ros2_ws/install/px4_ros_com/lib:/usr/lib/x86_64-linux-gnu/gazebo-11/plugins:/opt/ros/galactic/opt/yaml_cpp_vendor/lib:/opt/ros/galactic/opt/rviz_ogre_vendor/lib:/opt/ros/galactic/lib/x86_64-linux-gnu:/opt/ros/galactic/lib:/home/a/PX4-Autopilot/build/px4_sitl_default/build_gazebo-classic /usr/bin/cmake --build /home/a/ros2_ws/build/px4_ros_com -- -j2 -l2
[0.102s] [  7%] Built target my_uav_node
[0.106s] [ 14%] Built target offboard_control_mode
[0.137s] [ 21%] Built target commander
[0.142s] [ 28%] Built target frame_transforms
[0.153s] [35m[1mScanning dependencies of target offboard_control[0m
[0.158s] [35m[1mScanning dependencies of target arm[0m
[0.186s] [ 32%] [32mBuilding CXX object CMakeFiles/arm.dir/src/examples/offboard/arm.cpp.o[0m
[0.187s] [ 35%] [32mBuilding CXX object CMakeFiles/offboard_control.dir/src/examples/offboard/offboard_control.cpp.o[0m
[2.499s] [01m[K/home/a/ros2_ws/src/px4_ros_com/src/examples/offboard/offboard_control.cpp:[m[K In constructor â€˜[01m[KOffboardControl::OffboardControl()[m[Kâ€™:
[2.499s] [01m[K/home/a/ros2_ws/src/px4_ros_com/src/examples/offboard/offboard_control.cpp:83:10:[m[K [01;31m[Kerror: [m[Kâ€˜[01m[Kstop_timer_[m[Kâ€™ was not declared in this scope
[2.499s]    83 |          [01;31m[Kstop_timer_[m[K = this->create_wall_timer(5s, std::bind(&OffboardControl::stop_timer_callback, this));
[2.499s]       |          [01;31m[K^~~~~~~~~~~[m[K
[5.613s] make[2]: *** [CMakeFiles/offboard_control.dir/build.make:63ï¼šCMakeFiles/offboard_control.dir/src/examples/offboard/offboard_control.cpp.o] é”™è¯¯ 1
[5.613s] make[1]: *** [CMakeFiles/Makefile2:266ï¼šCMakeFiles/offboard_control.dir/all] é”™è¯¯ 2
[5.613s] make[1]: *** æ­£åœ¨ç­‰å¾…æœªå®Œæˆçš„ä»»åŠ¡....
[15.568s] [ 39%] [32m[1mLinking CXX executable arm[0m
[15.799s] [ 39%] Built target arm
[15.801s] make: *** [Makefile:141ï¼šall] é”™è¯¯ 2
[15.804s] Invoked command in '/home/a/ros2_ws/build/px4_ros_com' returned '2': CMAKE_PREFIX_PATH=/home/a/ros2_ws/install/px4_msgs:/home/a/ros2_ws/install/px4_ros_com:/home/a/ros2_ws/install/my_uav:/opt/ros/galactic LD_LIBRARY_PATH=/home/a/ros2_ws/install/px4_msgs/lib:/home/a/ros2_ws/install/px4_ros_com/lib:/usr/lib/x86_64-linux-gnu/gazebo-11/plugins:/opt/ros/galactic/opt/yaml_cpp_vendor/lib:/opt/ros/galactic/opt/rviz_ogre_vendor/lib:/opt/ros/galactic/lib/x86_64-linux-gnu:/opt/ros/galactic/lib:/home/a/PX4-Autopilot/build/px4_sitl_default/build_gazebo-classic /usr/bin/cmake --build /home/a/ros2_ws/build/px4_ros_com -- -j2 -l2
