[0.011s] Invoking command in '/home/a/uav/build/my_uav': /usr/bin/cmake --build /home/a/uav/build/my_uav -- -j2 -l2
[0.054s] [35m[1mScanning dependencies of target uav_control_node[0m
[0.058s] make[2]: *** æ²¡æœ‰è§„åˆ™å¯åˆ¶ä½œç›®æ ‡â€œ/home/a/uav/src/my_uav/src/uav_control_node.cppâ€ï¼Œç”±â€œCMakeFiles/uav_control_node.dir/src/uav_control_node.cpp.oâ€ éœ€æ±‚ã€‚ åœæ­¢ã€‚
[0.058s] make[1]: *** [CMakeFiles/Makefile2:152ï¼šCMakeFiles/uav_control_node.dir/all] é”™è¯¯ 2
[0.058s] make[1]: *** æ­£åœ¨ç­‰å¾…æœªå®Œæˆçš„ä»»åŠ¡....
[0.072s] [  9%] Built target image_sub
[0.074s] make: *** [Makefile:141ï¼šall] é”™è¯¯ 2
[0.076s] Invoked command in '/home/a/uav/build/my_uav' returned '2': /usr/bin/cmake --build /home/a/uav/build/my_uav -- -j2 -l2
