[0.014s] Invoking command in '/home/a/uav/build/my_uav': /usr/bin/cmake --build /home/a/uav/build/my_uav -- -j2 -l2
[0.070s] [  4%] [32mBuilding CXX object CMakeFiles/uav_control_node.dir/src/uav_control_node.cpp.o[0m
[0.079s] [ 13%] Built target image_sub
[0.113s] [ 22%] Built target internlm_m_node
[0.146s] [ 31%] Built target internvl
[0.179s] [ 40%] Built target internlm_m_listener
[0.195s] [35m[1mScanning dependencies of target internvl_p[0m
[0.240s] [ 45%] [32mBuilding CXX object CMakeFiles/internvl_p.dir/src/internvl_p.cpp.o[0m
[4.154s] [ 50%] [32m[1mLinking CXX executable uav_control_node[0m
[4.352s] [ 50%] Built target uav_control_node
[4.391s] [ 59%] Built target internvl_listener
[4.425s] [ 68%] Built target gps_sub
[4.453s] [ 77%] Built target ray_sub
[4.482s] [ 86%] Built target camera_listener
[4.507s] [ 95%] Built target ray_listener
[4.549s] [01m[K/home/a/uav/src/my_uav/src/internvl_p.cpp:[m[K In member function â€˜[01m[Kvoid InternvlNode::send_to_ai()[m[Kâ€™:
[4.549s] [01m[K/home/a/uav/src/my_uav/src/internvl_p.cpp:130:9:[m[K [01;31m[Kerror: [m[Kâ€˜[01m[Kcommand[m[Kâ€™ was not declared in this scope
[4.549s]   130 |    if (![01;31m[Kcommand[m[K.empty()) {
[4.549s]       |         [01;31m[K^~~~~~~[m[K
[9.028s] make[2]: *** [CMakeFiles/internvl_p.dir/build.make:63ï¼šCMakeFiles/internvl_p.dir/src/internvl_p.cpp.o] é”™è¯¯ 1
[9.029s] make[1]: *** [CMakeFiles/Makefile2:287ï¼šCMakeFiles/internvl_p.dir/all] é”™è¯¯ 2
[9.030s] make: *** [Makefile:141ï¼šall] é”™è¯¯ 2
[9.032s] Invoked command in '/home/a/uav/build/my_uav' returned '2': /usr/bin/cmake --build /home/a/uav/build/my_uav -- -j2 -l2
