[0.014s] Invoking command in '/home/a/uav/build/my_uav': /usr/bin/cmake --build /home/a/uav/build/my_uav -- -j2 -l2
[0.060s] [  9%] Built target uav_control_node
[0.070s] [ 18%] Built target image_sub
[0.087s] [ 27%] Built target internlm_m_node
[0.100s] [ 36%] Built target internvl
[0.117s] [35m[1mScanning dependencies of target internvl_p[0m
[0.130s] [ 45%] Built target internlm_m_listener
[0.166s] [ 50%] [32mBuilding CXX object CMakeFiles/internvl_p.dir/src/internvl_p.cpp.o[0m
[0.171s] [ 59%] Built target internvl_listener
[0.205s] [ 68%] Built target gps_sub
[0.238s] [ 77%] Built target ray_sub
[0.263s] [ 86%] Built target camera_listener
[0.286s] [ 95%] Built target ray_listener
[3.810s] [01m[K/home/a/uav/src/my_uav/src/internvl_p.cpp:[m[K In member function ‘[01m[Kstd::string InternvlNode::parse_model_reply(const string&)[m[K’:
[3.810s] [01m[K/home/a/uav/src/my_uav/src/internvl_p.cpp:167:98:[m[K [01;31m[Kerror: [m[K‘[01m[Ke[m[K’ was not declared in this scope
[3.810s]   167 | < " return 0，这样返回空指针给一个string类型，就会报错哦！ " << [01;31m[Ke[m[K.what() << std::endl;
[3.810s]       |                                                                                     [01;31m[K^[m[K
[3.810s] 
[8.811s] make[2]: *** [CMakeFiles/internvl_p.dir/build.make:63：CMakeFiles/internvl_p.dir/src/internvl_p.cpp.o] 错误 1
[8.811s] make[1]: *** [CMakeFiles/Makefile2:287：CMakeFiles/internvl_p.dir/all] 错误 2
[8.811s] make: *** [Makefile:141：all] 错误 2
[8.814s] Invoked command in '/home/a/uav/build/my_uav' returned '2': /usr/bin/cmake --build /home/a/uav/build/my_uav -- -j2 -l2
