[0.014s] Invoking command in '/home/a/uav/build/my_uav': /usr/bin/cmake --build /home/a/uav/build/my_uav -- -j2 -l2
[0.060s] [  9%] Built target uav_control_node
[0.070s] [ 18%] Built target image_sub
[0.087s] [ 27%] Built target internlm_m_node
[0.100s] [ 36%] Built target internvl
[0.117s] [35m[1mScanning dependencies of target internvl_p[0m
[0.130s] [ 45%] Built target internlm_m_listener
[0.166s] [ 50%] [32mBuilding CXX object CMakeFiles/internvl_p.dir/src/internvl_p.cpp.o[0m
[0.171s] [ 59%] Built target internvl_listener
[0.205s] [ 68%] Built target gps_sub
[0.238s] [ 77%] Built target ray_sub
[0.263s] [ 86%] Built target camera_listener
[0.286s] [ 95%] Built target ray_listener
[3.810s] [01m[K/home/a/uav/src/my_uav/src/internvl_p.cpp:[m[K In member function â€˜[01m[Kstd::string InternvlNode::parse_model_reply(const string&)[m[Kâ€™:
[3.810s] [01m[K/home/a/uav/src/my_uav/src/internvl_p.cpp:167:98:[m[K [01;31m[Kerror: [m[Kâ€˜[01m[Ke[m[Kâ€™ was not declared in this scope
[3.810s]   167 | < " return 0ï¼Œè¿™æ ·è¿”å›žç©ºæŒ‡é’ˆç»™ä¸€ä¸ªstringç±»åž‹ï¼Œå°±ä¼šæŠ¥é”™å“¦ï¼ " << [01;31m[Ke[m[K.what() << std::endl;
[3.810s]       |                                                                                     [01;31m[K^[m[K
[3.810s] 
[8.811s] make[2]: *** [CMakeFiles/internvl_p.dir/build.make:63ï¼šCMakeFiles/internvl_p.dir/src/internvl_p.cpp.o] é”™è¯¯ 1
[8.811s] make[1]: *** [CMakeFiles/Makefile2:287ï¼šCMakeFiles/internvl_p.dir/all] é”™è¯¯ 2
[8.811s] make: *** [Makefile:141ï¼šall] é”™è¯¯ 2
[8.814s] Invoked command in '/home/a/uav/build/my_uav' returned '2': /usr/bin/cmake --build /home/a/uav/build/my_uav -- -j2 -l2
