[0.020s] Invoking command in '/home/a/ros2_ws/build/px4_ros_com': CMAKE_PREFIX_PATH=/home/a/ros2_ws/install/px4_msgs:/home/a/ros2_ws/install/px4_ros_com:/home/a/ros2_ws/install/my_uav:/opt/ros/galactic LD_LIBRARY_PATH=/home/a/ros2_ws/install/px4_msgs/lib:/home/a/ros2_ws/install/px4_ros_com/lib:/usr/lib/x86_64-linux-gnu/gazebo-11/plugins:/opt/ros/galactic/opt/yaml_cpp_vendor/lib:/opt/ros/galactic/opt/rviz_ogre_vendor/lib:/opt/ros/galactic/lib/x86_64-linux-gnu:/opt/ros/galactic/lib:/home/a/PX4-Autopilot/build/px4_sitl_default/build_gazebo-classic /usr/bin/cmake --build /home/a/ros2_ws/build/px4_ros_com -- -j2 -l2
[0.242s] [  6%] Built target my_uav_node
[0.348s] [ 13%] Built target offboard_control_mode
[0.476s] [ 20%] Built target commander
[0.533s] [35m[1mScanning dependencies of target arm[0m
[0.624s] [ 23%] [32mBuilding CXX object CMakeFiles/arm.dir/src/examples/offboard/arm.cpp.o[0m
[5.920s] [01m[K/home/a/ros2_ws/src/px4_ros_com/src/examples/offboard/arm.cpp:[m[K In constructor â€˜[01m[Karm::arm()[m[Kâ€™:
[5.920s] [01m[K/home/a/ros2_ws/src/px4_ros_com/src/examples/offboard/arm.cpp:35:3:[m[K [01;31m[Kerror: [m[Kâ€˜[01m[KVehicleStatus_subscription_[m[Kâ€™ was not declared in this scope
[5.920s]    35 |   [01;31m[KVehicleStatus_subscription_[m[K = this->create_subscription<px4_msgs::msg::VehicleStatus>(
[5.920s]       |   [01;31m[K^~~~~~~~~~~~~~~~~~~~~~~~~~~[m[K
[5.933s] [01m[K/home/a/ros2_ws/src/px4_ros_com/src/examples/offboard/arm.cpp:[m[K In lambda function:
[5.933s] [01m[K/home/a/ros2_ws/src/px4_ros_com/src/examples/offboard/arm.cpp:45:5:[m[K [01;31m[Kerror: [m[Kâ€˜[01m[KVehicleStatus_subscription_[m[Kâ€™ is not captured
[5.933s]    45 |     [01;31m[KVehicleStatus_subscription_[m[K.reset(); // å–æ¶ˆè®¢é˜…ï¼šåªæ‰§è¡Œä¸€æ¬¡å›è°ƒåä¸å†è§¦å‘
[5.933s]       |     [01;31m[K^~~~~~~~~~~~~~~~~~~~~~~~~~~[m[K
[5.933s] [01m[K/home/a/ros2_ws/src/px4_ros_com/src/examples/offboard/arm.cpp:37:9:[m[K [01;36m[Knote: [m[Kthe lambda has no capture-default
[5.933s]    37 |    [this[01;36m[K][m[K(const px4_msgs::msg::VehicleStatus::UniquePtr msg2) {
[5.933s]       |         [01;36m[K^[m[K
[5.934s] [01m[K/home/a/ros2_ws/src/px4_ros_com/src/examples/offboard/arm.cpp:35:3:[m[K [01;36m[Knote: [m[Kâ€˜[01m[K<typeprefixerror>VehicleStatus_subscription_[m[Kâ€™ declared here
[5.934s]    35 |   [01;36m[KVehicleStatus_subscription_[m[K = this->create_subscription<px4_msgs::msg::VehicleStatus>(
[5.934s]       |   [01;36m[K^~~~~~~~~~~~~~~~~~~~~~~~~~~[m[K
[10.486s] make[2]: *** [CMakeFiles/arm.dir/build.make:63ï¼šCMakeFiles/arm.dir/src/examples/offboard/arm.cpp.o] é”™è¯¯ 1
[10.489s] make[1]: *** [CMakeFiles/Makefile2:187ï¼šCMakeFiles/arm.dir/all] é”™è¯¯ 2
[10.489s] make: *** [Makefile:141ï¼šall] é”™è¯¯ 2
[10.496s] Invoked command in '/home/a/ros2_ws/build/px4_ros_com' returned '2': CMAKE_PREFIX_PATH=/home/a/ros2_ws/install/px4_msgs:/home/a/ros2_ws/install/px4_ros_com:/home/a/ros2_ws/install/my_uav:/opt/ros/galactic LD_LIBRARY_PATH=/home/a/ros2_ws/install/px4_msgs/lib:/home/a/ros2_ws/install/px4_ros_com/lib:/usr/lib/x86_64-linux-gnu/gazebo-11/plugins:/opt/ros/galactic/opt/yaml_cpp_vendor/lib:/opt/ros/galactic/opt/rviz_ogre_vendor/lib:/opt/ros/galactic/lib/x86_64-linux-gnu:/opt/ros/galactic/lib:/home/a/PX4-Autopilot/build/px4_sitl_default/build_gazebo-classic /usr/bin/cmake --build /home/a/ros2_ws/build/px4_ros_com -- -j2 -l2
