[0.019s] Invoking command in '/home/a/ros2_ws/build/px4_ros_com': CMAKE_PREFIX_PATH=/home/a/ros2_ws/install/px4_msgs:/home/a/ros2_ws/install/px4_ros_com:/home/a/ros2_ws/install/my_uav:/opt/ros/galactic LD_LIBRARY_PATH=/home/a/ros2_ws/install/px4_msgs/lib:/home/a/ros2_ws/install/px4_ros_com/lib:/usr/lib/x86_64-linux-gnu/gazebo-11/plugins:/opt/ros/galactic/opt/yaml_cpp_vendor/lib:/opt/ros/galactic/opt/rviz_ogre_vendor/lib:/opt/ros/galactic/lib/x86_64-linux-gnu:/opt/ros/galactic/lib:/home/a/PX4-Autopilot/build/px4_sitl_default/build_gazebo-classic /usr/bin/cmake --build /home/a/ros2_ws/build/px4_ros_com -- -j2 -l2
[0.081s] [  5%] Built target my_uav_node
[0.084s] [ 11%] Built target offboard_control_mode
[0.114s] [ 16%] Built target commander
[0.128s] [ 22%] Built target arm
[0.140s] [ 27%] Built target offboard_position_control
[0.160s] [ 33%] Built target rates_setpoint
[0.172s] [ 38%] Built target vel_yaw
[0.193s] [ 44%] Built target sensor_combined_listener
[0.205s] [ 50%] Built target vehicle_gps_position_listener
[0.218s] [35m[1mScanning dependencies of target point[0m
[0.231s] [ 55%] Built target debug_vect_advertiser
[0.253s] [ 58%] [32mBuilding CXX object CMakeFiles/point.dir/src/examples/offboard/point.cpp.o[0m
[0.263s] [ 63%] Built target trajectory_setpoint
[0.293s] [ 69%] Built target vehicle_attitude_listener
[0.324s] [ 75%] Built target vehicle_status
[0.343s] [35m[1mScanning dependencies of target offboard_control[0m
[0.373s] [ 77%] [32mBuilding CXX object CMakeFiles/offboard_control.dir/src/examples/offboard/offboard_control.cpp.o[0m
[7.589s] [ 80%] [32m[1mLinking CXX executable point[0m
[7.752s] [ 80%] Built target point
[7.767s] [35m[1mScanning dependencies of target param_test[0m
[7.793s] [ 83%] [32mBuilding CXX object CMakeFiles/param_test.dir/src/examples/offboard/param_test.cpp.o[0m
[9.849s] [01m[K/home/a/ros2_ws/src/px4_ros_com/src/examples/offboard/param_test.cpp:[m[K In member function â€˜[01m[Kvoid MinimalParam::timer_callback()[m[Kâ€™:
[9.849s] [01m[K/home/a/ros2_ws/src/px4_ros_com/src/examples/offboard/param_test.cpp:25:15:[m[K [01;31m[Kerror: [m[Kredeclaration of â€˜[01m[Kstd::string my_param[m[Kâ€™
[9.849s]    25 |   std::string [01;31m[Kmy_param[m[K = this->get_parameter("b").get_parameter_value().get<std::string>();
[9.849s]       |               [01;31m[K^~~~~~~~[m[K
[9.849s] [01m[K/home/a/ros2_ws/src/px4_ros_com/src/examples/offboard/param_test.cpp:24:15:[m[K [01;36m[Knote: [m[Kâ€˜[01m[Kstd::string my_param[m[Kâ€™ previously declared here
[9.849s]    24 |   std::string [01;36m[Kmy_param[m[K = this->get_parameter("a").get_parameter_value().get<std::string>();
[9.849s]       |               [01;36m[K^~~~~~~~[m[K
[9.851s] In file included from [01m[K/opt/ros/galactic/include/rclcpp/client.hpp:40[m[K,
[9.851s]                  from [01m[K/opt/ros/galactic/include/rclcpp/callback_group.hpp:23[m[K,
[9.851s]                  from [01m[K/opt/ros/galactic/include/rclcpp/any_executable.hpp:20[m[K,
[9.851s]                  from [01m[K/opt/ros/galactic/include/rclcpp/memory_strategy.hpp:25[m[K,
[9.851s]                  from [01m[K/opt/ros/galactic/include/rclcpp/memory_strategies.hpp:18[m[K,
[9.851s]                  from [01m[K/opt/ros/galactic/include/rclcpp/executor_options.hpp:20[m[K,
[9.851s]                  from [01m[K/opt/ros/galactic/include/rclcpp/executor.hpp:36[m[K,
[9.851s]                  from [01m[K/opt/ros/galactic/include/rclcpp/executors/multi_threaded_executor.hpp:26[m[K,
[9.851s]                  from [01m[K/opt/ros/galactic/include/rclcpp/executors.hpp:21[m[K,
[9.851s]                  from [01m[K/opt/ros/galactic/include/rclcpp/rclcpp.hpp:156[m[K,
[9.851s]                  from [01m[K/home/a/ros2_ws/src/px4_ros_com/src/examples/offboard/param_test.cpp:5[m[K:
[9.851s] [01m[K/home/a/ros2_ws/src/px4_ros_com/src/examples/offboard/param_test.cpp:26:52:[m[K [01;31m[Kerror: [m[Kâ€˜[01m[Ka[m[Kâ€™ was not declared in this scope
[9.851s]    26 |   RCLCPP_INFO(this->get_logger(), "Hello %s  %s!", [01;31m[Ka[m[K.c_str(),b.c_str());
[9.852s]       |                                                    [01;31m[K^[m[K
[9.852s] [01m[K/home/a/ros2_ws/src/px4_ros_com/src/examples/offboard/param_test.cpp:26:62:[m[K [01;31m[Kerror: [m[Kâ€˜[01m[Kb[m[Kâ€™ was not declared in this scope
[9.852s]    26 |   RCLCPP_INFO(this->get_logger(), "Hello %s  %s!", a.c_str(),[01;31m[Kb[m[K.c_str());
[9.852s]       |                                                              [01;31m[K^[m[K
[10.363s] make[2]: *** [CMakeFiles/param_test.dir/build.make:63ï¼šCMakeFiles/param_test.dir/src/examples/offboard/param_test.cpp.o] é”™è¯¯ 1
[10.364s] make[1]: *** [CMakeFiles/Makefile2:571ï¼šCMakeFiles/param_test.dir/all] é”™è¯¯ 2
[10.364s] make[1]: *** æ­£åœ¨ç­‰å¾…æœªå®Œæˆçš„ä»»åŠ¡....
[18.051s] [ 86%] [32m[1mLinking CXX executable offboard_control[0m
[18.291s] [ 86%] Built target offboard_control
[18.293s] make: *** [Makefile:141ï¼šall] é”™è¯¯ 2
[18.298s] Invoked command in '/home/a/ros2_ws/build/px4_ros_com' returned '2': CMAKE_PREFIX_PATH=/home/a/ros2_ws/install/px4_msgs:/home/a/ros2_ws/install/px4_ros_com:/home/a/ros2_ws/install/my_uav:/opt/ros/galactic LD_LIBRARY_PATH=/home/a/ros2_ws/install/px4_msgs/lib:/home/a/ros2_ws/install/px4_ros_com/lib:/usr/lib/x86_64-linux-gnu/gazebo-11/plugins:/opt/ros/galactic/opt/yaml_cpp_vendor/lib:/opt/ros/galactic/opt/rviz_ogre_vendor/lib:/opt/ros/galactic/lib/x86_64-linux-gnu:/opt/ros/galactic/lib:/home/a/PX4-Autopilot/build/px4_sitl_default/build_gazebo-classic /usr/bin/cmake --build /home/a/ros2_ws/build/px4_ros_com -- -j2 -l2
