[ 14%] Built target frame_transforms
[35m[1mScanning dependencies of target sensor_combined_listener[0m
[ 28%] Built target offboard_control
[ 35%] [32mBuilding CXX object CMakeFiles/sensor_combined_listener.dir/src/examples/listeners/sensor_combined_listener.cpp.o[0m
[ 50%] Built target my_uav_node
[35m[1mScanning dependencies of target vehicle_gps_position_listener[0m
[ 57%] [32mBuilding CXX object CMakeFiles/vehicle_gps_position_listener.dir/src/examples/listeners/vehicle_gps_position_listener.cpp.o[0m
[01m[K/home/a/ros2_ws/src/px4_ros_com/src/examples/listeners/sensor_combined_listener.cpp:[m[K In constructor ‘[01m[KSensorCombinedListener::SensorCombinedListener()[m[K’:
[01m[K/home/a/ros2_ws/src/px4_ros_com/src/examples/listeners/sensor_combined_listener.cpp:21:69:[m[K [01;31m[Kerror: [m[Kno match for call to ‘[01m[K(std::ofstream {aka std::basic_ofstream<char>}) (const char [24], std::_Ios_Openmode)[m[K’
   21 |   log_file_("sensor_combined_log.txt", std::ios::out | std::ios::app[01;31m[K)[m[K
      |                                                                     [01;31m[K^[m[K
make[2]: *** [CMakeFiles/sensor_combined_listener.dir/build.make:63：CMakeFiles/sensor_combined_listener.dir/src/examples/listeners/sensor_combined_listener.cpp.o] 错误 1
make[1]: *** [CMakeFiles/Makefile2:144：CMakeFiles/sensor_combined_listener.dir/all] 错误 2
make[1]: *** 正在等待未完成的任务....
[ 64%] [32m[1mLinking CXX executable vehicle_gps_position_listener[0m
[ 64%] Built target vehicle_gps_position_listener
make: *** [Makefile:141：all] 错误 2
