[0.022s] Invoking command in '/home/a/ros2_ws/build/px4_ros_com': CMAKE_PREFIX_PATH=/home/a/ros2_ws/install/px4_msgs:/home/a/ros2_ws/install/px4_ros_com:/home/a/ros2_ws/install/my_uav:/opt/ros/galactic LD_LIBRARY_PATH=/home/a/ros2_ws/install/px4_msgs/lib:/home/a/ros2_ws/install/px4_ros_com/lib:/usr/lib/x86_64-linux-gnu/gazebo-11/plugins:/opt/ros/galactic/opt/yaml_cpp_vendor/lib:/opt/ros/galactic/opt/rviz_ogre_vendor/lib:/opt/ros/galactic/lib/x86_64-linux-gnu:/opt/ros/galactic/lib:/home/a/PX4-Autopilot/build/px4_sitl_default/build_gazebo-classic /usr/bin/cmake --build /home/a/ros2_ws/build/px4_ros_com -- -j2 -l2
[0.106s] [  7%] Built target my_uav_node
[0.113s] [ 14%] Built target offboard_control_mode
[0.128s] [35m[1mScanning dependencies of target commander[0m
[0.144s] [ 21%] Built target frame_transforms
[0.184s] [ 25%] [32mBuilding CXX object CMakeFiles/commander.dir/src/examples/offboard/commander.cpp.o[0m
[0.184s] [ 32%] Built target offboard_control
[0.226s] [ 39%] Built target arm
[0.276s] [ 46%] Built target sensor_combined_listener
[0.309s] [ 53%] Built target vehicle_gps_position_listener
[0.353s] [ 60%] Built target debug_vect_advertiser
[0.395s] [ 67%] Built target trajectory_setpoint
[0.437s] [ 75%] Built target vel_yaw
[0.471s] [ 82%] Built target vehicle_attitude_listener
[0.504s] [ 85%] [32mBuilding CXX object CMakeFiles/rates_setpoint.dir/src/examples/offboard/rates_setpoint.cpp.o[0m
[2.937s] [01m[K/home/a/ros2_ws/src/px4_ros_com/src/examples/offboard/commander.cpp:141:42:[m[K [01;31m[Kerror: [m[Kexpected â€˜[01m[K,[m[Kâ€™ or â€˜[01m[K...[m[Kâ€™ before â€˜[01m[Kconst[m[Kâ€™
[2.937s]   141 |  const float param3,  const float param4 [01;31m[Kconst[m[K double param5,
[2.938s]       |                                          [01;31m[K^~~~~[m[K
[2.938s] [01m[K/home/a/ros2_ws/src/px4_ros_com/src/examples/offboard/commander.cpp:140:6:[m[K [01;31m[Kerror: [m[Kno declaration matches â€˜[01m[Kvoid commander::send_vehicle_command(uint32_t, float, float, float, float)[m[Kâ€™
[2.938s]   140 | void [01;31m[Kcommander[m[K::send_vehicle_command(const uint32_t cmd, const float param1, const float param2,
[2.938s]       |      [01;31m[K^~~~~~~~~[m[K
[2.938s] [01m[K/home/a/ros2_ws/src/px4_ros_com/src/examples/offboard/commander.cpp:123:7:[m[K [01;36m[Knote: [m[Kcandidate is: â€˜[01m[Kvoid commander::send_vehicle_command(uint32_t, float, float, float, float, double, double, float)[m[Kâ€™
[2.938s]   123 |  void [01;36m[Ksend_vehicle_command[m[K(const uint32_t cmd, const float param1 = NAN, const float param2 = NAN,
[2.938s]       |       [01;36m[K^~~~~~~~~~~~~~~~~~~~[m[K
[2.938s] [01m[K/home/a/ros2_ws/src/px4_ros_com/src/examples/offboard/commander.cpp:46:7:[m[K [01;36m[Knote: [m[Kâ€˜[01m[Kclass commander[m[Kâ€™ defined here
[2.939s]    46 | class [01;36m[Kcommander[m[K : public rclcpp::Node
[2.939s]       |       [01;36m[K^~~~~~~~~[m[K
[3.193s] [01m[K/home/a/ros2_ws/src/px4_ros_com/src/examples/offboard/rates_setpoint.cpp:[m[K In constructor â€˜[01m[KVehicle_RatesSetpoint::Vehicle_RatesSetpoint()[m[Kâ€™:
[3.194s] [01m[K/home/a/ros2_ws/src/px4_ros_com/src/examples/offboard/rates_setpoint.cpp:61:18:[m[K [01;31m[Kerror: [m[Kexpected â€˜[01m[K;[m[Kâ€™ before â€˜[01m[Kmsg[m[Kâ€™
[3.194s]    61 |   msg.roll = roll
[3.194s]       |                  [01;31m[K^[m[K
[3.194s]       |                  [32m[K;[m[K
[3.194s]    62 |   [32m[Kmsg[m[K.pitch = pitch
[3.194s]       |   [32m[K~~~[m[K             
[4.070s] make[2]: *** [CMakeFiles/commander.dir/build.make:63ï¼šCMakeFiles/commander.dir/src/examples/offboard/commander.cpp.o] é”™è¯¯ 1
[4.071s] make[1]: *** [CMakeFiles/Makefile2:158ï¼šCMakeFiles/commander.dir/all] é”™è¯¯ 2
[4.071s] make[1]: *** æ­£åœ¨ç­‰å¾…æœªå®Œæˆçš„ä»»åŠ¡....
[4.244s] make[2]: *** [CMakeFiles/rates_setpoint.dir/build.make:63ï¼šCMakeFiles/rates_setpoint.dir/src/examples/offboard/rates_setpoint.cpp.o] é”™è¯¯ 1
[4.244s] make[1]: *** [CMakeFiles/Makefile2:482ï¼šCMakeFiles/rates_setpoint.dir/all] é”™è¯¯ 2
[4.244s] make: *** [Makefile:141ï¼šall] é”™è¯¯ 2
[4.248s] Invoked command in '/home/a/ros2_ws/build/px4_ros_com' returned '2': CMAKE_PREFIX_PATH=/home/a/ros2_ws/install/px4_msgs:/home/a/ros2_ws/install/px4_ros_com:/home/a/ros2_ws/install/my_uav:/opt/ros/galactic LD_LIBRARY_PATH=/home/a/ros2_ws/install/px4_msgs/lib:/home/a/ros2_ws/install/px4_ros_com/lib:/usr/lib/x86_64-linux-gnu/gazebo-11/plugins:/opt/ros/galactic/opt/yaml_cpp_vendor/lib:/opt/ros/galactic/opt/rviz_ogre_vendor/lib:/opt/ros/galactic/lib/x86_64-linux-gnu:/opt/ros/galactic/lib:/home/a/PX4-Autopilot/build/px4_sitl_default/build_gazebo-classic /usr/bin/cmake --build /home/a/ros2_ws/build/px4_ros_com -- -j2 -l2
