[0.018s] Invoking command in '/home/a/ros2_ws/build/px4_ros_com': CMAKE_PREFIX_PATH=/home/a/ros2_ws/install/px4_msgs:/home/a/ros2_ws/install/px4_ros_com:/home/a/ros2_ws/install/my_uav:/opt/ros/galactic LD_LIBRARY_PATH=/home/a/ros2_ws/install/px4_msgs/lib:/home/a/ros2_ws/install/px4_ros_com/lib:/usr/lib/x86_64-linux-gnu/gazebo-11/plugins:/opt/ros/galactic/opt/yaml_cpp_vendor/lib:/opt/ros/galactic/opt/rviz_ogre_vendor/lib:/opt/ros/galactic/lib/x86_64-linux-gnu:/opt/ros/galactic/lib:/home/a/PX4-Autopilot/build/px4_sitl_default/build_gazebo-classic /usr/bin/cmake --build /home/a/ros2_ws/build/px4_ros_com -- -j2 -l2
[0.079s] [  7%] Built target my_uav_node
[0.084s] [ 14%] Built target offboard_control_mode
[0.115s] [ 21%] Built target commander
[0.115s] [ 28%] Built target frame_transforms
[0.131s] [35m[1mScanning dependencies of target offboard_control[0m
[0.149s] [ 35%] Built target arm
[0.161s] [ 39%] [32mBuilding CXX object CMakeFiles/offboard_control.dir/src/examples/offboard/offboard_control.cpp.o[0m
[0.179s] [ 46%] Built target sensor_combined_listener
[0.213s] [ 53%] Built target vehicle_gps_position_listener
[0.246s] [ 60%] Built target debug_vect_advertiser
[0.283s] [ 67%] Built target trajectory_setpoint
[0.317s] [ 75%] Built target vel_yaw
[0.348s] [ 82%] Built target vehicle_attitude_listener
[0.381s] [ 89%] Built target rates_setpoint
[0.412s] [ 96%] Built target offboard_position_control
[2.150s] [01m[K/home/a/ros2_ws/src/px4_ros_com/src/examples/offboard/offboard_control.cpp:[m[K In member function â€˜[01m[Kvoid OffboardControl::publish_vehicle_command(uint16_t, float, float)[m[Kâ€™:
[2.150s] [01m[K/home/a/ros2_ws/src/px4_ros_com/src/examples/offboard/offboard_control.cpp:157:38:[m[K [01;31m[Kerror: [m[Kâ€˜[01m[KVehicleStatus[m[Kâ€™ is not a member of â€˜[01m[Kpx4_msgs::msg[m[Kâ€™
[2.150s]   157 |  rclcpp::Subscription<px4_msgs::msg::[01;31m[KVehicleStatus[m[K>::SharedPtr subscription_;
[2.150s]       |                                      [01;31m[K^~~~~~~~~~~~~[m[K
[2.150s] [01m[K/home/a/ros2_ws/src/px4_ros_com/src/examples/offboard/offboard_control.cpp:157:51:[m[K [01;31m[Kerror: [m[Ktemplate argument 1 is invalid
[2.151s]   157 |  rclcpp::Subscription<px4_msgs::msg::VehicleStatus[01;31m[K>[m[K::SharedPtr subscription_;
[2.151s]       |                                                   [01;31m[K^[m[K
[2.151s] [01m[K/home/a/ros2_ws/src/px4_ros_com/src/examples/offboard/offboard_control.cpp:157:51:[m[K [01;31m[Kerror: [m[Ktemplate argument 3 is invalid
[2.151s] [01m[K/home/a/ros2_ws/src/px4_ros_com/src/examples/offboard/offboard_control.cpp:157:64:[m[K [01;31m[Kerror: [m[Kexpected initializer before â€˜[01m[Ksubscription_[m[Kâ€™
[2.151s]   157 |  rclcpp::Subscription<px4_msgs::msg::VehicleStatus>::SharedPtr [01;31m[Ksubscription_[m[K;
[2.151s]       |                                                                [01;31m[K^~~~~~~~~~~~~[m[K
[2.153s] [01m[K/home/a/ros2_ws/src/px4_ros_com/src/examples/offboard/offboard_control.cpp:160:2:[m[K [01;31m[Kerror: [m[Kâ€˜[01m[Ksubscription_[m[Kâ€™ was not declared in this scope; did you mean â€˜[01m[Krcl_subscription_t[m[Kâ€™?
[2.153s]   160 |  [01;31m[Ksubscription_[m[K = this->create_subscription<px4_msgs::msg::VehicleStatus>("/px4_1/fmu/out/vehicle_status", qos,
[2.154s]       |  [01;31m[K^~~~~~~~~~~~~[m[K
[2.154s]       |  [32m[Krcl_subscription_t[m[K
[2.155s] [01m[K/home/a/ros2_ws/src/px4_ros_com/src/examples/offboard/offboard_control.cpp:160:59:[m[K [01;31m[Kerror: [m[Kâ€˜[01m[KVehicleStatus[m[Kâ€™ is not a member of â€˜[01m[Kpx4_msgs::msg[m[Kâ€™
[2.155s]   160 |  subscription_ = this->create_subscription<px4_msgs::msg::[01;31m[KVehicleStatus[m[K>("/px4_1/fmu/out/vehicle_status", qos,
[2.155s]       |                                                           [01;31m[K^~~~~~~~~~~~~[m[K
[2.156s] [01m[K/home/a/ros2_ws/src/px4_ros_com/src/examples/offboard/offboard_control.cpp:161:10:[m[K [01;31m[Kerror: [m[Kâ€˜[01m[Kvcmd[m[Kâ€™ was not declared in this scope
[2.156s]   161 |  [this, &[01;31m[Kvcmd[m[K](const px4_msgs::msg::VehicleStatus::UniquePtr msg) {
[2.156s]       |          [01;31m[K^~~~[m[K
[2.156s] [01m[K/home/a/ros2_ws/src/px4_ros_com/src/examples/offboard/offboard_control.cpp:161:37:[m[K [01;31m[Kerror: [m[Kâ€˜[01m[KVehicleStatus[m[Kâ€™ in namespace â€˜[01m[Kpx4_msgs::msg[m[Kâ€™ does not name a type
[2.156s]   161 |  [this, &vcmd](const px4_msgs::msg::[01;31m[KVehicleStatus[m[K::UniquePtr msg) {
[2.157s]       |                                     [01;31m[K^~~~~~~~~~~~~[m[K
[2.157s] [01m[K/home/a/ros2_ws/src/px4_ros_com/src/examples/offboard/offboard_control.cpp:[m[K In lambda function:
[2.157s] [01m[K/home/a/ros2_ws/src/px4_ros_com/src/examples/offboard/offboard_control.cpp:166:4:[m[K [01;31m[Kerror: [m[Kexpected â€˜[01m[K{[m[Kâ€™ before â€˜[01m[K;[m[Kâ€™ token
[2.157s]   166 |  })[01;31m[K;[m[K
[2.157s]       |    [01;31m[K^[m[K
[2.157s] [01m[K/home/a/ros2_ws/src/px4_ros_com/src/examples/offboard/offboard_control.cpp:[m[K In member function â€˜[01m[Kvoid OffboardControl::publish_vehicle_command(uint16_t, float, float)[m[Kâ€™:
[2.157s] [01m[K/home/a/ros2_ws/src/px4_ros_com/src/examples/offboard/offboard_control.cpp:166:4:[m[K [01;31m[Kerror: [m[Kexpected â€˜[01m[K)[m[Kâ€™ before â€˜[01m[K;[m[Kâ€™ token
[2.157s]   166 |  })[01;31m[K;[m[K
[2.157s]       |    [01;31m[K^[m[K
[2.157s]       |    [32m[K)[m[K
[2.157s] [01m[K/home/a/ros2_ws/src/px4_ros_com/src/examples/offboard/offboard_control.cpp:160:73:[m[K [01;36m[Knote: [m[Kto match this â€˜[01m[K([m[Kâ€™
[2.157s]   160 | n_ = this->create_subscription<px4_msgs::msg::VehicleStatus>[01;36m[K([m[K"/px4_1/fmu/out/vehicle_status", qos,
[2.157s]       |                                                             [01;36m[K^[m[K
[2.157s] 
[3.403s] make[2]: *** [CMakeFiles/offboard_control.dir/build.make:63ï¼šCMakeFiles/offboard_control.dir/src/examples/offboard/offboard_control.cpp.o] é”™è¯¯ 1
[3.403s] make[1]: *** [CMakeFiles/Makefile2:266ï¼šCMakeFiles/offboard_control.dir/all] é”™è¯¯ 2
[3.403s] make: *** [Makefile:141ï¼šall] é”™è¯¯ 2
[3.405s] Invoked command in '/home/a/ros2_ws/build/px4_ros_com' returned '2': CMAKE_PREFIX_PATH=/home/a/ros2_ws/install/px4_msgs:/home/a/ros2_ws/install/px4_ros_com:/home/a/ros2_ws/install/my_uav:/opt/ros/galactic LD_LIBRARY_PATH=/home/a/ros2_ws/install/px4_msgs/lib:/home/a/ros2_ws/install/px4_ros_com/lib:/usr/lib/x86_64-linux-gnu/gazebo-11/plugins:/opt/ros/galactic/opt/yaml_cpp_vendor/lib:/opt/ros/galactic/opt/rviz_ogre_vendor/lib:/opt/ros/galactic/lib/x86_64-linux-gnu:/opt/ros/galactic/lib:/home/a/PX4-Autopilot/build/px4_sitl_default/build_gazebo-classic /usr/bin/cmake --build /home/a/ros2_ws/build/px4_ros_com -- -j2 -l2
