[01m[K/home/a/ros2_ws/src/px4_ros_com/src/examples/offboard/point.cpp:[m[K In lambda function:
[01m[K/home/a/ros2_ws/src/px4_ros_com/src/examples/offboard/point.cpp:43:36:[m[K [01;31m[Kerror: [m[Kâ€˜[01m[Ky[m[Kâ€™ was not declared in this scope; did you mean â€˜[01m[Kyn[m[Kâ€™?
   43 |    publish_trajectory_setpoint2(x1,[01;31m[Ky[m[K,z);
      |                                    [01;31m[K^[m[K
      |                                    [32m[Kyn[m[K
[01m[K/home/a/ros2_ws/src/px4_ros_com/src/examples/offboard/point.cpp:43:38:[m[K [01;31m[Kerror: [m[Kâ€˜[01m[Kz[m[Kâ€™ was not declared in this scope
   43 |    publish_trajectory_setpoint2(x1,y,[01;31m[Kz[m[K);
      |                                      [01;31m[K^[m[K
make[2]: *** [CMakeFiles/point.dir/build.make:63ï¼šCMakeFiles/point.dir/src/examples/offboard/point.cpp.o] é”™è¯¯ 1
make[1]: *** [CMakeFiles/Makefile2:434ï¼šCMakeFiles/point.dir/all] é”™è¯¯ 2
make: *** [Makefile:141ï¼šall] é”™è¯¯ 2
