[  5%] Built target my_uav_node
[ 11%] Built target offboard_control_mode
[ 17%] Built target commander
[ 23%] Built target arm
[ 29%] Built target offboard_position_control
[ 35%] Built target rates_setpoint
[ 41%] Built target frame_transforms
[ 47%] Built target sensor_combined_listener
[ 52%] Built target vehicle_gps_position_listener
[ 58%] Built target debug_vect_advertiser
[35m[1mScanning dependencies of target point[0m
[ 64%] Built target trajectory_setpoint
[ 67%] [32mBuilding CXX object CMakeFiles/point.dir/src/examples/offboard/point.cpp.o[0m
[ 73%] Built target vel_yaw
[ 79%] Built target vehicle_attitude_listener
[ 85%] Built target vehicle_status
[ 91%] Built target offboard_control
[ 97%] Built target param_test
[01m[K/home/a/ros2_ws/src/px4_ros_com/src/examples/offboard/point.cpp:[m[K In lambda function:
[01m[K/home/a/ros2_ws/src/px4_ros_com/src/examples/offboard/point.cpp:43:36:[m[K [01;31m[Kerror: [m[Kâ€˜[01m[Ky[m[Kâ€™ was not declared in this scope; did you mean â€˜[01m[Kyn[m[Kâ€™?
   43 |    publish_trajectory_setpoint2(x1,[01;31m[Ky[m[K,z);
      |                                    [01;31m[K^[m[K
      |                                    [32m[Kyn[m[K
[01m[K/home/a/ros2_ws/src/px4_ros_com/src/examples/offboard/point.cpp:43:38:[m[K [01;31m[Kerror: [m[Kâ€˜[01m[Kz[m[Kâ€™ was not declared in this scope
   43 |    publish_trajectory_setpoint2(x1,y,[01;31m[Kz[m[K);
      |                                      [01;31m[K^[m[K
make[2]: *** [CMakeFiles/point.dir/build.make:63ï¼šCMakeFiles/point.dir/src/examples/offboard/point.cpp.o] é”™è¯¯ 1
make[1]: *** [CMakeFiles/Makefile2:434ï¼šCMakeFiles/point.dir/all] é”™è¯¯ 2
make: *** [Makefile:141ï¼šall] é”™è¯¯ 2
