[0.018s] Invoking command in '/home/a/ros2_ws/build/px4_ros_com': CMAKE_PREFIX_PATH=/home/a/ros2_ws/install/px4_msgs:/home/a/ros2_ws/install/px4_ros_com:/home/a/ros2_ws/install/my_uav:/opt/ros/galactic LD_LIBRARY_PATH=/home/a/ros2_ws/install/px4_msgs/lib:/home/a/ros2_ws/install/px4_ros_com/lib:/usr/lib/x86_64-linux-gnu/gazebo-11/plugins:/opt/ros/galactic/opt/yaml_cpp_vendor/lib:/opt/ros/galactic/opt/rviz_ogre_vendor/lib:/opt/ros/galactic/lib/x86_64-linux-gnu:/opt/ros/galactic/lib:/home/a/PX4-Autopilot/build/px4_sitl_default/build_gazebo-classic /usr/bin/cmake --build /home/a/ros2_ws/build/px4_ros_com -- -j2 -l2
[0.080s] [  5%] Built target my_uav_node
[0.084s] [ 11%] Built target offboard_control_mode
[0.114s] [ 17%] Built target commander
[0.120s] [ 23%] Built target arm
[0.148s] [ 29%] Built target offboard_position_control
[0.151s] [ 35%] Built target rates_setpoint
[0.178s] [ 41%] Built target frame_transforms
[0.185s] [ 47%] Built target sensor_combined_listener
[0.213s] [ 52%] Built target vehicle_gps_position_listener
[0.220s] [ 58%] Built target debug_vect_advertiser
[0.228s] [35m[1mScanning dependencies of target point[0m
[0.253s] [ 64%] Built target trajectory_setpoint
[0.257s] [ 67%] [32mBuilding CXX object CMakeFiles/point.dir/src/examples/offboard/point.cpp.o[0m
[0.283s] [ 73%] Built target vel_yaw
[0.313s] [ 79%] Built target vehicle_attitude_listener
[0.345s] [ 85%] Built target vehicle_status
[0.379s] [ 91%] Built target offboard_control
[0.408s] [ 97%] Built target param_test
[2.068s] [01m[K/home/a/ros2_ws/src/px4_ros_com/src/examples/offboard/point.cpp:[m[K In lambda function:
[2.068s] [01m[K/home/a/ros2_ws/src/px4_ros_com/src/examples/offboard/point.cpp:43:36:[m[K [01;31m[Kerror: [m[Kâ€˜[01m[Ky[m[Kâ€™ was not declared in this scope; did you mean â€˜[01m[Kyn[m[Kâ€™?
[2.068s]    43 |    publish_trajectory_setpoint2(x1,[01;31m[Ky[m[K,z);
[2.068s]       |                                    [01;31m[K^[m[K
[2.068s]       |                                    [32m[Kyn[m[K
[2.070s] [01m[K/home/a/ros2_ws/src/px4_ros_com/src/examples/offboard/point.cpp:43:38:[m[K [01;31m[Kerror: [m[Kâ€˜[01m[Kz[m[Kâ€™ was not declared in this scope
[2.070s]    43 |    publish_trajectory_setpoint2(x1,y,[01;31m[Kz[m[K);
[2.070s]       |                                      [01;31m[K^[m[K
[2.828s] make[2]: *** [CMakeFiles/point.dir/build.make:63ï¼šCMakeFiles/point.dir/src/examples/offboard/point.cpp.o] é”™è¯¯ 1
[2.828s] make[1]: *** [CMakeFiles/Makefile2:434ï¼šCMakeFiles/point.dir/all] é”™è¯¯ 2
[2.828s] make: *** [Makefile:141ï¼šall] é”™è¯¯ 2
[2.832s] Invoked command in '/home/a/ros2_ws/build/px4_ros_com' returned '2': CMAKE_PREFIX_PATH=/home/a/ros2_ws/install/px4_msgs:/home/a/ros2_ws/install/px4_ros_com:/home/a/ros2_ws/install/my_uav:/opt/ros/galactic LD_LIBRARY_PATH=/home/a/ros2_ws/install/px4_msgs/lib:/home/a/ros2_ws/install/px4_ros_com/lib:/usr/lib/x86_64-linux-gnu/gazebo-11/plugins:/opt/ros/galactic/opt/yaml_cpp_vendor/lib:/opt/ros/galactic/opt/rviz_ogre_vendor/lib:/opt/ros/galactic/lib/x86_64-linux-gnu:/opt/ros/galactic/lib:/home/a/PX4-Autopilot/build/px4_sitl_default/build_gazebo-classic /usr/bin/cmake --build /home/a/ros2_ws/build/px4_ros_com -- -j2 -l2
