[0.014s] Invoking command in '/home/a/uav/build/my_uav': CMAKE_PREFIX_PATH=${CMAKE_PREFIX_PATH}:/opt/ros/galactic /usr/bin/cmake --build /home/a/uav/build/my_uav -- -j2 -l2
[0.078s] [ 10%] Built target uav_control_node
[0.085s] [ 15%] [32mBuilding CXX object CMakeFiles/image_sub.dir/src/image_sub.cpp.o[0m
[0.119s] [ 25%] Built target internlm_m_node
[0.156s] [ 35%] Built target internvl
[0.192s] [ 45%] Built target internlm_m_listener
[0.236s] [ 55%] Built target internvl_listener
[0.269s] [ 60%] [32mBuilding CXX object CMakeFiles/gps_sub.dir/src/gps_sub.cpp.o[0m
[3.389s] [01m[K/home/a/uav/src/my_uav/src/gps_sub.cpp:102:38:[m[K [01;31m[Kerror: [m[Kâ€˜[01m[KSensorGps[m[Kâ€™ is not a member of â€˜[01m[Kpx4_msgs::msg[m[Kâ€™
[3.389s]   102 |  rclcpp::Subscription<px4_msgs::msg::[01;31m[KSensorGps[m[K>::SharedPtr sensor_sub_;
[3.389s]       |                                      [01;31m[K^~~~~~~~~[m[K
[3.389s] [01m[K/home/a/uav/src/my_uav/src/gps_sub.cpp:102:47:[m[K [01;31m[Kerror: [m[Ktemplate argument 1 is invalid
[3.390s]   102 |  rclcpp::Subscription<px4_msgs::msg::SensorGps[01;31m[K>[m[K::SharedPtr sensor_sub_;
[3.390s]       |                                               [01;31m[K^[m[K
[3.390s] [01m[K/home/a/uav/src/my_uav/src/gps_sub.cpp:102:47:[m[K [01;31m[Kerror: [m[Ktemplate argument 3 is invalid
[3.390s] [01m[K/home/a/uav/src/my_uav/src/gps_sub.cpp:102:50:[m[K [01;31m[Kerror: [m[Kexpected â€˜[01m[K;[m[Kâ€™ at end of member declaration
[3.390s]   102 |  rclcpp::Subscription<px4_msgs::msg::SensorGps>::[01;31m[KSharedPtr[m[K sensor_sub_;
[3.390s]       |                                                  [01;31m[K^~~~~~~~~[m[K
[3.390s]       |                                                           [32m[K;[m[K
[3.396s] [01m[K/home/a/uav/src/my_uav/src/gps_sub.cpp:102:60:[m[K [01;31m[Kerror: [m[Kâ€˜[01m[Ksensor_sub_[m[Kâ€™ does not name a type
[3.397s]   102 |  rclcpp::Subscription<px4_msgs::msg::SensorGps>::SharedPtr [01;31m[Ksensor_sub_[m[K;
[3.397s]       |                                                            [01;31m[K^~~~~~~~~~~[m[K
[3.397s] [01m[K/home/a/uav/src/my_uav/src/gps_sub.cpp:107:44:[m[K [01;31m[Kerror: [m[Kâ€˜[01m[KSensorGPS[m[Kâ€™ in namespace â€˜[01m[Kpx4_msgs::msg[m[Kâ€™ does not name a type
[3.397s]   107 |  void sensor_callback(const px4_msgs::msg::[01;31m[KSensorGPS[m[K::SharedPtr msg)
[3.397s]       |                                            [01;31m[K^~~~~~~~~[m[K
[3.397s] [01m[K/home/a/uav/src/my_uav/src/gps_sub.cpp:107:65:[m[K [01;31m[Kerror: [m[Kexpected unqualified-id before â€˜[01m[Kmsg[m[Kâ€™
[3.397s]   107 |  void sensor_callback(const px4_msgs::msg::SensorGPS::SharedPtr [01;31m[Kmsg[m[K)
[3.397s]       |                                                                 [01;31m[K^~~[m[K
[3.397s] [01m[K/home/a/uav/src/my_uav/src/gps_sub.cpp:107:64:[m[K [01;31m[Kerror: [m[Kexpected â€˜[01m[K)[m[Kâ€™ before â€˜[01m[Kmsg[m[Kâ€™
[3.398s]   107 |  void sensor_callback[34m[K([m[Kconst px4_msgs::msg::SensorGPS::SharedPtr[01;31m[K [m[K[32m[Kmsg[m[K)
[3.398s]       |                      [34m[K~[m[K                                         [01;31m[K^[m[K[32m[K~~~[m[K
[3.398s]       |                                                                [32m[K)[m[K
[3.398s] [01m[K/home/a/uav/src/my_uav/src/gps_sub.cpp:107:55:[m[K [01;31m[Kerror: [m[Kexpected â€˜[01m[K;[m[Kâ€™ at end of member declaration
[3.398s]   107 |  void sensor_callback(const px4_msgs::msg::SensorGPS::[01;31m[KSharedPtr[m[K msg)
[3.398s]       |                                                       [01;31m[K^~~~~~~~~[m[K
[3.398s]       |                                                                [32m[K;[m[K
[3.400s] [01m[K/home/a/uav/src/my_uav/src/gps_sub.cpp:107:65:[m[K [01;31m[Kerror: [m[Kâ€˜[01m[Kmsg[m[Kâ€™ does not name a type
[3.401s]   107 |  void sensor_callback(const px4_msgs::msg::SensorGPS::SharedPtr [01;31m[Kmsg[m[K)
[3.401s]       |                                                                 [01;31m[K^~~[m[K
[3.412s] [01m[K/home/a/uav/src/my_uav/src/gps_sub.cpp:[m[K In constructor â€˜[01m[Kgps_sub::gps_sub()[m[Kâ€™:
[3.413s] [01m[K/home/a/uav/src/my_uav/src/gps_sub.cpp:41:3:[m[K [01;31m[Kerror: [m[Kâ€˜[01m[Ksensor_sub_[m[Kâ€™ was not declared in this scope
[3.413s]    41 |   [01;31m[Ksensor_sub_[m[K = this->create_subscription<px4_msgs::msg::SensorGps>("/fmu/out/vehicle_gps_position", qos, std::bind(&InternvlNode::sensor_callback, this, std::placeholders::_1));
[3.413s]       |   [01;31m[K^~~~~~~~~~~[m[K
[3.415s] [01m[K/home/a/uav/src/my_uav/src/gps_sub.cpp:41:58:[m[K [01;31m[Kerror: [m[Kâ€˜[01m[KSensorGps[m[Kâ€™ is not a member of â€˜[01m[Kpx4_msgs::msg[m[Kâ€™
[3.415s]    41 |   sensor_sub_ = this->create_subscription<px4_msgs::msg::[01;31m[KSensorGps[m[K>("/fmu/out/vehicle_gps_position", qos, std::bind(&InternvlNode::sensor_callback, this, std::placeholders::_1));
[3.415s]       |                                                          [01;31m[K^~~~~~~~~[m[K
[3.415s] [01m[K/home/a/uav/src/my_uav/src/gps_sub.cpp:41:118:[m[K [01;31m[Kerror: [m[Kâ€˜[01m[KInternvlNode[m[Kâ€™ has not been declared
[3.415s]    41 |   sensor_sub_ = this->create_subscription<px4_msgs::msg::SensorGps>("/fmu/out/vehicle_gps_position", qos, std::bind(&[01;31m[KInternvlNode[m[K::sensor_callback, this, std::placeholders::_1));
[3.415s]       |                                                                                                                      [01;31m[K^~~~~~~~~~~~[m[K
[4.241s] [01m[K/home/a/uav/src/my_uav/src/image_sub.cpp:[m[K In constructor â€˜[01m[Kimage_sub::image_sub()[m[Kâ€™:
[4.241s] [01m[K/home/a/uav/src/my_uav/src/image_sub.cpp:40:118:[m[K [01;31m[Kerror: [m[Kâ€˜[01m[KInternvlNode[m[Kâ€™ has not been declared
[4.241s]    40 | sg::Image>("/ired/ired_cam/ired1/image_raw", qos, std::bind(&[01;31m[KInternvlNode[m[K::image_callback, this, std::placeholders::_1));
[4.241s]       |                                                              [01;31m[K^~~~~~~~~~~~[m[K
[4.241s] 
[5.099s] make[2]: *** [CMakeFiles/gps_sub.dir/build.make:63ï¼šCMakeFiles/gps_sub.dir/src/gps_sub.cpp.o] é”™è¯¯ 1
[5.099s] make[1]: *** [CMakeFiles/Makefile2:312ï¼šCMakeFiles/gps_sub.dir/all] é”™è¯¯ 2
[5.099s] make[1]: *** æ­£åœ¨ç­‰å¾…æœªå®Œæˆçš„ä»»åŠ¡....
[6.499s] make[2]: *** [CMakeFiles/image_sub.dir/build.make:63ï¼šCMakeFiles/image_sub.dir/src/image_sub.cpp.o] é”™è¯¯ 1
[6.499s] make[1]: *** [CMakeFiles/Makefile2:96ï¼šCMakeFiles/image_sub.dir/all] é”™è¯¯ 2
[6.499s] make: *** [Makefile:141ï¼šall] é”™è¯¯ 2
[6.501s] Invoked command in '/home/a/uav/build/my_uav' returned '2': CMAKE_PREFIX_PATH=${CMAKE_PREFIX_PATH}:/opt/ros/galactic /usr/bin/cmake --build /home/a/uav/build/my_uav -- -j2 -l2
