[0.015s] Invoking command in '/home/a/uav/build/my_uav': CMAKE_PREFIX_PATH=${CMAKE_PREFIX_PATH}:/opt/ros/galactic /usr/bin/cmake --build /home/a/uav/build/my_uav -- -j2 -l2
[0.072s] [ 14%] Built target uav_control_node
[0.076s] [ 28%] Built target internlm_m_node
[0.101s] [ 42%] Built target internvl
[0.108s] [ 57%] Built target internlm_m_listener
[0.115s] [35m[1mScanning dependencies of target internvl_listener[0m
[0.141s] [ 71%] Built target camera_listener
[0.170s] [ 85%] Built target ray_listener
[0.180s] [ 92%] [32mBuilding CXX object CMakeFiles/internvl_listener.dir/src/internvl_listener.cpp.o[0m
[3.084s] [01m[K/home/a/uav/src/my_uav/src/internvl_listener.cpp:116:41:[m[K [01;31m[Kerror: [m[K‘[01m[KImu[m[K’ is not a member of ‘[01m[Ksensor_msgs::msg[m[K’
[3.085s]   116 |  rclcpp::Subscription<sensor_msgs::msg::[01;31m[KImu[m[K>::SharedPtr sensor_sub_;
[3.085s]       |                                         [01;31m[K^~~[m[K
[3.085s] [01m[K/home/a/uav/src/my_uav/src/internvl_listener.cpp:116:44:[m[K [01;31m[Kerror: [m[Ktemplate argument 1 is invalid
[3.085s]   116 |  rclcpp::Subscription<sensor_msgs::msg::Imu[01;31m[K>[m[K::SharedPtr sensor_sub_;
[3.085s]       |                                            [01;31m[K^[m[K
[3.085s] [01m[K/home/a/uav/src/my_uav/src/internvl_listener.cpp:116:44:[m[K [01;31m[Kerror: [m[Ktemplate argument 3 is invalid
[3.085s] [01m[K/home/a/uav/src/my_uav/src/internvl_listener.cpp:116:47:[m[K [01;31m[Kerror: [m[Kexpected ‘[01m[K;[m[K’ at end of member declaration
[3.085s]   116 |  rclcpp::Subscription<sensor_msgs::msg::Imu>::[01;31m[KSharedPtr[m[K sensor_sub_;
[3.085s]       |                                               [01;31m[K^~~~~~~~~[m[K
[3.085s]       |                                                        [32m[K;[m[K
[3.090s] [01m[K/home/a/uav/src/my_uav/src/internvl_listener.cpp:116:57:[m[K [01;31m[Kerror: [m[K‘[01m[Ksensor_sub_[m[K’ does not name a type
[3.090s]   116 |  rclcpp::Subscription<sensor_msgs::msg::Imu>::SharedPtr [01;31m[Ksensor_sub_[m[K;
[3.090s]       |                                                         [01;31m[K^~~~~~~~~~~[m[K
[3.149s] [01m[K/home/a/uav/src/my_uav/src/internvl_listener.cpp:[m[K In constructor ‘[01m[KInternvlNode::InternvlNode()[m[K’:
[3.149s] [01m[K/home/a/uav/src/my_uav/src/internvl_listener.cpp:45:3:[m[K [01;31m[Kerror: [m[K‘[01m[Ksensor_sub_[m[K’ was not declared in this scope
[3.149s]    45 |   [01;31m[Ksensor_sub_[m[K = this->create_subscription<px4_msgs::msg::SensorCombined>("/fmu/out/sensor_combined", qos, std::bind(&InternvlNode::sensor_callback, this, std::placeholders::_1));
[3.149s]       |   [01;31m[K^~~~~~~~~~~[m[K
[3.489s] In file included from [01m[K/opt/ros/galactic/include/rclcpp/client.hpp:40[m[K,
[3.489s]                  from [01m[K/opt/ros/galactic/include/rclcpp/callback_group.hpp:23[m[K,
[3.489s]                  from [01m[K/opt/ros/galactic/include/rclcpp/any_executable.hpp:20[m[K,
[3.490s]                  from [01m[K/opt/ros/galactic/include/rclcpp/memory_strategy.hpp:25[m[K,
[3.490s]                  from [01m[K/opt/ros/galactic/include/rclcpp/memory_strategies.hpp:18[m[K,
[3.490s]                  from [01m[K/opt/ros/galactic/include/rclcpp/executor_options.hpp:20[m[K,
[3.490s]                  from [01m[K/opt/ros/galactic/include/rclcpp/executor.hpp:36[m[K,
[3.490s]                  from [01m[K/opt/ros/galactic/include/rclcpp/executors/multi_threaded_executor.hpp:26[m[K,
[3.490s]                  from [01m[K/opt/ros/galactic/include/rclcpp/executors.hpp:21[m[K,
[3.490s]                  from [01m[K/opt/ros/galactic/include/rclcpp/rclcpp.hpp:156[m[K,
[3.490s]                  from [01m[K/home/a/uav/src/my_uav/src/internvl_listener.cpp:20[m[K:
[3.490s] [01m[K/home/a/uav/src/my_uav/src/internvl_listener.cpp:[m[K In member function ‘[01m[Kvoid InternvlNode::send_to_ai()[m[K’:
[3.490s] [01m[K/home/a/uav/src/my_uav/src/internvl_listener.cpp:110:37:[m[K [01;35m[Kwarning: [m[Kformat ‘[01m[K%d[m[K’ expects argument of type ‘[01m[Kint[m[K’, but argument 5 has type ‘[01m[Klong int[m[K’ [[01;35m[K-Wformat=[m[K]
[3.490s]   110 |    RCLCPP_ERROR(this->get_logger(), [01;35m[K"请求失败，状态码: %d, 错误信息: %s"[m[K, [32m[Kresponse.status_code[m[K, response.text.c_str());
[3.490s]       |                                     [01;35m[K^~~~~~~~~~~~~~~~~~~~~~~~~~~~~~~~~~~~~~~~~~~~~~~~[m[K  [32m[K~~~~~~~~~~~~~~~~~~~~[m[K
[3.491s]       |                                                                                                [32m[K|[m[K
[3.491s]       |                                                                                                [32m[Klong int[m[K
[3.491s] [01m[K/home/a/uav/src/my_uav/src/internvl_listener.cpp:110:65:[m[K [01;36m[Knote: [m[Kformat string is defined here
[3.491s]   110 |    RCLCPP_ERROR(this->get_logger(), "请求失败，状态码: [01;36m[K%d[m[K, 错误信息: %s", response.status_code, response.text.c_str());
[3.491s]       |                                                                [01;36m[K~^[m[K
[3.491s]       |                                                                 [01;36m[K|[m[K
[3.491s]       |                                                                 [01;36m[Kint[m[K
[3.491s]       |                                                                [32m[K%ld[m[K
[7.879s] make[2]: *** [CMakeFiles/internvl_listener.dir/build.make:63：CMakeFiles/internvl_listener.dir/src/internvl_listener.cpp.o] 错误 1
[7.879s] make[1]: *** [CMakeFiles/Makefile2:252：CMakeFiles/internvl_listener.dir/all] 错误 2
[7.881s] make: *** [Makefile:141：all] 错误 2
[7.883s] Invoked command in '/home/a/uav/build/my_uav' returned '2': CMAKE_PREFIX_PATH=${CMAKE_PREFIX_PATH}:/opt/ros/galactic /usr/bin/cmake --build /home/a/uav/build/my_uav -- -j2 -l2
