[  9%] Built target uav_control_node
[ 18%] Built target image_sub
[ 27%] Built target internlm_m_node
[ 36%] Built target internvl
[35m[1mScanning dependencies of target internvl_p[0m
[ 45%] Built target internlm_m_listener
[ 50%] [32mBuilding CXX object CMakeFiles/internvl_p.dir/src/internvl_p.cpp.o[0m
[ 59%] Built target internvl_listener
[ 68%] Built target gps_sub
[ 77%] Built target ray_sub
[ 86%] Built target camera_listener
[ 95%] Built target ray_listener
[01m[K/home/a/uav/src/my_uav/src/internvl_p.cpp:[m[K In member function â€˜[01m[Kvoid InternvlNode::send_to_ai()[m[Kâ€™:
[01m[K/home/a/uav/src/my_uav/src/internvl_p.cpp:70:41:[m[K [01;31m[Kerror: [m[Kâ€˜[01m[Kcommand[m[Kâ€™ was not declared in this scope
   70 |   std::cout << "æ‰€æœ‰æ•°æ®åˆ°é½ " << [01;31m[Kcommand[m[K << std::endl;
      |                                         [01;31m[K^~~~~~~[m[K
[01m[K/home/a/uav/src/my_uav/src/internvl_p.cpp:[m[K In member function â€˜[01m[Kvoid InternvlNode::parse_model_reply(const string&)[m[Kâ€™:
[01m[K/home/a/uav/src/my_uav/src/internvl_p.cpp:158:5:[m[K [01;31m[Kerror: [m[Kexpected initializer before â€˜[01m[Kfor[m[Kâ€™
  158 |     [01;31m[Kfor[m[K (const auto& cmd : commands) {
      |     [01;31m[K^~~[m[K
make[2]: *** [CMakeFiles/internvl_p.dir/build.make:63ï¼šCMakeFiles/internvl_p.dir/src/internvl_p.cpp.o] é”™è¯¯ 1
make[1]: *** [CMakeFiles/Makefile2:287ï¼šCMakeFiles/internvl_p.dir/all] é”™è¯¯ 2
make: *** [Makefile:141ï¼šall] é”™è¯¯ 2
