[01m[K/home/a/ros2_ws/src/px4_ros_com/src/examples/offboard/offboard_control.cpp:[m[K In constructor â€˜[01m[KOffboardControl::OffboardControl()[m[Kâ€™:
[01m[K/home/a/ros2_ws/src/px4_ros_com/src/examples/offboard/offboard_control.cpp:59:25:[m[K [01;31m[Kerror: [m[Kâ€˜[01m[Kqos[m[Kâ€™ was not declared in this scope; did you mean â€˜[01m[Kcos[m[Kâ€™?
   59 |    VehicleStatus_topic, [01;31m[Kqos[m[K,
      |                         [01;31m[K^~~[m[K
      |                         [32m[Kcos[m[K
make[2]: *** [CMakeFiles/offboard_control.dir/build.make:63ï¼šCMakeFiles/offboard_control.dir/src/examples/offboard/offboard_control.cpp.o] é”™è¯¯ 1
make[1]: *** [CMakeFiles/Makefile2:295ï¼šCMakeFiles/offboard_control.dir/all] é”™è¯¯ 2
make: *** [Makefile:141ï¼šall] é”™è¯¯ 2
