[01m[K/home/a/uav/src/my_uav/src/internvl_p.cpp:164:38:[m[K [01;31m[Kerror: [m[Kâ€˜[01m[Kstring33[m[Kâ€™ was not declared in this scope; did you mean â€˜[01m[Kstring3[m[Kâ€™?
  164 |   std::string prompt=string1+string2+[01;31m[Kstring33[m[K;
      |                                      [01;31m[K^~~~~~~~[m[K
      |                                      [32m[Kstring3[m[K
make[2]: *** [CMakeFiles/internvl_p.dir/build.make:63ï¼šCMakeFiles/internvl_p.dir/src/internvl_p.cpp.o] é”™è¯¯ 1
make[1]: *** [CMakeFiles/Makefile2:287ï¼šCMakeFiles/internvl_p.dir/all] é”™è¯¯ 2
make: *** [Makefile:141ï¼šall] é”™è¯¯ 2
